05-Nov-2023 01:37:19.178 情報 [main] org.apache.catalina.core.StandardServer.await 有効なシャットダウンコマンドがシャットダウンポート経由で受信されました。 サーバーインスタンスを停止します。
05-Nov-2023 01:37:19.222 情報 [main] org.apache.coyote.AbstractProtocol.pause ProtocolHandler ["http-nio-8080"] を一時停止します。
05-Nov-2023 01:37:19.260 情報 [main] org.apache.catalina.core.StandardService.stopInternal サービス [Catalina] を停止します
05-Nov-2023 01:37:19.488 警告 [main] org.apache.catalina.loader.WebappClassLoaderBase.clearReferencesJdbc Web アプリケーション [ProEnv] は自身で登録した JDBC ドライバー [com.mysql.cj.jdbc.Driver] を停止時に解除できませんでした。メモリーリークの発生を防ぐには JDBC ドライバーを強制的に解除してください。
05-Nov-2023 01:37:19.491 警告 [main] org.apache.catalina.loader.WebappClassLoaderBase.clearReferencesThreads Webアプリケーション [ProEnv] は [mysql-cj-abandoned-connection-cleanup] という名前のスレッドを開始したようですが、停止に失敗しました。これはメモリリークを引き起こす可能性が非常に高いです。スレッドのスタックトレース: 
 java.base@16.0.1/java.lang.Object.wait(Native Method)
 java.base@16.0.1/java.lang.ref.ReferenceQueue.remove(ReferenceQueue.java:155)
 com.mysql.cj.jdbc.AbandonedConnectionCleanupThread.run(AbandonedConnectionCleanupThread.java:91)
 java.base@16.0.1/java.util.concurrent.ThreadPoolExecutor.runWorker(ThreadPoolExecutor.java:1130)
 java.base@16.0.1/java.util.concurrent.ThreadPoolExecutor$Worker.run(ThreadPoolExecutor.java:630)
 java.base@16.0.1/java.lang.Thread.run(Thread.java:831)
05-Nov-2023 01:37:19.504 情報 [main] org.apache.coyote.AbstractProtocol.stop ProtocolHandler ["http-nio-8080"]の停止中
05-Nov-2023 01:37:19.558 情報 [main] org.apache.coyote.AbstractProtocol.destroy ProtocolHandler ["http-nio-8080"] を破棄します。
05-Nov-2023 01:37:19.898 情報 [main] org.apache.catalina.startup.VersionLoggerListener.log Serverのバージョン名:     Apache Tomcat/10.1.13
05-Nov-2023 01:37:19.964 情報 [main] org.apache.catalina.startup.VersionLoggerListener.log Server ビルド:            Aug 23 2023 21:34:59 UTC
05-Nov-2023 01:37:19.984 情報 [main] org.apache.catalina.startup.VersionLoggerListener.log サーバーのバージョン番号: 10.1.13.0
05-Nov-2023 01:37:19.984 情報 [main] org.apache.catalina.startup.VersionLoggerListener.log OS 名:                    Mac OS X
05-Nov-2023 01:37:19.984 情報 [main] org.apache.catalina.startup.VersionLoggerListener.log OS バージョン:            11.5
05-Nov-2023 01:37:19.984 情報 [main] org.apache.catalina.startup.VersionLoggerListener.log アーキテクチャ:           x86_64
05-Nov-2023 01:37:19.985 情報 [main] org.apache.catalina.startup.VersionLoggerListener.log Java Home:                /Library/Java/JavaVirtualMachines/jdk-16.0.1.jdk/Contents/Home
05-Nov-2023 01:37:19.985 情報 [main] org.apache.catalina.startup.VersionLoggerListener.log JVM バージョン:           16.0.1+9-24
05-Nov-2023 01:37:19.985 情報 [main] org.apache.catalina.startup.VersionLoggerListener.log JVM ベンダ:               Oracle Corporation
05-Nov-2023 01:37:19.985 情報 [main] org.apache.catalina.startup.VersionLoggerListener.log CATALINA_BASE:            /Users/aokihayata/aoki_app/tomcat
05-Nov-2023 01:37:19.985 情報 [main] org.apache.catalina.startup.VersionLoggerListener.log CATALINA_HOME:            /Users/aokihayata/aoki_app/tomcat
05-Nov-2023 01:37:19.987 情報 [main] org.apache.catalina.startup.VersionLoggerListener.log コマンドライン引数:       -Djava.util.logging.config.file=/Users/aokihayata/aoki_app/tomcat/conf/logging.properties
05-Nov-2023 01:37:19.987 情報 [main] org.apache.catalina.startup.VersionLoggerListener.log コマンドライン引数:       -Djava.util.logging.manager=org.apache.juli.ClassLoaderLogManager
05-Nov-2023 01:37:19.987 情報 [main] org.apache.catalina.startup.VersionLoggerListener.log コマンドライン引数:       -Djdk.tls.ephemeralDHKeySize=2048
05-Nov-2023 01:37:19.987 情報 [main] org.apache.catalina.startup.VersionLoggerListener.log コマンドライン引数:       -Djava.protocol.handler.pkgs=org.apache.catalina.webresources
05-Nov-2023 01:37:19.987 情報 [main] org.apache.catalina.startup.VersionLoggerListener.log コマンドライン引数:       -Dorg.apache.catalina.security.SecurityListener.UMASK=0027
05-Nov-2023 01:37:19.987 情報 [main] org.apache.catalina.startup.VersionLoggerListener.log コマンドライン引数:       --add-opens=java.base/java.lang=ALL-UNNAMED
05-Nov-2023 01:37:19.988 情報 [main] org.apache.catalina.startup.VersionLoggerListener.log コマンドライン引数:       --add-opens=java.base/java.io=ALL-UNNAMED
05-Nov-2023 01:37:19.988 情報 [main] org.apache.catalina.startup.VersionLoggerListener.log コマンドライン引数:       --add-opens=java.base/java.util=ALL-UNNAMED
05-Nov-2023 01:37:19.988 情報 [main] org.apache.catalina.startup.VersionLoggerListener.log コマンドライン引数:       --add-opens=java.base/java.util.concurrent=ALL-UNNAMED
05-Nov-2023 01:37:19.988 情報 [main] org.apache.catalina.startup.VersionLoggerListener.log コマンドライン引数:       --add-opens=java.rmi/sun.rmi.transport=ALL-UNNAMED
05-Nov-2023 01:37:19.988 情報 [main] org.apache.catalina.startup.VersionLoggerListener.log コマンドライン引数:       -Dcatalina.base=/Users/aokihayata/aoki_app/tomcat
05-Nov-2023 01:37:19.988 情報 [main] org.apache.catalina.startup.VersionLoggerListener.log コマンドライン引数:       -Dcatalina.home=/Users/aokihayata/aoki_app/tomcat
05-Nov-2023 01:37:19.988 情報 [main] org.apache.catalina.startup.VersionLoggerListener.log コマンドライン引数:       -Djava.io.tmpdir=/Users/aokihayata/aoki_app/tomcat/temp
05-Nov-2023 01:37:19.992 情報 [main] org.apache.catalina.core.AprLifecycleListener.lifecycleEvent 商用環境に最適な性能を発揮する APR ベースの Tomcat ネイティブライブラリが java.library.path [/Users/aokihayata/Library/Java/Extensions:/Library/Java/Extensions:/Network/Library/Java/Extensions:/System/Library/Java/Extensions:/usr/lib/java:.] に存在しません。
05-Nov-2023 01:37:20.344 情報 [main] org.apache.coyote.AbstractProtocol.init プロトコルハンドラ ["http-nio-8080"] を初期化します。
05-Nov-2023 01:37:20.379 情報 [main] org.apache.catalina.startup.Catalina.load サーバーの初期化 [728] ミリ秒
05-Nov-2023 01:37:20.430 情報 [main] org.apache.catalina.core.StandardService.startInternal サービス [Catalina] を起動します
05-Nov-2023 01:37:20.430 情報 [main] org.apache.catalina.core.StandardEngine.startInternal サーブレットエンジンの起動：[Apache Tomcat/10.1.13]
05-Nov-2023 01:37:20.439 情報 [main] org.apache.catalina.startup.HostConfig.deployDescriptor 配備記述子 [/Users/aokihayata/aoki_app/tomcat/conf/Catalina/localhost/mywork.xml] を配備します
05-Nov-2023 01:37:20.753 情報 [main] org.apache.catalina.startup.HostConfig.deployDescriptor 配備記述子 [/Users/aokihayata/aoki_app/tomcat/conf/Catalina/localhost/mywork.xml] の展開が [310] ミリ秒で完了しました
05-Nov-2023 01:37:20.753 情報 [main] org.apache.catalina.startup.HostConfig.deployDirectory Web アプリケーションディレクトリ [/Users/aokihayata/aoki_app/tomcat/webapps/ProEnv] を配備します
05-Nov-2023 01:37:21.177 情報 [main] org.apache.jasper.servlet.TldScanner.scanJars 少なくとも1つのJARでTLDをスキャンしましたが、TLDが含まれていませんでした。スキャンしたもののTLDが見つからなかったJARの完全なリストについては、このロガーのデバッグログを有効にしてください。スキャン中に不要なJARをスキップすると、起動時間とJSPのコンパイル時間が短縮されます。
05-Nov-2023 01:37:21.179 情報 [main] org.apache.catalina.startup.HostConfig.deployDirectory ディレクトリ [/Users/aokihayata/aoki_app/tomcat/webapps/ProEnv] の Web アプリケーションの配備は [426] ミリ秒で完了しました。
05-Nov-2023 01:37:21.179 情報 [main] org.apache.catalina.startup.HostConfig.deployDirectory Web アプリケーションディレクトリ [/Users/aokihayata/aoki_app/tomcat/webapps/docs] を配備します
05-Nov-2023 01:37:21.204 情報 [main] org.apache.catalina.startup.HostConfig.deployDirectory ディレクトリ [/Users/aokihayata/aoki_app/tomcat/webapps/docs] の Web アプリケーションの配備は [25] ミリ秒で完了しました。
05-Nov-2023 01:37:21.204 情報 [main] org.apache.catalina.startup.HostConfig.deployDirectory Web アプリケーションディレクトリ [/Users/aokihayata/aoki_app/tomcat/webapps/manager] を配備します
05-Nov-2023 01:37:21.236 情報 [main] org.apache.catalina.startup.HostConfig.deployDirectory ディレクトリ [/Users/aokihayata/aoki_app/tomcat/webapps/manager] の Web アプリケーションの配備は [31] ミリ秒で完了しました。
05-Nov-2023 01:37:21.236 情報 [main] org.apache.catalina.startup.HostConfig.deployDirectory Web アプリケーションディレクトリ [/Users/aokihayata/aoki_app/tomcat/webapps/examples] を配備します
05-Nov-2023 01:37:21.496 情報 [main] org.apache.catalina.startup.HostConfig.deployDirectory ディレクトリ [/Users/aokihayata/aoki_app/tomcat/webapps/examples] の Web アプリケーションの配備は [260] ミリ秒で完了しました。
05-Nov-2023 01:37:21.496 情報 [main] org.apache.catalina.startup.HostConfig.deployDirectory Web アプリケーションディレクトリ [/Users/aokihayata/aoki_app/tomcat/webapps/ROOT] を配備します
05-Nov-2023 01:37:21.510 情報 [main] org.apache.catalina.startup.HostConfig.deployDirectory ディレクトリ [/Users/aokihayata/aoki_app/tomcat/webapps/ROOT] の Web アプリケーションの配備は [14] ミリ秒で完了しました。
05-Nov-2023 01:37:21.510 情報 [main] org.apache.catalina.startup.HostConfig.deployDirectory Web アプリケーションディレクトリ [/Users/aokihayata/aoki_app/tomcat/webapps/mydatabase] を配備します
05-Nov-2023 01:37:21.531 情報 [main] org.apache.catalina.startup.HostConfig.deployDirectory ディレクトリ [/Users/aokihayata/aoki_app/tomcat/webapps/mydatabase] の Web アプリケーションの配備は [21] ミリ秒で完了しました。
05-Nov-2023 01:37:21.531 情報 [main] org.apache.catalina.startup.HostConfig.deployDirectory Web アプリケーションディレクトリ [/Users/aokihayata/aoki_app/tomcat/webapps/host-manager] を配備します
05-Nov-2023 01:37:21.548 情報 [main] org.apache.catalina.startup.HostConfig.deployDirectory ディレクトリ [/Users/aokihayata/aoki_app/tomcat/webapps/host-manager] の Web アプリケーションの配備は [17] ミリ秒で完了しました。
05-Nov-2023 01:37:21.551 情報 [main] org.apache.coyote.AbstractProtocol.start プロトコルハンドラー ["http-nio-8080"] を開始しました。
05-Nov-2023 01:37:21.568 情報 [main] org.apache.catalina.startup.Catalina.start サーバーの起動 [1188] ミリ秒
05-Nov-2023 02:00:13.861 情報 [main] org.apache.catalina.core.StandardServer.await 有効なシャットダウンコマンドがシャットダウンポート経由で受信されました。 サーバーインスタンスを停止します。
05-Nov-2023 02:00:13.863 情報 [main] org.apache.coyote.AbstractProtocol.pause ProtocolHandler ["http-nio-8080"] を一時停止します。
05-Nov-2023 02:00:13.865 情報 [main] org.apache.catalina.core.StandardService.stopInternal サービス [Catalina] を停止します
05-Nov-2023 02:00:13.903 警告 [main] org.apache.catalina.loader.WebappClassLoaderBase.clearReferencesJdbc Web アプリケーション [ProEnv] は自身で登録した JDBC ドライバー [com.mysql.cj.jdbc.Driver] を停止時に解除できませんでした。メモリーリークの発生を防ぐには JDBC ドライバーを強制的に解除してください。
05-Nov-2023 02:00:13.904 警告 [main] org.apache.catalina.loader.WebappClassLoaderBase.clearReferencesThreads Webアプリケーション [ProEnv] は [mysql-cj-abandoned-connection-cleanup] という名前のスレッドを開始したようですが、停止に失敗しました。これはメモリリークを引き起こす可能性が非常に高いです。スレッドのスタックトレース: 
 java.base@16.0.1/java.lang.Object.wait(Native Method)
 java.base@16.0.1/java.lang.ref.ReferenceQueue.remove(ReferenceQueue.java:155)
 com.mysql.cj.jdbc.AbandonedConnectionCleanupThread.run(AbandonedConnectionCleanupThread.java:91)
 java.base@16.0.1/java.util.concurrent.ThreadPoolExecutor.runWorker(ThreadPoolExecutor.java:1130)
 java.base@16.0.1/java.util.concurrent.ThreadPoolExecutor$Worker.run(ThreadPoolExecutor.java:630)
 java.base@16.0.1/java.lang.Thread.run(Thread.java:831)
05-Nov-2023 02:00:13.909 情報 [main] org.apache.coyote.AbstractProtocol.stop ProtocolHandler ["http-nio-8080"]の停止中
05-Nov-2023 02:00:13.925 情報 [main] org.apache.coyote.AbstractProtocol.destroy ProtocolHandler ["http-nio-8080"] を破棄します。
05-Nov-2023 02:00:14.459 情報 [main] org.apache.catalina.startup.VersionLoggerListener.log Serverのバージョン名:     Apache Tomcat/10.1.13
05-Nov-2023 02:00:14.463 情報 [main] org.apache.catalina.startup.VersionLoggerListener.log Server ビルド:            Aug 23 2023 21:34:59 UTC
05-Nov-2023 02:00:14.463 情報 [main] org.apache.catalina.startup.VersionLoggerListener.log サーバーのバージョン番号: 10.1.13.0
05-Nov-2023 02:00:14.464 情報 [main] org.apache.catalina.startup.VersionLoggerListener.log OS 名:                    Mac OS X
05-Nov-2023 02:00:14.464 情報 [main] org.apache.catalina.startup.VersionLoggerListener.log OS バージョン:            11.5
05-Nov-2023 02:00:14.464 情報 [main] org.apache.catalina.startup.VersionLoggerListener.log アーキテクチャ:           x86_64
05-Nov-2023 02:00:14.464 情報 [main] org.apache.catalina.startup.VersionLoggerListener.log Java Home:                /Library/Java/JavaVirtualMachines/jdk-16.0.1.jdk/Contents/Home
05-Nov-2023 02:00:14.464 情報 [main] org.apache.catalina.startup.VersionLoggerListener.log JVM バージョン:           16.0.1+9-24
05-Nov-2023 02:00:14.464 情報 [main] org.apache.catalina.startup.VersionLoggerListener.log JVM ベンダ:               Oracle Corporation
05-Nov-2023 02:00:14.464 情報 [main] org.apache.catalina.startup.VersionLoggerListener.log CATALINA_BASE:            /Users/aokihayata/aoki_app/tomcat
05-Nov-2023 02:00:14.465 情報 [main] org.apache.catalina.startup.VersionLoggerListener.log CATALINA_HOME:            /Users/aokihayata/aoki_app/tomcat
05-Nov-2023 02:00:14.479 情報 [main] org.apache.catalina.startup.VersionLoggerListener.log コマンドライン引数:       -Djava.util.logging.config.file=/Users/aokihayata/aoki_app/tomcat/conf/logging.properties
05-Nov-2023 02:00:14.479 情報 [main] org.apache.catalina.startup.VersionLoggerListener.log コマンドライン引数:       -Djava.util.logging.manager=org.apache.juli.ClassLoaderLogManager
05-Nov-2023 02:00:14.480 情報 [main] org.apache.catalina.startup.VersionLoggerListener.log コマンドライン引数:       -Djdk.tls.ephemeralDHKeySize=2048
05-Nov-2023 02:00:14.480 情報 [main] org.apache.catalina.startup.VersionLoggerListener.log コマンドライン引数:       -Djava.protocol.handler.pkgs=org.apache.catalina.webresources
05-Nov-2023 02:00:14.480 情報 [main] org.apache.catalina.startup.VersionLoggerListener.log コマンドライン引数:       -Dorg.apache.catalina.security.SecurityListener.UMASK=0027
05-Nov-2023 02:00:14.480 情報 [main] org.apache.catalina.startup.VersionLoggerListener.log コマンドライン引数:       --add-opens=java.base/java.lang=ALL-UNNAMED
05-Nov-2023 02:00:14.480 情報 [main] org.apache.catalina.startup.VersionLoggerListener.log コマンドライン引数:       --add-opens=java.base/java.io=ALL-UNNAMED
05-Nov-2023 02:00:14.480 情報 [main] org.apache.catalina.startup.VersionLoggerListener.log コマンドライン引数:       --add-opens=java.base/java.util=ALL-UNNAMED
05-Nov-2023 02:00:14.480 情報 [main] org.apache.catalina.startup.VersionLoggerListener.log コマンドライン引数:       --add-opens=java.base/java.util.concurrent=ALL-UNNAMED
05-Nov-2023 02:00:14.481 情報 [main] org.apache.catalina.startup.VersionLoggerListener.log コマンドライン引数:       --add-opens=java.rmi/sun.rmi.transport=ALL-UNNAMED
05-Nov-2023 02:00:14.481 情報 [main] org.apache.catalina.startup.VersionLoggerListener.log コマンドライン引数:       -Dcatalina.base=/Users/aokihayata/aoki_app/tomcat
05-Nov-2023 02:00:14.481 情報 [main] org.apache.catalina.startup.VersionLoggerListener.log コマンドライン引数:       -Dcatalina.home=/Users/aokihayata/aoki_app/tomcat
05-Nov-2023 02:00:14.481 情報 [main] org.apache.catalina.startup.VersionLoggerListener.log コマンドライン引数:       -Djava.io.tmpdir=/Users/aokihayata/aoki_app/tomcat/temp
05-Nov-2023 02:00:14.483 情報 [main] org.apache.catalina.core.AprLifecycleListener.lifecycleEvent 商用環境に最適な性能を発揮する APR ベースの Tomcat ネイティブライブラリが java.library.path [/Users/aokihayata/Library/Java/Extensions:/Library/Java/Extensions:/Network/Library/Java/Extensions:/System/Library/Java/Extensions:/usr/lib/java:.] に存在しません。
05-Nov-2023 02:00:14.728 情報 [main] org.apache.coyote.AbstractProtocol.init プロトコルハンドラ ["http-nio-8080"] を初期化します。
05-Nov-2023 02:00:14.756 情報 [main] org.apache.catalina.startup.Catalina.load サーバーの初期化 [486] ミリ秒
05-Nov-2023 02:00:14.793 情報 [main] org.apache.catalina.core.StandardService.startInternal サービス [Catalina] を起動します
05-Nov-2023 02:00:14.794 情報 [main] org.apache.catalina.core.StandardEngine.startInternal サーブレットエンジンの起動：[Apache Tomcat/10.1.13]
05-Nov-2023 02:00:14.802 情報 [main] org.apache.catalina.startup.HostConfig.deployDescriptor 配備記述子 [/Users/aokihayata/aoki_app/tomcat/conf/Catalina/localhost/mywork.xml] を配備します
05-Nov-2023 02:00:15.139 情報 [main] org.apache.catalina.startup.HostConfig.deployDescriptor 配備記述子 [/Users/aokihayata/aoki_app/tomcat/conf/Catalina/localhost/mywork.xml] の展開が [335] ミリ秒で完了しました
05-Nov-2023 02:00:15.139 情報 [main] org.apache.catalina.startup.HostConfig.deployDirectory Web アプリケーションディレクトリ [/Users/aokihayata/aoki_app/tomcat/webapps/ProEnv] を配備します
05-Nov-2023 02:00:15.548 情報 [main] org.apache.jasper.servlet.TldScanner.scanJars 少なくとも1つのJARでTLDをスキャンしましたが、TLDが含まれていませんでした。スキャンしたもののTLDが見つからなかったJARの完全なリストについては、このロガーのデバッグログを有効にしてください。スキャン中に不要なJARをスキップすると、起動時間とJSPのコンパイル時間が短縮されます。
05-Nov-2023 02:00:15.550 情報 [main] org.apache.catalina.startup.HostConfig.deployDirectory ディレクトリ [/Users/aokihayata/aoki_app/tomcat/webapps/ProEnv] の Web アプリケーションの配備は [411] ミリ秒で完了しました。
05-Nov-2023 02:00:15.551 情報 [main] org.apache.catalina.startup.HostConfig.deployDirectory Web アプリケーションディレクトリ [/Users/aokihayata/aoki_app/tomcat/webapps/docs] を配備します
05-Nov-2023 02:00:15.570 情報 [main] org.apache.catalina.startup.HostConfig.deployDirectory ディレクトリ [/Users/aokihayata/aoki_app/tomcat/webapps/docs] の Web アプリケーションの配備は [19] ミリ秒で完了しました。
05-Nov-2023 02:00:15.571 情報 [main] org.apache.catalina.startup.HostConfig.deployDirectory Web アプリケーションディレクトリ [/Users/aokihayata/aoki_app/tomcat/webapps/manager] を配備します
05-Nov-2023 02:00:15.613 情報 [main] org.apache.catalina.startup.HostConfig.deployDirectory ディレクトリ [/Users/aokihayata/aoki_app/tomcat/webapps/manager] の Web アプリケーションの配備は [42] ミリ秒で完了しました。
05-Nov-2023 02:00:15.613 情報 [main] org.apache.catalina.startup.HostConfig.deployDirectory Web アプリケーションディレクトリ [/Users/aokihayata/aoki_app/tomcat/webapps/examples] を配備します
05-Nov-2023 02:00:15.899 情報 [main] org.apache.catalina.startup.HostConfig.deployDirectory ディレクトリ [/Users/aokihayata/aoki_app/tomcat/webapps/examples] の Web アプリケーションの配備は [286] ミリ秒で完了しました。
05-Nov-2023 02:00:15.899 情報 [main] org.apache.catalina.startup.HostConfig.deployDirectory Web アプリケーションディレクトリ [/Users/aokihayata/aoki_app/tomcat/webapps/ROOT] を配備します
05-Nov-2023 02:00:15.920 情報 [main] org.apache.catalina.startup.HostConfig.deployDirectory ディレクトリ [/Users/aokihayata/aoki_app/tomcat/webapps/ROOT] の Web アプリケーションの配備は [21] ミリ秒で完了しました。
05-Nov-2023 02:00:15.920 情報 [main] org.apache.catalina.startup.HostConfig.deployDirectory Web アプリケーションディレクトリ [/Users/aokihayata/aoki_app/tomcat/webapps/mydatabase] を配備します
05-Nov-2023 02:00:15.941 情報 [main] org.apache.catalina.startup.HostConfig.deployDirectory ディレクトリ [/Users/aokihayata/aoki_app/tomcat/webapps/mydatabase] の Web アプリケーションの配備は [20] ミリ秒で完了しました。
05-Nov-2023 02:00:15.941 情報 [main] org.apache.catalina.startup.HostConfig.deployDirectory Web アプリケーションディレクトリ [/Users/aokihayata/aoki_app/tomcat/webapps/host-manager] を配備します
05-Nov-2023 02:00:15.958 情報 [main] org.apache.catalina.startup.HostConfig.deployDirectory ディレクトリ [/Users/aokihayata/aoki_app/tomcat/webapps/host-manager] の Web アプリケーションの配備は [17] ミリ秒で完了しました。
05-Nov-2023 02:00:15.961 情報 [main] org.apache.coyote.AbstractProtocol.start プロトコルハンドラー ["http-nio-8080"] を開始しました。
05-Nov-2023 02:00:15.972 情報 [main] org.apache.catalina.startup.Catalina.start サーバーの起動 [1215] ミリ秒
05-Nov-2023 02:26:01.604 情報 [main] org.apache.catalina.core.StandardServer.await 有効なシャットダウンコマンドがシャットダウンポート経由で受信されました。 サーバーインスタンスを停止します。
05-Nov-2023 02:26:01.607 情報 [main] org.apache.coyote.AbstractProtocol.pause ProtocolHandler ["http-nio-8080"] を一時停止します。
05-Nov-2023 02:26:01.610 情報 [main] org.apache.catalina.core.StandardService.stopInternal サービス [Catalina] を停止します
05-Nov-2023 02:26:01.664 警告 [main] org.apache.catalina.loader.WebappClassLoaderBase.clearReferencesJdbc Web アプリケーション [ProEnv] は自身で登録した JDBC ドライバー [com.mysql.cj.jdbc.Driver] を停止時に解除できませんでした。メモリーリークの発生を防ぐには JDBC ドライバーを強制的に解除してください。
05-Nov-2023 02:26:01.665 警告 [main] org.apache.catalina.loader.WebappClassLoaderBase.clearReferencesThreads Webアプリケーション [ProEnv] は [mysql-cj-abandoned-connection-cleanup] という名前のスレッドを開始したようですが、停止に失敗しました。これはメモリリークを引き起こす可能性が非常に高いです。スレッドのスタックトレース: 
 java.base@16.0.1/java.lang.Object.wait(Native Method)
 java.base@16.0.1/java.lang.ref.ReferenceQueue.remove(ReferenceQueue.java:155)
 com.mysql.cj.jdbc.AbandonedConnectionCleanupThread.run(AbandonedConnectionCleanupThread.java:91)
 java.base@16.0.1/java.util.concurrent.ThreadPoolExecutor.runWorker(ThreadPoolExecutor.java:1130)
 java.base@16.0.1/java.util.concurrent.ThreadPoolExecutor$Worker.run(ThreadPoolExecutor.java:630)
 java.base@16.0.1/java.lang.Thread.run(Thread.java:831)
05-Nov-2023 02:26:01.671 情報 [main] org.apache.coyote.AbstractProtocol.stop ProtocolHandler ["http-nio-8080"]の停止中
05-Nov-2023 02:26:01.683 情報 [main] org.apache.coyote.AbstractProtocol.destroy ProtocolHandler ["http-nio-8080"] を破棄します。
05-Nov-2023 02:26:02.061 情報 [main] org.apache.catalina.startup.VersionLoggerListener.log Serverのバージョン名:     Apache Tomcat/10.1.13
05-Nov-2023 02:26:02.065 情報 [main] org.apache.catalina.startup.VersionLoggerListener.log Server ビルド:            Aug 23 2023 21:34:59 UTC
05-Nov-2023 02:26:02.065 情報 [main] org.apache.catalina.startup.VersionLoggerListener.log サーバーのバージョン番号: 10.1.13.0
05-Nov-2023 02:26:02.065 情報 [main] org.apache.catalina.startup.VersionLoggerListener.log OS 名:                    Mac OS X
05-Nov-2023 02:26:02.065 情報 [main] org.apache.catalina.startup.VersionLoggerListener.log OS バージョン:            11.5
05-Nov-2023 02:26:02.066 情報 [main] org.apache.catalina.startup.VersionLoggerListener.log アーキテクチャ:           x86_64
05-Nov-2023 02:26:02.066 情報 [main] org.apache.catalina.startup.VersionLoggerListener.log Java Home:                /Library/Java/JavaVirtualMachines/jdk-16.0.1.jdk/Contents/Home
05-Nov-2023 02:26:02.066 情報 [main] org.apache.catalina.startup.VersionLoggerListener.log JVM バージョン:           16.0.1+9-24
05-Nov-2023 02:26:02.066 情報 [main] org.apache.catalina.startup.VersionLoggerListener.log JVM ベンダ:               Oracle Corporation
05-Nov-2023 02:26:02.066 情報 [main] org.apache.catalina.startup.VersionLoggerListener.log CATALINA_BASE:            /Users/aokihayata/aoki_app/tomcat
05-Nov-2023 02:26:02.067 情報 [main] org.apache.catalina.startup.VersionLoggerListener.log CATALINA_HOME:            /Users/aokihayata/aoki_app/tomcat
05-Nov-2023 02:26:02.079 情報 [main] org.apache.catalina.startup.VersionLoggerListener.log コマンドライン引数:       -Djava.util.logging.config.file=/Users/aokihayata/aoki_app/tomcat/conf/logging.properties
05-Nov-2023 02:26:02.079 情報 [main] org.apache.catalina.startup.VersionLoggerListener.log コマンドライン引数:       -Djava.util.logging.manager=org.apache.juli.ClassLoaderLogManager
05-Nov-2023 02:26:02.079 情報 [main] org.apache.catalina.startup.VersionLoggerListener.log コマンドライン引数:       -Djdk.tls.ephemeralDHKeySize=2048
05-Nov-2023 02:26:02.080 情報 [main] org.apache.catalina.startup.VersionLoggerListener.log コマンドライン引数:       -Djava.protocol.handler.pkgs=org.apache.catalina.webresources
05-Nov-2023 02:26:02.080 情報 [main] org.apache.catalina.startup.VersionLoggerListener.log コマンドライン引数:       -Dorg.apache.catalina.security.SecurityListener.UMASK=0027
05-Nov-2023 02:26:02.080 情報 [main] org.apache.catalina.startup.VersionLoggerListener.log コマンドライン引数:       --add-opens=java.base/java.lang=ALL-UNNAMED
05-Nov-2023 02:26:02.080 情報 [main] org.apache.catalina.startup.VersionLoggerListener.log コマンドライン引数:       --add-opens=java.base/java.io=ALL-UNNAMED
05-Nov-2023 02:26:02.080 情報 [main] org.apache.catalina.startup.VersionLoggerListener.log コマンドライン引数:       --add-opens=java.base/java.util=ALL-UNNAMED
05-Nov-2023 02:26:02.080 情報 [main] org.apache.catalina.startup.VersionLoggerListener.log コマンドライン引数:       --add-opens=java.base/java.util.concurrent=ALL-UNNAMED
05-Nov-2023 02:26:02.080 情報 [main] org.apache.catalina.startup.VersionLoggerListener.log コマンドライン引数:       --add-opens=java.rmi/sun.rmi.transport=ALL-UNNAMED
05-Nov-2023 02:26:02.080 情報 [main] org.apache.catalina.startup.VersionLoggerListener.log コマンドライン引数:       -Dcatalina.base=/Users/aokihayata/aoki_app/tomcat
05-Nov-2023 02:26:02.081 情報 [main] org.apache.catalina.startup.VersionLoggerListener.log コマンドライン引数:       -Dcatalina.home=/Users/aokihayata/aoki_app/tomcat
05-Nov-2023 02:26:02.081 情報 [main] org.apache.catalina.startup.VersionLoggerListener.log コマンドライン引数:       -Djava.io.tmpdir=/Users/aokihayata/aoki_app/tomcat/temp
05-Nov-2023 02:26:02.083 情報 [main] org.apache.catalina.core.AprLifecycleListener.lifecycleEvent 商用環境に最適な性能を発揮する APR ベースの Tomcat ネイティブライブラリが java.library.path [/Users/aokihayata/Library/Java/Extensions:/Library/Java/Extensions:/Network/Library/Java/Extensions:/System/Library/Java/Extensions:/usr/lib/java:.] に存在しません。
05-Nov-2023 02:26:02.313 情報 [main] org.apache.coyote.AbstractProtocol.init プロトコルハンドラ ["http-nio-8080"] を初期化します。
05-Nov-2023 02:26:02.336 情報 [main] org.apache.catalina.startup.Catalina.load サーバーの初期化 [446] ミリ秒
05-Nov-2023 02:26:02.369 情報 [main] org.apache.catalina.core.StandardService.startInternal サービス [Catalina] を起動します
05-Nov-2023 02:26:02.370 情報 [main] org.apache.catalina.core.StandardEngine.startInternal サーブレットエンジンの起動：[Apache Tomcat/10.1.13]
05-Nov-2023 02:26:02.376 情報 [main] org.apache.catalina.startup.HostConfig.deployDescriptor 配備記述子 [/Users/aokihayata/aoki_app/tomcat/conf/Catalina/localhost/mywork.xml] を配備します
05-Nov-2023 02:26:02.700 情報 [main] org.apache.catalina.startup.HostConfig.deployDescriptor 配備記述子 [/Users/aokihayata/aoki_app/tomcat/conf/Catalina/localhost/mywork.xml] の展開が [322] ミリ秒で完了しました
05-Nov-2023 02:26:02.701 情報 [main] org.apache.catalina.startup.HostConfig.deployDirectory Web アプリケーションディレクトリ [/Users/aokihayata/aoki_app/tomcat/webapps/ProEnv] を配備します
05-Nov-2023 02:26:03.055 情報 [main] org.apache.jasper.servlet.TldScanner.scanJars 少なくとも1つのJARでTLDをスキャンしましたが、TLDが含まれていませんでした。スキャンしたもののTLDが見つからなかったJARの完全なリストについては、このロガーのデバッグログを有効にしてください。スキャン中に不要なJARをスキップすると、起動時間とJSPのコンパイル時間が短縮されます。
05-Nov-2023 02:26:03.057 情報 [main] org.apache.catalina.startup.HostConfig.deployDirectory ディレクトリ [/Users/aokihayata/aoki_app/tomcat/webapps/ProEnv] の Web アプリケーションの配備は [356] ミリ秒で完了しました。
05-Nov-2023 02:26:03.057 情報 [main] org.apache.catalina.startup.HostConfig.deployDirectory Web アプリケーションディレクトリ [/Users/aokihayata/aoki_app/tomcat/webapps/docs] を配備します
05-Nov-2023 02:26:03.077 情報 [main] org.apache.catalina.startup.HostConfig.deployDirectory ディレクトリ [/Users/aokihayata/aoki_app/tomcat/webapps/docs] の Web アプリケーションの配備は [20] ミリ秒で完了しました。
05-Nov-2023 02:26:03.077 情報 [main] org.apache.catalina.startup.HostConfig.deployDirectory Web アプリケーションディレクトリ [/Users/aokihayata/aoki_app/tomcat/webapps/manager] を配備します
05-Nov-2023 02:26:03.109 情報 [main] org.apache.catalina.startup.HostConfig.deployDirectory ディレクトリ [/Users/aokihayata/aoki_app/tomcat/webapps/manager] の Web アプリケーションの配備は [32] ミリ秒で完了しました。
05-Nov-2023 02:26:03.110 情報 [main] org.apache.catalina.startup.HostConfig.deployDirectory Web アプリケーションディレクトリ [/Users/aokihayata/aoki_app/tomcat/webapps/examples] を配備します
05-Nov-2023 02:26:03.349 情報 [main] org.apache.catalina.startup.HostConfig.deployDirectory ディレクトリ [/Users/aokihayata/aoki_app/tomcat/webapps/examples] の Web アプリケーションの配備は [239] ミリ秒で完了しました。
05-Nov-2023 02:26:03.349 情報 [main] org.apache.catalina.startup.HostConfig.deployDirectory Web アプリケーションディレクトリ [/Users/aokihayata/aoki_app/tomcat/webapps/ROOT] を配備します
05-Nov-2023 02:26:03.366 情報 [main] org.apache.catalina.startup.HostConfig.deployDirectory ディレクトリ [/Users/aokihayata/aoki_app/tomcat/webapps/ROOT] の Web アプリケーションの配備は [16] ミリ秒で完了しました。
05-Nov-2023 02:26:03.366 情報 [main] org.apache.catalina.startup.HostConfig.deployDirectory Web アプリケーションディレクトリ [/Users/aokihayata/aoki_app/tomcat/webapps/mydatabase] を配備します
05-Nov-2023 02:26:03.390 情報 [main] org.apache.catalina.startup.HostConfig.deployDirectory ディレクトリ [/Users/aokihayata/aoki_app/tomcat/webapps/mydatabase] の Web アプリケーションの配備は [23] ミリ秒で完了しました。
05-Nov-2023 02:26:03.390 情報 [main] org.apache.catalina.startup.HostConfig.deployDirectory Web アプリケーションディレクトリ [/Users/aokihayata/aoki_app/tomcat/webapps/host-manager] を配備します
05-Nov-2023 02:26:03.412 情報 [main] org.apache.catalina.startup.HostConfig.deployDirectory ディレクトリ [/Users/aokihayata/aoki_app/tomcat/webapps/host-manager] の Web アプリケーションの配備は [22] ミリ秒で完了しました。
05-Nov-2023 02:26:03.416 情報 [main] org.apache.coyote.AbstractProtocol.start プロトコルハンドラー ["http-nio-8080"] を開始しました。
05-Nov-2023 02:26:03.429 情報 [main] org.apache.catalina.startup.Catalina.start サーバーの起動 [1093] ミリ秒
05-Nov-2023 03:24:41.629 情報 [main] org.apache.catalina.core.StandardServer.await 有効なシャットダウンコマンドがシャットダウンポート経由で受信されました。 サーバーインスタンスを停止します。
05-Nov-2023 03:24:41.631 情報 [main] org.apache.coyote.AbstractProtocol.pause ProtocolHandler ["http-nio-8080"] を一時停止します。
05-Nov-2023 03:24:41.634 情報 [main] org.apache.catalina.core.StandardService.stopInternal サービス [Catalina] を停止します
05-Nov-2023 03:24:41.679 警告 [main] org.apache.catalina.loader.WebappClassLoaderBase.clearReferencesJdbc Web アプリケーション [ProEnv] は自身で登録した JDBC ドライバー [com.mysql.cj.jdbc.Driver] を停止時に解除できませんでした。メモリーリークの発生を防ぐには JDBC ドライバーを強制的に解除してください。
05-Nov-2023 03:24:41.680 警告 [main] org.apache.catalina.loader.WebappClassLoaderBase.clearReferencesThreads Webアプリケーション [ProEnv] は [mysql-cj-abandoned-connection-cleanup] という名前のスレッドを開始したようですが、停止に失敗しました。これはメモリリークを引き起こす可能性が非常に高いです。スレッドのスタックトレース: 
 java.base@16.0.1/java.lang.Object.wait(Native Method)
 java.base@16.0.1/java.lang.ref.ReferenceQueue.remove(ReferenceQueue.java:155)
 com.mysql.cj.jdbc.AbandonedConnectionCleanupThread.run(AbandonedConnectionCleanupThread.java:91)
 java.base@16.0.1/java.util.concurrent.ThreadPoolExecutor.runWorker(ThreadPoolExecutor.java:1130)
 java.base@16.0.1/java.util.concurrent.ThreadPoolExecutor$Worker.run(ThreadPoolExecutor.java:630)
 java.base@16.0.1/java.lang.Thread.run(Thread.java:831)
05-Nov-2023 03:24:41.685 情報 [main] org.apache.coyote.AbstractProtocol.stop ProtocolHandler ["http-nio-8080"]の停止中
05-Nov-2023 03:24:41.695 情報 [main] org.apache.coyote.AbstractProtocol.destroy ProtocolHandler ["http-nio-8080"] を破棄します。
05-Nov-2023 03:24:42.233 情報 [main] org.apache.catalina.startup.VersionLoggerListener.log Serverのバージョン名:     Apache Tomcat/10.1.13
05-Nov-2023 03:24:42.236 情報 [main] org.apache.catalina.startup.VersionLoggerListener.log Server ビルド:            Aug 23 2023 21:34:59 UTC
05-Nov-2023 03:24:42.236 情報 [main] org.apache.catalina.startup.VersionLoggerListener.log サーバーのバージョン番号: 10.1.13.0
05-Nov-2023 03:24:42.237 情報 [main] org.apache.catalina.startup.VersionLoggerListener.log OS 名:                    Mac OS X
05-Nov-2023 03:24:42.237 情報 [main] org.apache.catalina.startup.VersionLoggerListener.log OS バージョン:            11.5
05-Nov-2023 03:24:42.237 情報 [main] org.apache.catalina.startup.VersionLoggerListener.log アーキテクチャ:           x86_64
05-Nov-2023 03:24:42.237 情報 [main] org.apache.catalina.startup.VersionLoggerListener.log Java Home:                /Library/Java/JavaVirtualMachines/jdk-16.0.1.jdk/Contents/Home
05-Nov-2023 03:24:42.237 情報 [main] org.apache.catalina.startup.VersionLoggerListener.log JVM バージョン:           16.0.1+9-24
05-Nov-2023 03:24:42.237 情報 [main] org.apache.catalina.startup.VersionLoggerListener.log JVM ベンダ:               Oracle Corporation
05-Nov-2023 03:24:42.237 情報 [main] org.apache.catalina.startup.VersionLoggerListener.log CATALINA_BASE:            /Users/aokihayata/aoki_app/tomcat
05-Nov-2023 03:24:42.237 情報 [main] org.apache.catalina.startup.VersionLoggerListener.log CATALINA_HOME:            /Users/aokihayata/aoki_app/tomcat
05-Nov-2023 03:24:42.249 情報 [main] org.apache.catalina.startup.VersionLoggerListener.log コマンドライン引数:       -Djava.util.logging.config.file=/Users/aokihayata/aoki_app/tomcat/conf/logging.properties
05-Nov-2023 03:24:42.250 情報 [main] org.apache.catalina.startup.VersionLoggerListener.log コマンドライン引数:       -Djava.util.logging.manager=org.apache.juli.ClassLoaderLogManager
05-Nov-2023 03:24:42.250 情報 [main] org.apache.catalina.startup.VersionLoggerListener.log コマンドライン引数:       -Djdk.tls.ephemeralDHKeySize=2048
05-Nov-2023 03:24:42.250 情報 [main] org.apache.catalina.startup.VersionLoggerListener.log コマンドライン引数:       -Djava.protocol.handler.pkgs=org.apache.catalina.webresources
05-Nov-2023 03:24:42.250 情報 [main] org.apache.catalina.startup.VersionLoggerListener.log コマンドライン引数:       -Dorg.apache.catalina.security.SecurityListener.UMASK=0027
05-Nov-2023 03:24:42.250 情報 [main] org.apache.catalina.startup.VersionLoggerListener.log コマンドライン引数:       --add-opens=java.base/java.lang=ALL-UNNAMED
05-Nov-2023 03:24:42.250 情報 [main] org.apache.catalina.startup.VersionLoggerListener.log コマンドライン引数:       --add-opens=java.base/java.io=ALL-UNNAMED
05-Nov-2023 03:24:42.250 情報 [main] org.apache.catalina.startup.VersionLoggerListener.log コマンドライン引数:       --add-opens=java.base/java.util=ALL-UNNAMED
05-Nov-2023 03:24:42.250 情報 [main] org.apache.catalina.startup.VersionLoggerListener.log コマンドライン引数:       --add-opens=java.base/java.util.concurrent=ALL-UNNAMED
05-Nov-2023 03:24:42.250 情報 [main] org.apache.catalina.startup.VersionLoggerListener.log コマンドライン引数:       --add-opens=java.rmi/sun.rmi.transport=ALL-UNNAMED
05-Nov-2023 03:24:42.251 情報 [main] org.apache.catalina.startup.VersionLoggerListener.log コマンドライン引数:       -Dcatalina.base=/Users/aokihayata/aoki_app/tomcat
05-Nov-2023 03:24:42.251 情報 [main] org.apache.catalina.startup.VersionLoggerListener.log コマンドライン引数:       -Dcatalina.home=/Users/aokihayata/aoki_app/tomcat
05-Nov-2023 03:24:42.251 情報 [main] org.apache.catalina.startup.VersionLoggerListener.log コマンドライン引数:       -Djava.io.tmpdir=/Users/aokihayata/aoki_app/tomcat/temp
05-Nov-2023 03:24:42.253 情報 [main] org.apache.catalina.core.AprLifecycleListener.lifecycleEvent 商用環境に最適な性能を発揮する APR ベースの Tomcat ネイティブライブラリが java.library.path [/Users/aokihayata/Library/Java/Extensions:/Library/Java/Extensions:/Network/Library/Java/Extensions:/System/Library/Java/Extensions:/usr/lib/java:.] に存在しません。
05-Nov-2023 03:24:42.480 情報 [main] org.apache.coyote.AbstractProtocol.init プロトコルハンドラ ["http-nio-8080"] を初期化します。
05-Nov-2023 03:24:42.504 情報 [main] org.apache.catalina.startup.Catalina.load サーバーの初期化 [533] ミリ秒
05-Nov-2023 03:24:42.541 情報 [main] org.apache.catalina.core.StandardService.startInternal サービス [Catalina] を起動します
05-Nov-2023 03:24:42.541 情報 [main] org.apache.catalina.core.StandardEngine.startInternal サーブレットエンジンの起動：[Apache Tomcat/10.1.13]
05-Nov-2023 03:24:42.548 情報 [main] org.apache.catalina.startup.HostConfig.deployDescriptor 配備記述子 [/Users/aokihayata/aoki_app/tomcat/conf/Catalina/localhost/mywork.xml] を配備します
05-Nov-2023 03:24:42.789 情報 [main] org.apache.catalina.startup.HostConfig.deployDescriptor 配備記述子 [/Users/aokihayata/aoki_app/tomcat/conf/Catalina/localhost/mywork.xml] の展開が [239] ミリ秒で完了しました
05-Nov-2023 03:24:42.790 情報 [main] org.apache.catalina.startup.HostConfig.deployDirectory Web アプリケーションディレクトリ [/Users/aokihayata/aoki_app/tomcat/webapps/ProEnv] を配備します
05-Nov-2023 03:24:43.274 情報 [main] org.apache.jasper.servlet.TldScanner.scanJars 少なくとも1つのJARでTLDをスキャンしましたが、TLDが含まれていませんでした。スキャンしたもののTLDが見つからなかったJARの完全なリストについては、このロガーのデバッグログを有効にしてください。スキャン中に不要なJARをスキップすると、起動時間とJSPのコンパイル時間が短縮されます。
05-Nov-2023 03:24:43.276 情報 [main] org.apache.catalina.startup.HostConfig.deployDirectory ディレクトリ [/Users/aokihayata/aoki_app/tomcat/webapps/ProEnv] の Web アプリケーションの配備は [487] ミリ秒で完了しました。
05-Nov-2023 03:24:43.276 情報 [main] org.apache.catalina.startup.HostConfig.deployDirectory Web アプリケーションディレクトリ [/Users/aokihayata/aoki_app/tomcat/webapps/docs] を配備します
05-Nov-2023 03:24:43.297 情報 [main] org.apache.catalina.startup.HostConfig.deployDirectory ディレクトリ [/Users/aokihayata/aoki_app/tomcat/webapps/docs] の Web アプリケーションの配備は [21] ミリ秒で完了しました。
05-Nov-2023 03:24:43.298 情報 [main] org.apache.catalina.startup.HostConfig.deployDirectory Web アプリケーションディレクトリ [/Users/aokihayata/aoki_app/tomcat/webapps/manager] を配備します
05-Nov-2023 03:24:43.327 情報 [main] org.apache.catalina.startup.HostConfig.deployDirectory ディレクトリ [/Users/aokihayata/aoki_app/tomcat/webapps/manager] の Web アプリケーションの配備は [29] ミリ秒で完了しました。
05-Nov-2023 03:24:43.327 情報 [main] org.apache.catalina.startup.HostConfig.deployDirectory Web アプリケーションディレクトリ [/Users/aokihayata/aoki_app/tomcat/webapps/examples] を配備します
05-Nov-2023 03:24:43.552 情報 [main] org.apache.catalina.startup.HostConfig.deployDirectory ディレクトリ [/Users/aokihayata/aoki_app/tomcat/webapps/examples] の Web アプリケーションの配備は [225] ミリ秒で完了しました。
05-Nov-2023 03:24:43.553 情報 [main] org.apache.catalina.startup.HostConfig.deployDirectory Web アプリケーションディレクトリ [/Users/aokihayata/aoki_app/tomcat/webapps/ROOT] を配備します
05-Nov-2023 03:24:43.572 情報 [main] org.apache.catalina.startup.HostConfig.deployDirectory ディレクトリ [/Users/aokihayata/aoki_app/tomcat/webapps/ROOT] の Web アプリケーションの配備は [19] ミリ秒で完了しました。
05-Nov-2023 03:24:43.572 情報 [main] org.apache.catalina.startup.HostConfig.deployDirectory Web アプリケーションディレクトリ [/Users/aokihayata/aoki_app/tomcat/webapps/mydatabase] を配備します
05-Nov-2023 03:24:43.597 情報 [main] org.apache.catalina.startup.HostConfig.deployDirectory ディレクトリ [/Users/aokihayata/aoki_app/tomcat/webapps/mydatabase] の Web アプリケーションの配備は [25] ミリ秒で完了しました。
05-Nov-2023 03:24:43.598 情報 [main] org.apache.catalina.startup.HostConfig.deployDirectory Web アプリケーションディレクトリ [/Users/aokihayata/aoki_app/tomcat/webapps/host-manager] を配備します
05-Nov-2023 03:24:43.622 情報 [main] org.apache.catalina.startup.HostConfig.deployDirectory ディレクトリ [/Users/aokihayata/aoki_app/tomcat/webapps/host-manager] の Web アプリケーションの配備は [25] ミリ秒で完了しました。
05-Nov-2023 03:24:43.625 情報 [main] org.apache.coyote.AbstractProtocol.start プロトコルハンドラー ["http-nio-8080"] を開始しました。
05-Nov-2023 03:24:43.640 情報 [main] org.apache.catalina.startup.Catalina.start サーバーの起動 [1136] ミリ秒
05-Nov-2023 03:27:33.090 情報 [main] org.apache.catalina.core.StandardServer.await 有効なシャットダウンコマンドがシャットダウンポート経由で受信されました。 サーバーインスタンスを停止します。
05-Nov-2023 03:27:33.091 情報 [main] org.apache.coyote.AbstractProtocol.pause ProtocolHandler ["http-nio-8080"] を一時停止します。
05-Nov-2023 03:27:33.094 情報 [main] org.apache.catalina.core.StandardService.stopInternal サービス [Catalina] を停止します
05-Nov-2023 03:27:33.126 警告 [main] org.apache.catalina.loader.WebappClassLoaderBase.clearReferencesJdbc Web アプリケーション [ProEnv] は自身で登録した JDBC ドライバー [com.mysql.cj.jdbc.Driver] を停止時に解除できませんでした。メモリーリークの発生を防ぐには JDBC ドライバーを強制的に解除してください。
05-Nov-2023 03:27:33.127 警告 [main] org.apache.catalina.loader.WebappClassLoaderBase.clearReferencesThreads Webアプリケーション [ProEnv] は [mysql-cj-abandoned-connection-cleanup] という名前のスレッドを開始したようですが、停止に失敗しました。これはメモリリークを引き起こす可能性が非常に高いです。スレッドのスタックトレース: 
 java.base@16.0.1/java.lang.Object.wait(Native Method)
 java.base@16.0.1/java.lang.ref.ReferenceQueue.remove(ReferenceQueue.java:155)
 com.mysql.cj.jdbc.AbandonedConnectionCleanupThread.run(AbandonedConnectionCleanupThread.java:91)
 java.base@16.0.1/java.util.concurrent.ThreadPoolExecutor.runWorker(ThreadPoolExecutor.java:1130)
 java.base@16.0.1/java.util.concurrent.ThreadPoolExecutor$Worker.run(ThreadPoolExecutor.java:630)
 java.base@16.0.1/java.lang.Thread.run(Thread.java:831)
05-Nov-2023 03:27:33.132 情報 [main] org.apache.coyote.AbstractProtocol.stop ProtocolHandler ["http-nio-8080"]の停止中
05-Nov-2023 03:27:33.139 情報 [main] org.apache.coyote.AbstractProtocol.destroy ProtocolHandler ["http-nio-8080"] を破棄します。
05-Nov-2023 03:27:33.543 情報 [main] org.apache.catalina.startup.VersionLoggerListener.log Serverのバージョン名:     Apache Tomcat/10.1.13
05-Nov-2023 03:27:33.547 情報 [main] org.apache.catalina.startup.VersionLoggerListener.log Server ビルド:            Aug 23 2023 21:34:59 UTC
05-Nov-2023 03:27:33.547 情報 [main] org.apache.catalina.startup.VersionLoggerListener.log サーバーのバージョン番号: 10.1.13.0
05-Nov-2023 03:27:33.547 情報 [main] org.apache.catalina.startup.VersionLoggerListener.log OS 名:                    Mac OS X
05-Nov-2023 03:27:33.547 情報 [main] org.apache.catalina.startup.VersionLoggerListener.log OS バージョン:            11.5
05-Nov-2023 03:27:33.547 情報 [main] org.apache.catalina.startup.VersionLoggerListener.log アーキテクチャ:           x86_64
05-Nov-2023 03:27:33.548 情報 [main] org.apache.catalina.startup.VersionLoggerListener.log Java Home:                /Library/Java/JavaVirtualMachines/jdk-16.0.1.jdk/Contents/Home
05-Nov-2023 03:27:33.548 情報 [main] org.apache.catalina.startup.VersionLoggerListener.log JVM バージョン:           16.0.1+9-24
05-Nov-2023 03:27:33.548 情報 [main] org.apache.catalina.startup.VersionLoggerListener.log JVM ベンダ:               Oracle Corporation
05-Nov-2023 03:27:33.548 情報 [main] org.apache.catalina.startup.VersionLoggerListener.log CATALINA_BASE:            /Users/aokihayata/aoki_app/tomcat
05-Nov-2023 03:27:33.548 情報 [main] org.apache.catalina.startup.VersionLoggerListener.log CATALINA_HOME:            /Users/aokihayata/aoki_app/tomcat
05-Nov-2023 03:27:33.561 情報 [main] org.apache.catalina.startup.VersionLoggerListener.log コマンドライン引数:       -Djava.util.logging.config.file=/Users/aokihayata/aoki_app/tomcat/conf/logging.properties
05-Nov-2023 03:27:33.561 情報 [main] org.apache.catalina.startup.VersionLoggerListener.log コマンドライン引数:       -Djava.util.logging.manager=org.apache.juli.ClassLoaderLogManager
05-Nov-2023 03:27:33.561 情報 [main] org.apache.catalina.startup.VersionLoggerListener.log コマンドライン引数:       -Djdk.tls.ephemeralDHKeySize=2048
05-Nov-2023 03:27:33.561 情報 [main] org.apache.catalina.startup.VersionLoggerListener.log コマンドライン引数:       -Djava.protocol.handler.pkgs=org.apache.catalina.webresources
05-Nov-2023 03:27:33.561 情報 [main] org.apache.catalina.startup.VersionLoggerListener.log コマンドライン引数:       -Dorg.apache.catalina.security.SecurityListener.UMASK=0027
05-Nov-2023 03:27:33.561 情報 [main] org.apache.catalina.startup.VersionLoggerListener.log コマンドライン引数:       --add-opens=java.base/java.lang=ALL-UNNAMED
05-Nov-2023 03:27:33.561 情報 [main] org.apache.catalina.startup.VersionLoggerListener.log コマンドライン引数:       --add-opens=java.base/java.io=ALL-UNNAMED
05-Nov-2023 03:27:33.562 情報 [main] org.apache.catalina.startup.VersionLoggerListener.log コマンドライン引数:       --add-opens=java.base/java.util=ALL-UNNAMED
05-Nov-2023 03:27:33.562 情報 [main] org.apache.catalina.startup.VersionLoggerListener.log コマンドライン引数:       --add-opens=java.base/java.util.concurrent=ALL-UNNAMED
05-Nov-2023 03:27:33.562 情報 [main] org.apache.catalina.startup.VersionLoggerListener.log コマンドライン引数:       --add-opens=java.rmi/sun.rmi.transport=ALL-UNNAMED
05-Nov-2023 03:27:33.562 情報 [main] org.apache.catalina.startup.VersionLoggerListener.log コマンドライン引数:       -Dcatalina.base=/Users/aokihayata/aoki_app/tomcat
05-Nov-2023 03:27:33.562 情報 [main] org.apache.catalina.startup.VersionLoggerListener.log コマンドライン引数:       -Dcatalina.home=/Users/aokihayata/aoki_app/tomcat
05-Nov-2023 03:27:33.562 情報 [main] org.apache.catalina.startup.VersionLoggerListener.log コマンドライン引数:       -Djava.io.tmpdir=/Users/aokihayata/aoki_app/tomcat/temp
05-Nov-2023 03:27:33.564 情報 [main] org.apache.catalina.core.AprLifecycleListener.lifecycleEvent 商用環境に最適な性能を発揮する APR ベースの Tomcat ネイティブライブラリが java.library.path [/Users/aokihayata/Library/Java/Extensions:/Library/Java/Extensions:/Network/Library/Java/Extensions:/System/Library/Java/Extensions:/usr/lib/java:.] に存在しません。
05-Nov-2023 03:27:33.767 情報 [main] org.apache.coyote.AbstractProtocol.init プロトコルハンドラ ["http-nio-8080"] を初期化します。
05-Nov-2023 03:27:33.790 情報 [main] org.apache.catalina.startup.Catalina.load サーバーの初期化 [409] ミリ秒
05-Nov-2023 03:27:33.825 情報 [main] org.apache.catalina.core.StandardService.startInternal サービス [Catalina] を起動します
05-Nov-2023 03:27:33.825 情報 [main] org.apache.catalina.core.StandardEngine.startInternal サーブレットエンジンの起動：[Apache Tomcat/10.1.13]
05-Nov-2023 03:27:33.832 情報 [main] org.apache.catalina.startup.HostConfig.deployDescriptor 配備記述子 [/Users/aokihayata/aoki_app/tomcat/conf/Catalina/localhost/mywork.xml] を配備します
05-Nov-2023 03:27:34.071 情報 [main] org.apache.catalina.startup.HostConfig.deployDescriptor 配備記述子 [/Users/aokihayata/aoki_app/tomcat/conf/Catalina/localhost/mywork.xml] の展開が [237] ミリ秒で完了しました
05-Nov-2023 03:27:34.071 情報 [main] org.apache.catalina.startup.HostConfig.deployDirectory Web アプリケーションディレクトリ [/Users/aokihayata/aoki_app/tomcat/webapps/ProEnv] を配備します
05-Nov-2023 03:27:34.399 情報 [main] org.apache.jasper.servlet.TldScanner.scanJars 少なくとも1つのJARでTLDをスキャンしましたが、TLDが含まれていませんでした。スキャンしたもののTLDが見つからなかったJARの完全なリストについては、このロガーのデバッグログを有効にしてください。スキャン中に不要なJARをスキップすると、起動時間とJSPのコンパイル時間が短縮されます。
05-Nov-2023 03:27:34.401 情報 [main] org.apache.catalina.startup.HostConfig.deployDirectory ディレクトリ [/Users/aokihayata/aoki_app/tomcat/webapps/ProEnv] の Web アプリケーションの配備は [329] ミリ秒で完了しました。
05-Nov-2023 03:27:34.401 情報 [main] org.apache.catalina.startup.HostConfig.deployDirectory Web アプリケーションディレクトリ [/Users/aokihayata/aoki_app/tomcat/webapps/docs] を配備します
05-Nov-2023 03:27:34.418 情報 [main] org.apache.catalina.startup.HostConfig.deployDirectory ディレクトリ [/Users/aokihayata/aoki_app/tomcat/webapps/docs] の Web アプリケーションの配備は [17] ミリ秒で完了しました。
05-Nov-2023 03:27:34.418 情報 [main] org.apache.catalina.startup.HostConfig.deployDirectory Web アプリケーションディレクトリ [/Users/aokihayata/aoki_app/tomcat/webapps/manager] を配備します
05-Nov-2023 03:27:34.445 情報 [main] org.apache.catalina.startup.HostConfig.deployDirectory ディレクトリ [/Users/aokihayata/aoki_app/tomcat/webapps/manager] の Web アプリケーションの配備は [27] ミリ秒で完了しました。
05-Nov-2023 03:27:34.445 情報 [main] org.apache.catalina.startup.HostConfig.deployDirectory Web アプリケーションディレクトリ [/Users/aokihayata/aoki_app/tomcat/webapps/examples] を配備します
05-Nov-2023 03:27:34.753 情報 [main] org.apache.catalina.startup.HostConfig.deployDirectory ディレクトリ [/Users/aokihayata/aoki_app/tomcat/webapps/examples] の Web アプリケーションの配備は [308] ミリ秒で完了しました。
05-Nov-2023 03:27:34.754 情報 [main] org.apache.catalina.startup.HostConfig.deployDirectory Web アプリケーションディレクトリ [/Users/aokihayata/aoki_app/tomcat/webapps/ROOT] を配備します
05-Nov-2023 03:27:34.777 情報 [main] org.apache.catalina.startup.HostConfig.deployDirectory ディレクトリ [/Users/aokihayata/aoki_app/tomcat/webapps/ROOT] の Web アプリケーションの配備は [22] ミリ秒で完了しました。
05-Nov-2023 03:27:34.777 情報 [main] org.apache.catalina.startup.HostConfig.deployDirectory Web アプリケーションディレクトリ [/Users/aokihayata/aoki_app/tomcat/webapps/mydatabase] を配備します
05-Nov-2023 03:27:34.798 情報 [main] org.apache.catalina.startup.HostConfig.deployDirectory ディレクトリ [/Users/aokihayata/aoki_app/tomcat/webapps/mydatabase] の Web アプリケーションの配備は [21] ミリ秒で完了しました。
05-Nov-2023 03:27:34.798 情報 [main] org.apache.catalina.startup.HostConfig.deployDirectory Web アプリケーションディレクトリ [/Users/aokihayata/aoki_app/tomcat/webapps/host-manager] を配備します
05-Nov-2023 03:27:34.824 情報 [main] org.apache.catalina.startup.HostConfig.deployDirectory ディレクトリ [/Users/aokihayata/aoki_app/tomcat/webapps/host-manager] の Web アプリケーションの配備は [25] ミリ秒で完了しました。
05-Nov-2023 03:27:34.827 情報 [main] org.apache.coyote.AbstractProtocol.start プロトコルハンドラー ["http-nio-8080"] を開始しました。
05-Nov-2023 03:27:34.840 情報 [main] org.apache.catalina.startup.Catalina.start サーバーの起動 [1050] ミリ秒
05-Nov-2023 03:39:31.465 情報 [main] org.apache.catalina.core.StandardServer.await 有効なシャットダウンコマンドがシャットダウンポート経由で受信されました。 サーバーインスタンスを停止します。
05-Nov-2023 03:39:31.469 情報 [main] org.apache.coyote.AbstractProtocol.pause ProtocolHandler ["http-nio-8080"] を一時停止します。
05-Nov-2023 03:39:31.473 情報 [main] org.apache.catalina.core.StandardService.stopInternal サービス [Catalina] を停止します
05-Nov-2023 03:39:31.529 警告 [main] org.apache.catalina.loader.WebappClassLoaderBase.clearReferencesJdbc Web アプリケーション [ProEnv] は自身で登録した JDBC ドライバー [com.mysql.cj.jdbc.Driver] を停止時に解除できませんでした。メモリーリークの発生を防ぐには JDBC ドライバーを強制的に解除してください。
05-Nov-2023 03:39:31.530 警告 [main] org.apache.catalina.loader.WebappClassLoaderBase.clearReferencesThreads Webアプリケーション [ProEnv] は [mysql-cj-abandoned-connection-cleanup] という名前のスレッドを開始したようですが、停止に失敗しました。これはメモリリークを引き起こす可能性が非常に高いです。スレッドのスタックトレース: 
 java.base@16.0.1/java.lang.Object.wait(Native Method)
 java.base@16.0.1/java.lang.ref.ReferenceQueue.remove(ReferenceQueue.java:155)
 com.mysql.cj.jdbc.AbandonedConnectionCleanupThread.run(AbandonedConnectionCleanupThread.java:91)
 java.base@16.0.1/java.util.concurrent.ThreadPoolExecutor.runWorker(ThreadPoolExecutor.java:1130)
 java.base@16.0.1/java.util.concurrent.ThreadPoolExecutor$Worker.run(ThreadPoolExecutor.java:630)
 java.base@16.0.1/java.lang.Thread.run(Thread.java:831)
05-Nov-2023 03:39:31.534 情報 [main] org.apache.coyote.AbstractProtocol.stop ProtocolHandler ["http-nio-8080"]の停止中
05-Nov-2023 03:39:31.548 情報 [main] org.apache.coyote.AbstractProtocol.destroy ProtocolHandler ["http-nio-8080"] を破棄します。
05-Nov-2023 03:39:31.567 情報 [mysql-cj-abandoned-connection-cleanup] org.apache.catalina.loader.WebappClassLoaderBase.checkStateForResourceLoading 不正なアクセス: このWebアプリケーションのインスタンスは既に停止されています  Could not load []. 不正なアクセスを引き起こしたスレッドを終了させ、投げられたエラーによりデバッグ用に次のスタックトレースが生成されましたが，機能に影響はありません
	java.lang.IllegalStateException: 不正なアクセス: このWebアプリケーションのインスタンスは既に停止されています  Could not load []. 不正なアクセスを引き起こしたスレッドを終了させ、投げられたエラーによりデバッグ用に次のスタックトレースが生成されましたが，機能に影響はありません
		at org.apache.catalina.loader.WebappClassLoaderBase.checkStateForResourceLoading(WebappClassLoaderBase.java:1457)
		at org.apache.catalina.loader.WebappClassLoaderBase.getResource(WebappClassLoaderBase.java:1047)
		at com.mysql.cj.jdbc.AbandonedConnectionCleanupThread.checkThreadContextClassLoader(AbandonedConnectionCleanupThread.java:123)
		at com.mysql.cj.jdbc.AbandonedConnectionCleanupThread.run(AbandonedConnectionCleanupThread.java:90)
		at java.base/java.util.concurrent.ThreadPoolExecutor.runWorker(ThreadPoolExecutor.java:1130)
		at java.base/java.util.concurrent.ThreadPoolExecutor$Worker.run(ThreadPoolExecutor.java:630)
		at java.base/java.lang.Thread.run(Thread.java:831)
05-Nov-2023 03:39:31.568 情報 [mysql-cj-abandoned-connection-cleanup] org.apache.catalina.loader.WebappClassLoaderBase.checkStateForResourceLoading 不正なアクセス: このWebアプリケーションのインスタンスは既に停止されています  Could not load []. 不正なアクセスを引き起こしたスレッドを終了させ、投げられたエラーによりデバッグ用に次のスタックトレースが生成されましたが，機能に影響はありません
	java.lang.IllegalStateException: 不正なアクセス: このWebアプリケーションのインスタンスは既に停止されています  Could not load []. 不正なアクセスを引き起こしたスレッドを終了させ、投げられたエラーによりデバッグ用に次のスタックトレースが生成されましたが，機能に影響はありません
		at org.apache.catalina.loader.WebappClassLoaderBase.checkStateForResourceLoading(WebappClassLoaderBase.java:1457)
		at org.apache.catalina.loader.WebappClassLoaderBase.getResource(WebappClassLoaderBase.java:1047)
		at com.mysql.cj.jdbc.AbandonedConnectionCleanupThread.checkThreadContextClassLoader(AbandonedConnectionCleanupThread.java:123)
		at com.mysql.cj.jdbc.AbandonedConnectionCleanupThread.run(AbandonedConnectionCleanupThread.java:90)
		at java.base/java.util.concurrent.ThreadPoolExecutor.runWorker(ThreadPoolExecutor.java:1130)
		at java.base/java.util.concurrent.ThreadPoolExecutor$Worker.run(ThreadPoolExecutor.java:630)
		at java.base/java.lang.Thread.run(Thread.java:831)
05-Nov-2023 03:39:31.902 情報 [main] org.apache.catalina.startup.VersionLoggerListener.log Serverのバージョン名:     Apache Tomcat/10.1.13
05-Nov-2023 03:39:31.906 情報 [main] org.apache.catalina.startup.VersionLoggerListener.log Server ビルド:            Aug 23 2023 21:34:59 UTC
05-Nov-2023 03:39:31.906 情報 [main] org.apache.catalina.startup.VersionLoggerListener.log サーバーのバージョン番号: 10.1.13.0
05-Nov-2023 03:39:31.906 情報 [main] org.apache.catalina.startup.VersionLoggerListener.log OS 名:                    Mac OS X
05-Nov-2023 03:39:31.906 情報 [main] org.apache.catalina.startup.VersionLoggerListener.log OS バージョン:            11.5
05-Nov-2023 03:39:31.906 情報 [main] org.apache.catalina.startup.VersionLoggerListener.log アーキテクチャ:           x86_64
05-Nov-2023 03:39:31.906 情報 [main] org.apache.catalina.startup.VersionLoggerListener.log Java Home:                /Library/Java/JavaVirtualMachines/jdk-16.0.1.jdk/Contents/Home
05-Nov-2023 03:39:31.906 情報 [main] org.apache.catalina.startup.VersionLoggerListener.log JVM バージョン:           16.0.1+9-24
05-Nov-2023 03:39:31.907 情報 [main] org.apache.catalina.startup.VersionLoggerListener.log JVM ベンダ:               Oracle Corporation
05-Nov-2023 03:39:31.907 情報 [main] org.apache.catalina.startup.VersionLoggerListener.log CATALINA_BASE:            /Users/aokihayata/aoki_app/tomcat
05-Nov-2023 03:39:31.907 情報 [main] org.apache.catalina.startup.VersionLoggerListener.log CATALINA_HOME:            /Users/aokihayata/aoki_app/tomcat
05-Nov-2023 03:39:31.919 情報 [main] org.apache.catalina.startup.VersionLoggerListener.log コマンドライン引数:       -Djava.util.logging.config.file=/Users/aokihayata/aoki_app/tomcat/conf/logging.properties
05-Nov-2023 03:39:31.919 情報 [main] org.apache.catalina.startup.VersionLoggerListener.log コマンドライン引数:       -Djava.util.logging.manager=org.apache.juli.ClassLoaderLogManager
05-Nov-2023 03:39:31.920 情報 [main] org.apache.catalina.startup.VersionLoggerListener.log コマンドライン引数:       -Djdk.tls.ephemeralDHKeySize=2048
05-Nov-2023 03:39:31.920 情報 [main] org.apache.catalina.startup.VersionLoggerListener.log コマンドライン引数:       -Djava.protocol.handler.pkgs=org.apache.catalina.webresources
05-Nov-2023 03:39:31.920 情報 [main] org.apache.catalina.startup.VersionLoggerListener.log コマンドライン引数:       -Dorg.apache.catalina.security.SecurityListener.UMASK=0027
05-Nov-2023 03:39:31.920 情報 [main] org.apache.catalina.startup.VersionLoggerListener.log コマンドライン引数:       --add-opens=java.base/java.lang=ALL-UNNAMED
05-Nov-2023 03:39:31.920 情報 [main] org.apache.catalina.startup.VersionLoggerListener.log コマンドライン引数:       --add-opens=java.base/java.io=ALL-UNNAMED
05-Nov-2023 03:39:31.920 情報 [main] org.apache.catalina.startup.VersionLoggerListener.log コマンドライン引数:       --add-opens=java.base/java.util=ALL-UNNAMED
05-Nov-2023 03:39:31.920 情報 [main] org.apache.catalina.startup.VersionLoggerListener.log コマンドライン引数:       --add-opens=java.base/java.util.concurrent=ALL-UNNAMED
05-Nov-2023 03:39:31.921 情報 [main] org.apache.catalina.startup.VersionLoggerListener.log コマンドライン引数:       --add-opens=java.rmi/sun.rmi.transport=ALL-UNNAMED
05-Nov-2023 03:39:31.921 情報 [main] org.apache.catalina.startup.VersionLoggerListener.log コマンドライン引数:       -Dcatalina.base=/Users/aokihayata/aoki_app/tomcat
05-Nov-2023 03:39:31.921 情報 [main] org.apache.catalina.startup.VersionLoggerListener.log コマンドライン引数:       -Dcatalina.home=/Users/aokihayata/aoki_app/tomcat
05-Nov-2023 03:39:31.921 情報 [main] org.apache.catalina.startup.VersionLoggerListener.log コマンドライン引数:       -Djava.io.tmpdir=/Users/aokihayata/aoki_app/tomcat/temp
05-Nov-2023 03:39:31.923 情報 [main] org.apache.catalina.core.AprLifecycleListener.lifecycleEvent 商用環境に最適な性能を発揮する APR ベースの Tomcat ネイティブライブラリが java.library.path [/Users/aokihayata/Library/Java/Extensions:/Library/Java/Extensions:/Network/Library/Java/Extensions:/System/Library/Java/Extensions:/usr/lib/java:.] に存在しません。
05-Nov-2023 03:39:32.123 情報 [main] org.apache.coyote.AbstractProtocol.init プロトコルハンドラ ["http-nio-8080"] を初期化します。
05-Nov-2023 03:39:32.146 情報 [main] org.apache.catalina.startup.Catalina.load サーバーの初期化 [416] ミリ秒
05-Nov-2023 03:39:32.181 情報 [main] org.apache.catalina.core.StandardService.startInternal サービス [Catalina] を起動します
05-Nov-2023 03:39:32.181 情報 [main] org.apache.catalina.core.StandardEngine.startInternal サーブレットエンジンの起動：[Apache Tomcat/10.1.13]
05-Nov-2023 03:39:32.189 情報 [main] org.apache.catalina.startup.HostConfig.deployDescriptor 配備記述子 [/Users/aokihayata/aoki_app/tomcat/conf/Catalina/localhost/mywork.xml] を配備します
05-Nov-2023 03:39:32.474 情報 [main] org.apache.catalina.startup.HostConfig.deployDescriptor 配備記述子 [/Users/aokihayata/aoki_app/tomcat/conf/Catalina/localhost/mywork.xml] の展開が [283] ミリ秒で完了しました
05-Nov-2023 03:39:32.475 情報 [main] org.apache.catalina.startup.HostConfig.deployDirectory Web アプリケーションディレクトリ [/Users/aokihayata/aoki_app/tomcat/webapps/ProEnv] を配備します
05-Nov-2023 03:39:32.913 情報 [main] org.apache.jasper.servlet.TldScanner.scanJars 少なくとも1つのJARでTLDをスキャンしましたが、TLDが含まれていませんでした。スキャンしたもののTLDが見つからなかったJARの完全なリストについては、このロガーのデバッグログを有効にしてください。スキャン中に不要なJARをスキップすると、起動時間とJSPのコンパイル時間が短縮されます。
05-Nov-2023 03:39:32.915 情報 [main] org.apache.catalina.startup.HostConfig.deployDirectory ディレクトリ [/Users/aokihayata/aoki_app/tomcat/webapps/ProEnv] の Web アプリケーションの配備は [440] ミリ秒で完了しました。
05-Nov-2023 03:39:32.915 情報 [main] org.apache.catalina.startup.HostConfig.deployDirectory Web アプリケーションディレクトリ [/Users/aokihayata/aoki_app/tomcat/webapps/docs] を配備します
05-Nov-2023 03:39:32.938 情報 [main] org.apache.catalina.startup.HostConfig.deployDirectory ディレクトリ [/Users/aokihayata/aoki_app/tomcat/webapps/docs] の Web アプリケーションの配備は [22] ミリ秒で完了しました。
05-Nov-2023 03:39:32.938 情報 [main] org.apache.catalina.startup.HostConfig.deployDirectory Web アプリケーションディレクトリ [/Users/aokihayata/aoki_app/tomcat/webapps/manager] を配備します
05-Nov-2023 03:39:32.971 情報 [main] org.apache.catalina.startup.HostConfig.deployDirectory ディレクトリ [/Users/aokihayata/aoki_app/tomcat/webapps/manager] の Web アプリケーションの配備は [33] ミリ秒で完了しました。
05-Nov-2023 03:39:32.971 情報 [main] org.apache.catalina.startup.HostConfig.deployDirectory Web アプリケーションディレクトリ [/Users/aokihayata/aoki_app/tomcat/webapps/examples] を配備します
05-Nov-2023 03:39:33.194 情報 [main] org.apache.catalina.startup.HostConfig.deployDirectory ディレクトリ [/Users/aokihayata/aoki_app/tomcat/webapps/examples] の Web アプリケーションの配備は [223] ミリ秒で完了しました。
05-Nov-2023 03:39:33.195 情報 [main] org.apache.catalina.startup.HostConfig.deployDirectory Web アプリケーションディレクトリ [/Users/aokihayata/aoki_app/tomcat/webapps/ROOT] を配備します
05-Nov-2023 03:39:33.211 情報 [main] org.apache.catalina.startup.HostConfig.deployDirectory ディレクトリ [/Users/aokihayata/aoki_app/tomcat/webapps/ROOT] の Web アプリケーションの配備は [16] ミリ秒で完了しました。
05-Nov-2023 03:39:33.211 情報 [main] org.apache.catalina.startup.HostConfig.deployDirectory Web アプリケーションディレクトリ [/Users/aokihayata/aoki_app/tomcat/webapps/mydatabase] を配備します
05-Nov-2023 03:39:33.233 情報 [main] org.apache.catalina.startup.HostConfig.deployDirectory ディレクトリ [/Users/aokihayata/aoki_app/tomcat/webapps/mydatabase] の Web アプリケーションの配備は [22] ミリ秒で完了しました。
05-Nov-2023 03:39:33.233 情報 [main] org.apache.catalina.startup.HostConfig.deployDirectory Web アプリケーションディレクトリ [/Users/aokihayata/aoki_app/tomcat/webapps/host-manager] を配備します
05-Nov-2023 03:39:33.255 情報 [main] org.apache.catalina.startup.HostConfig.deployDirectory ディレクトリ [/Users/aokihayata/aoki_app/tomcat/webapps/host-manager] の Web アプリケーションの配備は [21] ミリ秒で完了しました。
05-Nov-2023 03:39:33.257 情報 [main] org.apache.coyote.AbstractProtocol.start プロトコルハンドラー ["http-nio-8080"] を開始しました。
05-Nov-2023 03:39:33.269 情報 [main] org.apache.catalina.startup.Catalina.start サーバーの起動 [1123] ミリ秒
05-Nov-2023 03:47:32.521 情報 [main] org.apache.catalina.core.StandardServer.await 有効なシャットダウンコマンドがシャットダウンポート経由で受信されました。 サーバーインスタンスを停止します。
05-Nov-2023 03:47:32.525 情報 [main] org.apache.coyote.AbstractProtocol.pause ProtocolHandler ["http-nio-8080"] を一時停止します。
05-Nov-2023 03:47:32.529 情報 [main] org.apache.catalina.core.StandardService.stopInternal サービス [Catalina] を停止します
05-Nov-2023 03:47:32.570 警告 [main] org.apache.catalina.loader.WebappClassLoaderBase.clearReferencesJdbc Web アプリケーション [ProEnv] は自身で登録した JDBC ドライバー [com.mysql.cj.jdbc.Driver] を停止時に解除できませんでした。メモリーリークの発生を防ぐには JDBC ドライバーを強制的に解除してください。
05-Nov-2023 03:47:32.571 警告 [main] org.apache.catalina.loader.WebappClassLoaderBase.clearReferencesThreads Webアプリケーション [ProEnv] は [mysql-cj-abandoned-connection-cleanup] という名前のスレッドを開始したようですが、停止に失敗しました。これはメモリリークを引き起こす可能性が非常に高いです。スレッドのスタックトレース: 
 java.base@16.0.1/java.lang.Object.wait(Native Method)
 java.base@16.0.1/java.lang.ref.ReferenceQueue.remove(ReferenceQueue.java:155)
 com.mysql.cj.jdbc.AbandonedConnectionCleanupThread.run(AbandonedConnectionCleanupThread.java:91)
 java.base@16.0.1/java.util.concurrent.ThreadPoolExecutor.runWorker(ThreadPoolExecutor.java:1130)
 java.base@16.0.1/java.util.concurrent.ThreadPoolExecutor$Worker.run(ThreadPoolExecutor.java:630)
 java.base@16.0.1/java.lang.Thread.run(Thread.java:831)
05-Nov-2023 03:47:32.579 情報 [main] org.apache.coyote.AbstractProtocol.stop ProtocolHandler ["http-nio-8080"]の停止中
05-Nov-2023 03:47:32.588 情報 [main] org.apache.coyote.AbstractProtocol.destroy ProtocolHandler ["http-nio-8080"] を破棄します。
05-Nov-2023 03:47:32.944 情報 [main] org.apache.catalina.startup.VersionLoggerListener.log Serverのバージョン名:     Apache Tomcat/10.1.13
05-Nov-2023 03:47:32.948 情報 [main] org.apache.catalina.startup.VersionLoggerListener.log Server ビルド:            Aug 23 2023 21:34:59 UTC
05-Nov-2023 03:47:32.948 情報 [main] org.apache.catalina.startup.VersionLoggerListener.log サーバーのバージョン番号: 10.1.13.0
05-Nov-2023 03:47:32.949 情報 [main] org.apache.catalina.startup.VersionLoggerListener.log OS 名:                    Mac OS X
05-Nov-2023 03:47:32.949 情報 [main] org.apache.catalina.startup.VersionLoggerListener.log OS バージョン:            11.5
05-Nov-2023 03:47:32.949 情報 [main] org.apache.catalina.startup.VersionLoggerListener.log アーキテクチャ:           x86_64
05-Nov-2023 03:47:32.949 情報 [main] org.apache.catalina.startup.VersionLoggerListener.log Java Home:                /Library/Java/JavaVirtualMachines/jdk-16.0.1.jdk/Contents/Home
05-Nov-2023 03:47:32.949 情報 [main] org.apache.catalina.startup.VersionLoggerListener.log JVM バージョン:           16.0.1+9-24
05-Nov-2023 03:47:32.949 情報 [main] org.apache.catalina.startup.VersionLoggerListener.log JVM ベンダ:               Oracle Corporation
05-Nov-2023 03:47:32.949 情報 [main] org.apache.catalina.startup.VersionLoggerListener.log CATALINA_BASE:            /Users/aokihayata/aoki_app/tomcat
05-Nov-2023 03:47:32.949 情報 [main] org.apache.catalina.startup.VersionLoggerListener.log CATALINA_HOME:            /Users/aokihayata/aoki_app/tomcat
05-Nov-2023 03:47:32.961 情報 [main] org.apache.catalina.startup.VersionLoggerListener.log コマンドライン引数:       -Djava.util.logging.config.file=/Users/aokihayata/aoki_app/tomcat/conf/logging.properties
05-Nov-2023 03:47:32.961 情報 [main] org.apache.catalina.startup.VersionLoggerListener.log コマンドライン引数:       -Djava.util.logging.manager=org.apache.juli.ClassLoaderLogManager
05-Nov-2023 03:47:32.962 情報 [main] org.apache.catalina.startup.VersionLoggerListener.log コマンドライン引数:       -Djdk.tls.ephemeralDHKeySize=2048
05-Nov-2023 03:47:32.962 情報 [main] org.apache.catalina.startup.VersionLoggerListener.log コマンドライン引数:       -Djava.protocol.handler.pkgs=org.apache.catalina.webresources
05-Nov-2023 03:47:32.962 情報 [main] org.apache.catalina.startup.VersionLoggerListener.log コマンドライン引数:       -Dorg.apache.catalina.security.SecurityListener.UMASK=0027
05-Nov-2023 03:47:32.962 情報 [main] org.apache.catalina.startup.VersionLoggerListener.log コマンドライン引数:       --add-opens=java.base/java.lang=ALL-UNNAMED
05-Nov-2023 03:47:32.962 情報 [main] org.apache.catalina.startup.VersionLoggerListener.log コマンドライン引数:       --add-opens=java.base/java.io=ALL-UNNAMED
05-Nov-2023 03:47:32.962 情報 [main] org.apache.catalina.startup.VersionLoggerListener.log コマンドライン引数:       --add-opens=java.base/java.util=ALL-UNNAMED
05-Nov-2023 03:47:32.962 情報 [main] org.apache.catalina.startup.VersionLoggerListener.log コマンドライン引数:       --add-opens=java.base/java.util.concurrent=ALL-UNNAMED
05-Nov-2023 03:47:32.962 情報 [main] org.apache.catalina.startup.VersionLoggerListener.log コマンドライン引数:       --add-opens=java.rmi/sun.rmi.transport=ALL-UNNAMED
05-Nov-2023 03:47:32.962 情報 [main] org.apache.catalina.startup.VersionLoggerListener.log コマンドライン引数:       -Dcatalina.base=/Users/aokihayata/aoki_app/tomcat
05-Nov-2023 03:47:32.963 情報 [main] org.apache.catalina.startup.VersionLoggerListener.log コマンドライン引数:       -Dcatalina.home=/Users/aokihayata/aoki_app/tomcat
05-Nov-2023 03:47:32.963 情報 [main] org.apache.catalina.startup.VersionLoggerListener.log コマンドライン引数:       -Djava.io.tmpdir=/Users/aokihayata/aoki_app/tomcat/temp
05-Nov-2023 03:47:32.965 情報 [main] org.apache.catalina.core.AprLifecycleListener.lifecycleEvent 商用環境に最適な性能を発揮する APR ベースの Tomcat ネイティブライブラリが java.library.path [/Users/aokihayata/Library/Java/Extensions:/Library/Java/Extensions:/Network/Library/Java/Extensions:/System/Library/Java/Extensions:/usr/lib/java:.] に存在しません。
05-Nov-2023 03:47:33.181 情報 [main] org.apache.coyote.AbstractProtocol.init プロトコルハンドラ ["http-nio-8080"] を初期化します。
05-Nov-2023 03:47:33.212 情報 [main] org.apache.catalina.startup.Catalina.load サーバーの初期化 [425] ミリ秒
05-Nov-2023 03:47:33.259 情報 [main] org.apache.catalina.core.StandardService.startInternal サービス [Catalina] を起動します
05-Nov-2023 03:47:33.259 情報 [main] org.apache.catalina.core.StandardEngine.startInternal サーブレットエンジンの起動：[Apache Tomcat/10.1.13]
05-Nov-2023 03:47:33.269 情報 [main] org.apache.catalina.startup.HostConfig.deployDescriptor 配備記述子 [/Users/aokihayata/aoki_app/tomcat/conf/Catalina/localhost/mywork.xml] を配備します
05-Nov-2023 03:47:33.549 情報 [main] org.apache.catalina.startup.HostConfig.deployDescriptor 配備記述子 [/Users/aokihayata/aoki_app/tomcat/conf/Catalina/localhost/mywork.xml] の展開が [279] ミリ秒で完了しました
05-Nov-2023 03:47:33.550 情報 [main] org.apache.catalina.startup.HostConfig.deployDirectory Web アプリケーションディレクトリ [/Users/aokihayata/aoki_app/tomcat/webapps/ProEnv] を配備します
05-Nov-2023 03:47:34.036 情報 [main] org.apache.jasper.servlet.TldScanner.scanJars 少なくとも1つのJARでTLDをスキャンしましたが、TLDが含まれていませんでした。スキャンしたもののTLDが見つからなかったJARの完全なリストについては、このロガーのデバッグログを有効にしてください。スキャン中に不要なJARをスキップすると、起動時間とJSPのコンパイル時間が短縮されます。
05-Nov-2023 03:47:34.038 情報 [main] org.apache.catalina.startup.HostConfig.deployDirectory ディレクトリ [/Users/aokihayata/aoki_app/tomcat/webapps/ProEnv] の Web アプリケーションの配備は [488] ミリ秒で完了しました。
05-Nov-2023 03:47:34.039 情報 [main] org.apache.catalina.startup.HostConfig.deployDirectory Web アプリケーションディレクトリ [/Users/aokihayata/aoki_app/tomcat/webapps/docs] を配備します
05-Nov-2023 03:47:34.062 情報 [main] org.apache.catalina.startup.HostConfig.deployDirectory ディレクトリ [/Users/aokihayata/aoki_app/tomcat/webapps/docs] の Web アプリケーションの配備は [23] ミリ秒で完了しました。
05-Nov-2023 03:47:34.062 情報 [main] org.apache.catalina.startup.HostConfig.deployDirectory Web アプリケーションディレクトリ [/Users/aokihayata/aoki_app/tomcat/webapps/manager] を配備します
05-Nov-2023 03:47:34.094 情報 [main] org.apache.catalina.startup.HostConfig.deployDirectory ディレクトリ [/Users/aokihayata/aoki_app/tomcat/webapps/manager] の Web アプリケーションの配備は [31] ミリ秒で完了しました。
05-Nov-2023 03:47:34.094 情報 [main] org.apache.catalina.startup.HostConfig.deployDirectory Web アプリケーションディレクトリ [/Users/aokihayata/aoki_app/tomcat/webapps/examples] を配備します
05-Nov-2023 03:47:34.326 情報 [main] org.apache.catalina.startup.HostConfig.deployDirectory ディレクトリ [/Users/aokihayata/aoki_app/tomcat/webapps/examples] の Web アプリケーションの配備は [232] ミリ秒で完了しました。
05-Nov-2023 03:47:34.326 情報 [main] org.apache.catalina.startup.HostConfig.deployDirectory Web アプリケーションディレクトリ [/Users/aokihayata/aoki_app/tomcat/webapps/ROOT] を配備します
05-Nov-2023 03:47:34.343 情報 [main] org.apache.catalina.startup.HostConfig.deployDirectory ディレクトリ [/Users/aokihayata/aoki_app/tomcat/webapps/ROOT] の Web アプリケーションの配備は [17] ミリ秒で完了しました。
05-Nov-2023 03:47:34.343 情報 [main] org.apache.catalina.startup.HostConfig.deployDirectory Web アプリケーションディレクトリ [/Users/aokihayata/aoki_app/tomcat/webapps/mydatabase] を配備します
05-Nov-2023 03:47:34.366 情報 [main] org.apache.catalina.startup.HostConfig.deployDirectory ディレクトリ [/Users/aokihayata/aoki_app/tomcat/webapps/mydatabase] の Web アプリケーションの配備は [22] ミリ秒で完了しました。
05-Nov-2023 03:47:34.366 情報 [main] org.apache.catalina.startup.HostConfig.deployDirectory Web アプリケーションディレクトリ [/Users/aokihayata/aoki_app/tomcat/webapps/host-manager] を配備します
05-Nov-2023 03:47:34.386 情報 [main] org.apache.catalina.startup.HostConfig.deployDirectory ディレクトリ [/Users/aokihayata/aoki_app/tomcat/webapps/host-manager] の Web アプリケーションの配備は [20] ミリ秒で完了しました。
05-Nov-2023 03:47:34.389 情報 [main] org.apache.coyote.AbstractProtocol.start プロトコルハンドラー ["http-nio-8080"] を開始しました。
05-Nov-2023 03:47:34.402 情報 [main] org.apache.catalina.startup.Catalina.start サーバーの起動 [1189] ミリ秒
