18-Oct-2023 19:58:47.688 情報 [main] org.apache.catalina.startup.VersionLoggerListener.log Serverのバージョン名:     Apache Tomcat/10.1.13
18-Oct-2023 19:58:47.693 情報 [main] org.apache.catalina.startup.VersionLoggerListener.log Server ビルド:            Aug 23 2023 21:34:59 UTC
18-Oct-2023 19:58:47.693 情報 [main] org.apache.catalina.startup.VersionLoggerListener.log サーバーのバージョン番号: 10.1.13.0
18-Oct-2023 19:58:47.693 情報 [main] org.apache.catalina.startup.VersionLoggerListener.log OS 名:                    Mac OS X
18-Oct-2023 19:58:47.693 情報 [main] org.apache.catalina.startup.VersionLoggerListener.log OS バージョン:            11.5
18-Oct-2023 19:58:47.693 情報 [main] org.apache.catalina.startup.VersionLoggerListener.log アーキテクチャ:           x86_64
18-Oct-2023 19:58:47.693 情報 [main] org.apache.catalina.startup.VersionLoggerListener.log Java Home:                /Library/Java/JavaVirtualMachines/jdk-16.0.1.jdk/Contents/Home
18-Oct-2023 19:58:47.693 情報 [main] org.apache.catalina.startup.VersionLoggerListener.log JVM バージョン:           16.0.1+9-24
18-Oct-2023 19:58:47.694 情報 [main] org.apache.catalina.startup.VersionLoggerListener.log JVM ベンダ:               Oracle Corporation
18-Oct-2023 19:58:47.694 情報 [main] org.apache.catalina.startup.VersionLoggerListener.log CATALINA_BASE:            /Users/aokihayata/aoki_app/tomcat
18-Oct-2023 19:58:47.695 情報 [main] org.apache.catalina.startup.VersionLoggerListener.log CATALINA_HOME:            /Users/aokihayata/aoki_app/tomcat
18-Oct-2023 19:58:47.746 情報 [main] org.apache.catalina.startup.VersionLoggerListener.log コマンドライン引数:       -Djava.util.logging.config.file=/Users/aokihayata/aoki_app/tomcat/conf/logging.properties
18-Oct-2023 19:58:47.746 情報 [main] org.apache.catalina.startup.VersionLoggerListener.log コマンドライン引数:       -Djava.util.logging.manager=org.apache.juli.ClassLoaderLogManager
18-Oct-2023 19:58:47.746 情報 [main] org.apache.catalina.startup.VersionLoggerListener.log コマンドライン引数:       -Djdk.tls.ephemeralDHKeySize=2048
18-Oct-2023 19:58:47.746 情報 [main] org.apache.catalina.startup.VersionLoggerListener.log コマンドライン引数:       -Djava.protocol.handler.pkgs=org.apache.catalina.webresources
18-Oct-2023 19:58:47.747 情報 [main] org.apache.catalina.startup.VersionLoggerListener.log コマンドライン引数:       -Dorg.apache.catalina.security.SecurityListener.UMASK=0027
18-Oct-2023 19:58:47.747 情報 [main] org.apache.catalina.startup.VersionLoggerListener.log コマンドライン引数:       --add-opens=java.base/java.lang=ALL-UNNAMED
18-Oct-2023 19:58:47.747 情報 [main] org.apache.catalina.startup.VersionLoggerListener.log コマンドライン引数:       --add-opens=java.base/java.io=ALL-UNNAMED
18-Oct-2023 19:58:47.747 情報 [main] org.apache.catalina.startup.VersionLoggerListener.log コマンドライン引数:       --add-opens=java.base/java.util=ALL-UNNAMED
18-Oct-2023 19:58:47.747 情報 [main] org.apache.catalina.startup.VersionLoggerListener.log コマンドライン引数:       --add-opens=java.base/java.util.concurrent=ALL-UNNAMED
18-Oct-2023 19:58:47.747 情報 [main] org.apache.catalina.startup.VersionLoggerListener.log コマンドライン引数:       --add-opens=java.rmi/sun.rmi.transport=ALL-UNNAMED
18-Oct-2023 19:58:47.747 情報 [main] org.apache.catalina.startup.VersionLoggerListener.log コマンドライン引数:       -Dcatalina.base=/Users/aokihayata/aoki_app/tomcat
18-Oct-2023 19:58:47.747 情報 [main] org.apache.catalina.startup.VersionLoggerListener.log コマンドライン引数:       -Dcatalina.home=/Users/aokihayata/aoki_app/tomcat
18-Oct-2023 19:58:47.748 情報 [main] org.apache.catalina.startup.VersionLoggerListener.log コマンドライン引数:       -Djava.io.tmpdir=/Users/aokihayata/aoki_app/tomcat/temp
18-Oct-2023 19:58:47.751 情報 [main] org.apache.catalina.core.AprLifecycleListener.lifecycleEvent 商用環境に最適な性能を発揮する APR ベースの Tomcat ネイティブライブラリが java.library.path [/Users/aokihayata/Library/Java/Extensions:/Library/Java/Extensions:/Network/Library/Java/Extensions:/System/Library/Java/Extensions:/usr/lib/java:.] に存在しません。
18-Oct-2023 19:58:48.044 情報 [main] org.apache.coyote.AbstractProtocol.init プロトコルハンドラ ["http-nio-8080"] を初期化します。
18-Oct-2023 19:58:48.080 情報 [main] org.apache.catalina.startup.Catalina.load サーバーの初期化 [596] ミリ秒
18-Oct-2023 19:58:48.150 情報 [main] org.apache.catalina.core.StandardService.startInternal サービス [Catalina] を起動します
18-Oct-2023 19:58:48.151 情報 [main] org.apache.catalina.core.StandardEngine.startInternal サーブレットエンジンの起動：[Apache Tomcat/10.1.13]
18-Oct-2023 19:58:48.178 情報 [main] org.apache.catalina.startup.HostConfig.deployDescriptor 配備記述子 [/Users/aokihayata/aoki_app/tomcat/conf/Catalina/localhost/mywork.xml] を配備します
18-Oct-2023 19:58:48.596 情報 [main] org.apache.catalina.startup.HostConfig.deployDescriptor 配備記述子 [/Users/aokihayata/aoki_app/tomcat/conf/Catalina/localhost/mywork.xml] の展開が [416] ミリ秒で完了しました
18-Oct-2023 19:58:48.596 情報 [main] org.apache.catalina.startup.HostConfig.deployDirectory Web アプリケーションディレクトリ [/Users/aokihayata/aoki_app/tomcat/webapps/ProEnv] を配備します
18-Oct-2023 19:58:49.013 情報 [main] org.apache.jasper.servlet.TldScanner.scanJars 少なくとも1つのJARでTLDをスキャンしましたが、TLDが含まれていませんでした。スキャンしたもののTLDが見つからなかったJARの完全なリストについては、このロガーのデバッグログを有効にしてください。スキャン中に不要なJARをスキップすると、起動時間とJSPのコンパイル時間が短縮されます。
18-Oct-2023 19:58:49.015 情報 [main] org.apache.catalina.startup.HostConfig.deployDirectory ディレクトリ [/Users/aokihayata/aoki_app/tomcat/webapps/ProEnv] の Web アプリケーションの配備は [419] ミリ秒で完了しました。
18-Oct-2023 19:58:49.015 情報 [main] org.apache.catalina.startup.HostConfig.deployDirectory Web アプリケーションディレクトリ [/Users/aokihayata/aoki_app/tomcat/webapps/docs] を配備します
18-Oct-2023 19:58:49.038 情報 [main] org.apache.catalina.startup.HostConfig.deployDirectory ディレクトリ [/Users/aokihayata/aoki_app/tomcat/webapps/docs] の Web アプリケーションの配備は [23] ミリ秒で完了しました。
18-Oct-2023 19:58:49.038 情報 [main] org.apache.catalina.startup.HostConfig.deployDirectory Web アプリケーションディレクトリ [/Users/aokihayata/aoki_app/tomcat/webapps/manager] を配備します
18-Oct-2023 19:58:49.073 情報 [main] org.apache.catalina.startup.HostConfig.deployDirectory ディレクトリ [/Users/aokihayata/aoki_app/tomcat/webapps/manager] の Web アプリケーションの配備は [35] ミリ秒で完了しました。
18-Oct-2023 19:58:49.074 情報 [main] org.apache.catalina.startup.HostConfig.deployDirectory Web アプリケーションディレクトリ [/Users/aokihayata/aoki_app/tomcat/webapps/examples] を配備します
18-Oct-2023 19:58:49.335 情報 [main] org.apache.catalina.startup.HostConfig.deployDirectory ディレクトリ [/Users/aokihayata/aoki_app/tomcat/webapps/examples] の Web アプリケーションの配備は [262] ミリ秒で完了しました。
18-Oct-2023 19:58:49.335 情報 [main] org.apache.catalina.startup.HostConfig.deployDirectory Web アプリケーションディレクトリ [/Users/aokihayata/aoki_app/tomcat/webapps/ROOT] を配備します
18-Oct-2023 19:58:49.358 情報 [main] org.apache.catalina.startup.HostConfig.deployDirectory ディレクトリ [/Users/aokihayata/aoki_app/tomcat/webapps/ROOT] の Web アプリケーションの配備は [23] ミリ秒で完了しました。
18-Oct-2023 19:58:49.358 情報 [main] org.apache.catalina.startup.HostConfig.deployDirectory Web アプリケーションディレクトリ [/Users/aokihayata/aoki_app/tomcat/webapps/mydatabase] を配備します
18-Oct-2023 19:58:49.390 情報 [main] org.apache.catalina.startup.HostConfig.deployDirectory ディレクトリ [/Users/aokihayata/aoki_app/tomcat/webapps/mydatabase] の Web アプリケーションの配備は [31] ミリ秒で完了しました。
18-Oct-2023 19:58:49.390 情報 [main] org.apache.catalina.startup.HostConfig.deployDirectory Web アプリケーションディレクトリ [/Users/aokihayata/aoki_app/tomcat/webapps/host-manager] を配備します
18-Oct-2023 19:58:49.412 情報 [main] org.apache.catalina.startup.HostConfig.deployDirectory ディレクトリ [/Users/aokihayata/aoki_app/tomcat/webapps/host-manager] の Web アプリケーションの配備は [22] ミリ秒で完了しました。
18-Oct-2023 19:58:49.417 情報 [main] org.apache.coyote.AbstractProtocol.start プロトコルハンドラー ["http-nio-8080"] を開始しました。
18-Oct-2023 19:58:49.439 情報 [main] org.apache.catalina.startup.Catalina.start サーバーの起動 [1359] ミリ秒
18-Oct-2023 21:00:02.362 情報 [main] org.apache.catalina.core.StandardServer.await 有効なシャットダウンコマンドがシャットダウンポート経由で受信されました。 サーバーインスタンスを停止します。
18-Oct-2023 21:00:02.370 情報 [main] org.apache.coyote.AbstractProtocol.pause ProtocolHandler ["http-nio-8080"] を一時停止します。
18-Oct-2023 21:00:02.375 情報 [main] org.apache.catalina.core.StandardService.stopInternal サービス [Catalina] を停止します
18-Oct-2023 21:00:02.449 警告 [main] org.apache.catalina.loader.WebappClassLoaderBase.clearReferencesJdbc Web アプリケーション [ProEnv] は自身で登録した JDBC ドライバー [com.mysql.cj.jdbc.Driver] を停止時に解除できませんでした。メモリーリークの発生を防ぐには JDBC ドライバーを強制的に解除してください。
18-Oct-2023 21:00:02.451 警告 [main] org.apache.catalina.loader.WebappClassLoaderBase.clearReferencesThreads Webアプリケーション [ProEnv] は [mysql-cj-abandoned-connection-cleanup] という名前のスレッドを開始したようですが、停止に失敗しました。これはメモリリークを引き起こす可能性が非常に高いです。スレッドのスタックトレース: 
 java.base@16.0.1/java.lang.Object.wait(Native Method)
 java.base@16.0.1/java.lang.ref.ReferenceQueue.remove(ReferenceQueue.java:155)
 com.mysql.cj.jdbc.AbandonedConnectionCleanupThread.run(AbandonedConnectionCleanupThread.java:91)
 java.base@16.0.1/java.util.concurrent.ThreadPoolExecutor.runWorker(ThreadPoolExecutor.java:1130)
 java.base@16.0.1/java.util.concurrent.ThreadPoolExecutor$Worker.run(ThreadPoolExecutor.java:630)
 java.base@16.0.1/java.lang.Thread.run(Thread.java:831)
18-Oct-2023 21:00:02.458 情報 [main] org.apache.coyote.AbstractProtocol.stop ProtocolHandler ["http-nio-8080"]の停止中
18-Oct-2023 21:00:02.472 情報 [main] org.apache.coyote.AbstractProtocol.destroy ProtocolHandler ["http-nio-8080"] を破棄します。
18-Oct-2023 21:00:02.774 情報 [main] org.apache.catalina.startup.VersionLoggerListener.log Serverのバージョン名:     Apache Tomcat/10.1.13
18-Oct-2023 21:00:02.777 情報 [main] org.apache.catalina.startup.VersionLoggerListener.log Server ビルド:            Aug 23 2023 21:34:59 UTC
18-Oct-2023 21:00:02.777 情報 [main] org.apache.catalina.startup.VersionLoggerListener.log サーバーのバージョン番号: 10.1.13.0
18-Oct-2023 21:00:02.777 情報 [main] org.apache.catalina.startup.VersionLoggerListener.log OS 名:                    Mac OS X
18-Oct-2023 21:00:02.777 情報 [main] org.apache.catalina.startup.VersionLoggerListener.log OS バージョン:            11.5
18-Oct-2023 21:00:02.778 情報 [main] org.apache.catalina.startup.VersionLoggerListener.log アーキテクチャ:           x86_64
18-Oct-2023 21:00:02.778 情報 [main] org.apache.catalina.startup.VersionLoggerListener.log Java Home:                /Library/Java/JavaVirtualMachines/jdk-16.0.1.jdk/Contents/Home
18-Oct-2023 21:00:02.778 情報 [main] org.apache.catalina.startup.VersionLoggerListener.log JVM バージョン:           16.0.1+9-24
18-Oct-2023 21:00:02.778 情報 [main] org.apache.catalina.startup.VersionLoggerListener.log JVM ベンダ:               Oracle Corporation
18-Oct-2023 21:00:02.778 情報 [main] org.apache.catalina.startup.VersionLoggerListener.log CATALINA_BASE:            /Users/aokihayata/aoki_app/tomcat
18-Oct-2023 21:00:02.778 情報 [main] org.apache.catalina.startup.VersionLoggerListener.log CATALINA_HOME:            /Users/aokihayata/aoki_app/tomcat
18-Oct-2023 21:00:02.795 情報 [main] org.apache.catalina.startup.VersionLoggerListener.log コマンドライン引数:       -Djava.util.logging.config.file=/Users/aokihayata/aoki_app/tomcat/conf/logging.properties
18-Oct-2023 21:00:02.795 情報 [main] org.apache.catalina.startup.VersionLoggerListener.log コマンドライン引数:       -Djava.util.logging.manager=org.apache.juli.ClassLoaderLogManager
18-Oct-2023 21:00:02.795 情報 [main] org.apache.catalina.startup.VersionLoggerListener.log コマンドライン引数:       -Djdk.tls.ephemeralDHKeySize=2048
18-Oct-2023 21:00:02.795 情報 [main] org.apache.catalina.startup.VersionLoggerListener.log コマンドライン引数:       -Djava.protocol.handler.pkgs=org.apache.catalina.webresources
18-Oct-2023 21:00:02.796 情報 [main] org.apache.catalina.startup.VersionLoggerListener.log コマンドライン引数:       -Dorg.apache.catalina.security.SecurityListener.UMASK=0027
18-Oct-2023 21:00:02.796 情報 [main] org.apache.catalina.startup.VersionLoggerListener.log コマンドライン引数:       --add-opens=java.base/java.lang=ALL-UNNAMED
18-Oct-2023 21:00:02.796 情報 [main] org.apache.catalina.startup.VersionLoggerListener.log コマンドライン引数:       --add-opens=java.base/java.io=ALL-UNNAMED
18-Oct-2023 21:00:02.796 情報 [main] org.apache.catalina.startup.VersionLoggerListener.log コマンドライン引数:       --add-opens=java.base/java.util=ALL-UNNAMED
18-Oct-2023 21:00:02.796 情報 [main] org.apache.catalina.startup.VersionLoggerListener.log コマンドライン引数:       --add-opens=java.base/java.util.concurrent=ALL-UNNAMED
18-Oct-2023 21:00:02.796 情報 [main] org.apache.catalina.startup.VersionLoggerListener.log コマンドライン引数:       --add-opens=java.rmi/sun.rmi.transport=ALL-UNNAMED
18-Oct-2023 21:00:02.796 情報 [main] org.apache.catalina.startup.VersionLoggerListener.log コマンドライン引数:       -Dcatalina.base=/Users/aokihayata/aoki_app/tomcat
18-Oct-2023 21:00:02.796 情報 [main] org.apache.catalina.startup.VersionLoggerListener.log コマンドライン引数:       -Dcatalina.home=/Users/aokihayata/aoki_app/tomcat
18-Oct-2023 21:00:02.796 情報 [main] org.apache.catalina.startup.VersionLoggerListener.log コマンドライン引数:       -Djava.io.tmpdir=/Users/aokihayata/aoki_app/tomcat/temp
18-Oct-2023 21:00:02.799 情報 [main] org.apache.catalina.core.AprLifecycleListener.lifecycleEvent 商用環境に最適な性能を発揮する APR ベースの Tomcat ネイティブライブラリが java.library.path [/Users/aokihayata/Library/Java/Extensions:/Library/Java/Extensions:/Network/Library/Java/Extensions:/System/Library/Java/Extensions:/usr/lib/java:.] に存在しません。
18-Oct-2023 21:00:03.074 情報 [main] org.apache.coyote.AbstractProtocol.init プロトコルハンドラ ["http-nio-8080"] を初期化します。
18-Oct-2023 21:00:03.107 情報 [main] org.apache.catalina.startup.Catalina.load サーバーの初期化 [482] ミリ秒
18-Oct-2023 21:00:03.160 情報 [main] org.apache.catalina.core.StandardService.startInternal サービス [Catalina] を起動します
18-Oct-2023 21:00:03.160 情報 [main] org.apache.catalina.core.StandardEngine.startInternal サーブレットエンジンの起動：[Apache Tomcat/10.1.13]
18-Oct-2023 21:00:03.168 情報 [main] org.apache.catalina.startup.HostConfig.deployDescriptor 配備記述子 [/Users/aokihayata/aoki_app/tomcat/conf/Catalina/localhost/mywork.xml] を配備します
18-Oct-2023 21:00:03.436 情報 [main] org.apache.catalina.startup.HostConfig.deployDescriptor 配備記述子 [/Users/aokihayata/aoki_app/tomcat/conf/Catalina/localhost/mywork.xml] の展開が [265] ミリ秒で完了しました
18-Oct-2023 21:00:03.436 情報 [main] org.apache.catalina.startup.HostConfig.deployDirectory Web アプリケーションディレクトリ [/Users/aokihayata/aoki_app/tomcat/webapps/ProEnv] を配備します
18-Oct-2023 21:00:03.962 情報 [main] org.apache.jasper.servlet.TldScanner.scanJars 少なくとも1つのJARでTLDをスキャンしましたが、TLDが含まれていませんでした。スキャンしたもののTLDが見つからなかったJARの完全なリストについては、このロガーのデバッグログを有効にしてください。スキャン中に不要なJARをスキップすると、起動時間とJSPのコンパイル時間が短縮されます。
18-Oct-2023 21:00:03.964 情報 [main] org.apache.catalina.startup.HostConfig.deployDirectory ディレクトリ [/Users/aokihayata/aoki_app/tomcat/webapps/ProEnv] の Web アプリケーションの配備は [528] ミリ秒で完了しました。
18-Oct-2023 21:00:03.964 情報 [main] org.apache.catalina.startup.HostConfig.deployDirectory Web アプリケーションディレクトリ [/Users/aokihayata/aoki_app/tomcat/webapps/docs] を配備します
18-Oct-2023 21:00:04.039 情報 [main] org.apache.catalina.startup.HostConfig.deployDirectory ディレクトリ [/Users/aokihayata/aoki_app/tomcat/webapps/docs] の Web アプリケーションの配備は [74] ミリ秒で完了しました。
18-Oct-2023 21:00:04.039 情報 [main] org.apache.catalina.startup.HostConfig.deployDirectory Web アプリケーションディレクトリ [/Users/aokihayata/aoki_app/tomcat/webapps/manager] を配備します
18-Oct-2023 21:00:04.069 情報 [main] org.apache.catalina.startup.HostConfig.deployDirectory ディレクトリ [/Users/aokihayata/aoki_app/tomcat/webapps/manager] の Web アプリケーションの配備は [30] ミリ秒で完了しました。
18-Oct-2023 21:00:04.070 情報 [main] org.apache.catalina.startup.HostConfig.deployDirectory Web アプリケーションディレクトリ [/Users/aokihayata/aoki_app/tomcat/webapps/examples] を配備します
18-Oct-2023 21:00:04.278 情報 [main] org.apache.catalina.startup.HostConfig.deployDirectory ディレクトリ [/Users/aokihayata/aoki_app/tomcat/webapps/examples] の Web アプリケーションの配備は [208] ミリ秒で完了しました。
18-Oct-2023 21:00:04.278 情報 [main] org.apache.catalina.startup.HostConfig.deployDirectory Web アプリケーションディレクトリ [/Users/aokihayata/aoki_app/tomcat/webapps/ROOT] を配備します
18-Oct-2023 21:00:04.292 情報 [main] org.apache.catalina.startup.HostConfig.deployDirectory ディレクトリ [/Users/aokihayata/aoki_app/tomcat/webapps/ROOT] の Web アプリケーションの配備は [14] ミリ秒で完了しました。
18-Oct-2023 21:00:04.292 情報 [main] org.apache.catalina.startup.HostConfig.deployDirectory Web アプリケーションディレクトリ [/Users/aokihayata/aoki_app/tomcat/webapps/mydatabase] を配備します
18-Oct-2023 21:00:04.317 情報 [main] org.apache.catalina.startup.HostConfig.deployDirectory ディレクトリ [/Users/aokihayata/aoki_app/tomcat/webapps/mydatabase] の Web アプリケーションの配備は [25] ミリ秒で完了しました。
18-Oct-2023 21:00:04.318 情報 [main] org.apache.catalina.startup.HostConfig.deployDirectory Web アプリケーションディレクトリ [/Users/aokihayata/aoki_app/tomcat/webapps/host-manager] を配備します
18-Oct-2023 21:00:04.338 情報 [main] org.apache.catalina.startup.HostConfig.deployDirectory ディレクトリ [/Users/aokihayata/aoki_app/tomcat/webapps/host-manager] の Web アプリケーションの配備は [21] ミリ秒で完了しました。
18-Oct-2023 21:00:04.341 情報 [main] org.apache.coyote.AbstractProtocol.start プロトコルハンドラー ["http-nio-8080"] を開始しました。
18-Oct-2023 21:00:04.356 情報 [main] org.apache.catalina.startup.Catalina.start サーバーの起動 [1247] ミリ秒
