27-Nov-2023 15:54:07.719 情報 [main] org.apache.catalina.startup.VersionLoggerListener.log Serverのバージョン名:     Apache Tomcat/10.1.13
27-Nov-2023 15:54:07.724 情報 [main] org.apache.catalina.startup.VersionLoggerListener.log Server ビルド:            Aug 23 2023 21:34:59 UTC
27-Nov-2023 15:54:07.724 情報 [main] org.apache.catalina.startup.VersionLoggerListener.log サーバーのバージョン番号: 10.1.13.0
27-Nov-2023 15:54:07.725 情報 [main] org.apache.catalina.startup.VersionLoggerListener.log OS 名:                    Mac OS X
27-Nov-2023 15:54:07.725 情報 [main] org.apache.catalina.startup.VersionLoggerListener.log OS バージョン:            11.5
27-Nov-2023 15:54:07.726 情報 [main] org.apache.catalina.startup.VersionLoggerListener.log アーキテクチャ:           x86_64
27-Nov-2023 15:54:07.726 情報 [main] org.apache.catalina.startup.VersionLoggerListener.log Java Home:                /Library/Java/JavaVirtualMachines/jdk-16.0.1.jdk/Contents/Home
27-Nov-2023 15:54:07.726 情報 [main] org.apache.catalina.startup.VersionLoggerListener.log JVM バージョン:           16.0.1+9-24
27-Nov-2023 15:54:07.726 情報 [main] org.apache.catalina.startup.VersionLoggerListener.log JVM ベンダ:               Oracle Corporation
27-Nov-2023 15:54:07.726 情報 [main] org.apache.catalina.startup.VersionLoggerListener.log CATALINA_BASE:            /Users/aokihayata/aoki_app/tomcat
27-Nov-2023 15:54:07.726 情報 [main] org.apache.catalina.startup.VersionLoggerListener.log CATALINA_HOME:            /Users/aokihayata/aoki_app/tomcat
27-Nov-2023 15:54:07.779 情報 [main] org.apache.catalina.startup.VersionLoggerListener.log コマンドライン引数:       -Djava.util.logging.config.file=/Users/aokihayata/aoki_app/tomcat/conf/logging.properties
27-Nov-2023 15:54:07.826 情報 [main] org.apache.catalina.startup.VersionLoggerListener.log コマンドライン引数:       -Djava.util.logging.manager=org.apache.juli.ClassLoaderLogManager
27-Nov-2023 15:54:07.827 情報 [main] org.apache.catalina.startup.VersionLoggerListener.log コマンドライン引数:       -Djdk.tls.ephemeralDHKeySize=2048
27-Nov-2023 15:54:07.827 情報 [main] org.apache.catalina.startup.VersionLoggerListener.log コマンドライン引数:       -Djava.protocol.handler.pkgs=org.apache.catalina.webresources
27-Nov-2023 15:54:07.827 情報 [main] org.apache.catalina.startup.VersionLoggerListener.log コマンドライン引数:       -Dorg.apache.catalina.security.SecurityListener.UMASK=0027
27-Nov-2023 15:54:07.827 情報 [main] org.apache.catalina.startup.VersionLoggerListener.log コマンドライン引数:       --add-opens=java.base/java.lang=ALL-UNNAMED
27-Nov-2023 15:54:07.827 情報 [main] org.apache.catalina.startup.VersionLoggerListener.log コマンドライン引数:       --add-opens=java.base/java.io=ALL-UNNAMED
27-Nov-2023 15:54:07.828 情報 [main] org.apache.catalina.startup.VersionLoggerListener.log コマンドライン引数:       --add-opens=java.base/java.util=ALL-UNNAMED
27-Nov-2023 15:54:07.828 情報 [main] org.apache.catalina.startup.VersionLoggerListener.log コマンドライン引数:       --add-opens=java.base/java.util.concurrent=ALL-UNNAMED
27-Nov-2023 15:54:07.828 情報 [main] org.apache.catalina.startup.VersionLoggerListener.log コマンドライン引数:       --add-opens=java.rmi/sun.rmi.transport=ALL-UNNAMED
27-Nov-2023 15:54:07.828 情報 [main] org.apache.catalina.startup.VersionLoggerListener.log コマンドライン引数:       -Dcatalina.base=/Users/aokihayata/aoki_app/tomcat
27-Nov-2023 15:54:07.829 情報 [main] org.apache.catalina.startup.VersionLoggerListener.log コマンドライン引数:       -Dcatalina.home=/Users/aokihayata/aoki_app/tomcat
27-Nov-2023 15:54:07.829 情報 [main] org.apache.catalina.startup.VersionLoggerListener.log コマンドライン引数:       -Djava.io.tmpdir=/Users/aokihayata/aoki_app/tomcat/temp
27-Nov-2023 15:54:07.833 情報 [main] org.apache.catalina.core.AprLifecycleListener.lifecycleEvent 商用環境に最適な性能を発揮する APR ベースの Tomcat ネイティブライブラリが java.library.path [/Users/aokihayata/Library/Java/Extensions:/Library/Java/Extensions:/Network/Library/Java/Extensions:/System/Library/Java/Extensions:/usr/lib/java:.] に存在しません。
27-Nov-2023 15:54:08.215 情報 [main] org.apache.coyote.AbstractProtocol.init プロトコルハンドラ ["http-nio-8080"] を初期化します。
27-Nov-2023 15:54:08.261 情報 [main] org.apache.catalina.startup.Catalina.load サーバーの初期化 [760] ミリ秒
27-Nov-2023 15:54:08.336 情報 [main] org.apache.catalina.core.StandardService.startInternal サービス [Catalina] を起動します
27-Nov-2023 15:54:08.336 情報 [main] org.apache.catalina.core.StandardEngine.startInternal サーブレットエンジンの起動：[Apache Tomcat/10.1.13]
27-Nov-2023 15:54:08.351 情報 [main] org.apache.catalina.startup.HostConfig.deployDirectory Web アプリケーションディレクトリ [/Users/aokihayata/aoki_app/tomcat/webapps/ProEnv] を配備します
27-Nov-2023 15:54:09.486 情報 [main] org.apache.jasper.servlet.TldScanner.scanJars 少なくとも1つのJARでTLDをスキャンしましたが、TLDが含まれていませんでした。スキャンしたもののTLDが見つからなかったJARの完全なリストについては、このロガーのデバッグログを有効にしてください。スキャン中に不要なJARをスキップすると、起動時間とJSPのコンパイル時間が短縮されます。
27-Nov-2023 15:54:09.556 情報 [main] org.apache.catalina.startup.HostConfig.deployDirectory ディレクトリ [/Users/aokihayata/aoki_app/tomcat/webapps/ProEnv] の Web アプリケーションの配備は [1,202] ミリ秒で完了しました。
27-Nov-2023 15:54:09.557 情報 [main] org.apache.catalina.startup.HostConfig.deployDirectory Web アプリケーションディレクトリ [/Users/aokihayata/aoki_app/tomcat/webapps/docs] を配備します
27-Nov-2023 15:54:10.064 情報 [main] org.apache.jasper.servlet.TldScanner.scanJars 少なくとも1つのJARでTLDをスキャンしましたが、TLDが含まれていませんでした。スキャンしたもののTLDが見つからなかったJARの完全なリストについては、このロガーのデバッグログを有効にしてください。スキャン中に不要なJARをスキップすると、起動時間とJSPのコンパイル時間が短縮されます。
27-Nov-2023 15:54:10.066 情報 [main] org.apache.catalina.startup.HostConfig.deployDirectory ディレクトリ [/Users/aokihayata/aoki_app/tomcat/webapps/docs] の Web アプリケーションの配備は [509] ミリ秒で完了しました。
27-Nov-2023 15:54:10.067 情報 [main] org.apache.catalina.startup.HostConfig.deployDirectory Web アプリケーションディレクトリ [/Users/aokihayata/aoki_app/tomcat/webapps/manager] を配備します
27-Nov-2023 15:54:10.469 情報 [main] org.apache.jasper.servlet.TldScanner.scanJars 少なくとも1つのJARでTLDをスキャンしましたが、TLDが含まれていませんでした。スキャンしたもののTLDが見つからなかったJARの完全なリストについては、このロガーのデバッグログを有効にしてください。スキャン中に不要なJARをスキップすると、起動時間とJSPのコンパイル時間が短縮されます。
27-Nov-2023 15:54:10.479 情報 [main] org.apache.catalina.startup.HostConfig.deployDirectory ディレクトリ [/Users/aokihayata/aoki_app/tomcat/webapps/manager] の Web アプリケーションの配備は [412] ミリ秒で完了しました。
27-Nov-2023 15:54:10.480 情報 [main] org.apache.catalina.startup.HostConfig.deployDirectory Web アプリケーションディレクトリ [/Users/aokihayata/aoki_app/tomcat/webapps/examples] を配備します
27-Nov-2023 15:54:11.225 情報 [main] org.apache.jasper.servlet.TldScanner.scanJars 少なくとも1つのJARでTLDをスキャンしましたが、TLDが含まれていませんでした。スキャンしたもののTLDが見つからなかったJARの完全なリストについては、このロガーのデバッグログを有効にしてください。スキャン中に不要なJARをスキップすると、起動時間とJSPのコンパイル時間が短縮されます。
27-Nov-2023 15:54:11.247 情報 [main] org.apache.catalina.startup.HostConfig.deployDirectory ディレクトリ [/Users/aokihayata/aoki_app/tomcat/webapps/examples] の Web アプリケーションの配備は [767] ミリ秒で完了しました。
27-Nov-2023 15:54:11.247 情報 [main] org.apache.catalina.startup.HostConfig.deployDirectory Web アプリケーションディレクトリ [/Users/aokihayata/aoki_app/tomcat/webapps/ROOT] を配備します
27-Nov-2023 15:54:11.680 情報 [main] org.apache.jasper.servlet.TldScanner.scanJars 少なくとも1つのJARでTLDをスキャンしましたが、TLDが含まれていませんでした。スキャンしたもののTLDが見つからなかったJARの完全なリストについては、このロガーのデバッグログを有効にしてください。スキャン中に不要なJARをスキップすると、起動時間とJSPのコンパイル時間が短縮されます。
27-Nov-2023 15:54:11.683 情報 [main] org.apache.catalina.startup.HostConfig.deployDirectory ディレクトリ [/Users/aokihayata/aoki_app/tomcat/webapps/ROOT] の Web アプリケーションの配備は [435] ミリ秒で完了しました。
27-Nov-2023 15:54:11.683 情報 [main] org.apache.catalina.startup.HostConfig.deployDirectory Web アプリケーションディレクトリ [/Users/aokihayata/aoki_app/tomcat/webapps/mydatabase] を配備します
27-Nov-2023 15:54:12.150 情報 [main] org.apache.jasper.servlet.TldScanner.scanJars 少なくとも1つのJARでTLDをスキャンしましたが、TLDが含まれていませんでした。スキャンしたもののTLDが見つからなかったJARの完全なリストについては、このロガーのデバッグログを有効にしてください。スキャン中に不要なJARをスキップすると、起動時間とJSPのコンパイル時間が短縮されます。
27-Nov-2023 15:54:12.186 情報 [main] org.apache.catalina.startup.HostConfig.deployDirectory ディレクトリ [/Users/aokihayata/aoki_app/tomcat/webapps/mydatabase] の Web アプリケーションの配備は [503] ミリ秒で完了しました。
27-Nov-2023 15:54:12.235 情報 [main] org.apache.catalina.startup.HostConfig.deployDirectory Web アプリケーションディレクトリ [/Users/aokihayata/aoki_app/tomcat/webapps/host-manager] を配備します
27-Nov-2023 15:54:12.592 情報 [main] org.apache.jasper.servlet.TldScanner.scanJars 少なくとも1つのJARでTLDをスキャンしましたが、TLDが含まれていませんでした。スキャンしたもののTLDが見つからなかったJARの完全なリストについては、このロガーのデバッグログを有効にしてください。スキャン中に不要なJARをスキップすると、起動時間とJSPのコンパイル時間が短縮されます。
27-Nov-2023 15:54:12.595 情報 [main] org.apache.catalina.startup.HostConfig.deployDirectory ディレクトリ [/Users/aokihayata/aoki_app/tomcat/webapps/host-manager] の Web アプリケーションの配備は [360] ミリ秒で完了しました。
27-Nov-2023 15:54:12.599 情報 [main] org.apache.coyote.AbstractProtocol.start プロトコルハンドラー ["http-nio-8080"] を開始しました。
27-Nov-2023 15:54:12.618 情報 [main] org.apache.catalina.startup.Catalina.start サーバーの起動 [4356] ミリ秒
