21-Nov-2023 00:42:15.879 情報 [main] org.apache.catalina.core.StandardServer.await 有効なシャットダウンコマンドがシャットダウンポート経由で受信されました。 サーバーインスタンスを停止します。
21-Nov-2023 00:42:15.890 情報 [main] org.apache.coyote.AbstractProtocol.pause ProtocolHandler ["http-nio-8080"] を一時停止します。
21-Nov-2023 00:42:15.895 情報 [main] org.apache.catalina.core.StandardService.stopInternal サービス [Catalina] を停止します
21-Nov-2023 00:42:15.967 警告 [main] org.apache.catalina.loader.WebappClassLoaderBase.clearReferencesJdbc Web アプリケーション [ProEnv] は自身で登録した JDBC ドライバー [com.mysql.cj.jdbc.Driver] を停止時に解除できませんでした。メモリーリークの発生を防ぐには JDBC ドライバーを強制的に解除してください。
21-Nov-2023 00:42:15.973 警告 [main] org.apache.catalina.loader.WebappClassLoaderBase.clearReferencesThreads Webアプリケーション [ProEnv] は [mysql-cj-abandoned-connection-cleanup] という名前のスレッドを開始したようですが、停止に失敗しました。これはメモリリークを引き起こす可能性が非常に高いです。スレッドのスタックトレース: 
 java.base@16.0.1/java.lang.Object.wait(Native Method)
 java.base@16.0.1/java.lang.ref.ReferenceQueue.remove(ReferenceQueue.java:155)
 com.mysql.cj.jdbc.AbandonedConnectionCleanupThread.run(AbandonedConnectionCleanupThread.java:91)
 java.base@16.0.1/java.util.concurrent.ThreadPoolExecutor.runWorker(ThreadPoolExecutor.java:1130)
 java.base@16.0.1/java.util.concurrent.ThreadPoolExecutor$Worker.run(ThreadPoolExecutor.java:630)
 java.base@16.0.1/java.lang.Thread.run(Thread.java:831)
21-Nov-2023 00:42:15.979 情報 [main] org.apache.coyote.AbstractProtocol.stop ProtocolHandler ["http-nio-8080"]の停止中
21-Nov-2023 00:42:16.002 情報 [33] org.apache.catalina.loader.WebappClassLoaderBase.checkStateForResourceLoading 不正なアクセス: このWebアプリケーションのインスタンスは既に停止されています  Could not load []. 不正なアクセスを引き起こしたスレッドを終了させ、投げられたエラーによりデバッグ用に次のスタックトレースが生成されましたが，機能に影響はありません
	java.lang.IllegalStateException: 不正なアクセス: このWebアプリケーションのインスタンスは既に停止されています  Could not load []. 不正なアクセスを引き起こしたスレッドを終了させ、投げられたエラーによりデバッグ用に次のスタックトレースが生成されましたが，機能に影響はありません
		at org.apache.catalina.loader.WebappClassLoaderBase.checkStateForResourceLoading(WebappClassLoaderBase.java:1457)
		at org.apache.catalina.loader.WebappClassLoaderBase.getResource(WebappClassLoaderBase.java:1047)
		at com.mysql.cj.jdbc.AbandonedConnectionCleanupThread.checkThreadContextClassLoader(AbandonedConnectionCleanupThread.java:123)
		at com.mysql.cj.jdbc.AbandonedConnectionCleanupThread.run(AbandonedConnectionCleanupThread.java:90)
		at java.base/java.util.concurrent.ThreadPoolExecutor.runWorker(ThreadPoolExecutor.java:1130)
		at java.base/java.util.concurrent.ThreadPoolExecutor$Worker.run(ThreadPoolExecutor.java:630)
		at java.base/java.lang.Thread.run(Thread.java:831)
21-Nov-2023 00:42:16.004 情報 [main] org.apache.coyote.AbstractProtocol.destroy ProtocolHandler ["http-nio-8080"] を破棄します。
21-Nov-2023 00:42:16.331 情報 [main] org.apache.catalina.startup.VersionLoggerListener.log Serverのバージョン名:     Apache Tomcat/10.1.13
21-Nov-2023 00:42:16.335 情報 [main] org.apache.catalina.startup.VersionLoggerListener.log Server ビルド:            Aug 23 2023 21:34:59 UTC
21-Nov-2023 00:42:16.335 情報 [main] org.apache.catalina.startup.VersionLoggerListener.log サーバーのバージョン番号: 10.1.13.0
21-Nov-2023 00:42:16.335 情報 [main] org.apache.catalina.startup.VersionLoggerListener.log OS 名:                    Mac OS X
21-Nov-2023 00:42:16.335 情報 [main] org.apache.catalina.startup.VersionLoggerListener.log OS バージョン:            11.5
21-Nov-2023 00:42:16.335 情報 [main] org.apache.catalina.startup.VersionLoggerListener.log アーキテクチャ:           x86_64
21-Nov-2023 00:42:16.335 情報 [main] org.apache.catalina.startup.VersionLoggerListener.log Java Home:                /Library/Java/JavaVirtualMachines/jdk-16.0.1.jdk/Contents/Home
21-Nov-2023 00:42:16.336 情報 [main] org.apache.catalina.startup.VersionLoggerListener.log JVM バージョン:           16.0.1+9-24
21-Nov-2023 00:42:16.336 情報 [main] org.apache.catalina.startup.VersionLoggerListener.log JVM ベンダ:               Oracle Corporation
21-Nov-2023 00:42:16.336 情報 [main] org.apache.catalina.startup.VersionLoggerListener.log CATALINA_BASE:            /Users/aokihayata/aoki_app/tomcat
21-Nov-2023 00:42:16.336 情報 [main] org.apache.catalina.startup.VersionLoggerListener.log CATALINA_HOME:            /Users/aokihayata/aoki_app/tomcat
21-Nov-2023 00:42:16.353 情報 [main] org.apache.catalina.startup.VersionLoggerListener.log コマンドライン引数:       -Djava.util.logging.config.file=/Users/aokihayata/aoki_app/tomcat/conf/logging.properties
21-Nov-2023 00:42:16.353 情報 [main] org.apache.catalina.startup.VersionLoggerListener.log コマンドライン引数:       -Djava.util.logging.manager=org.apache.juli.ClassLoaderLogManager
21-Nov-2023 00:42:16.353 情報 [main] org.apache.catalina.startup.VersionLoggerListener.log コマンドライン引数:       -Djdk.tls.ephemeralDHKeySize=2048
21-Nov-2023 00:42:16.353 情報 [main] org.apache.catalina.startup.VersionLoggerListener.log コマンドライン引数:       -Djava.protocol.handler.pkgs=org.apache.catalina.webresources
21-Nov-2023 00:42:16.353 情報 [main] org.apache.catalina.startup.VersionLoggerListener.log コマンドライン引数:       -Dorg.apache.catalina.security.SecurityListener.UMASK=0027
21-Nov-2023 00:42:16.353 情報 [main] org.apache.catalina.startup.VersionLoggerListener.log コマンドライン引数:       --add-opens=java.base/java.lang=ALL-UNNAMED
21-Nov-2023 00:42:16.354 情報 [main] org.apache.catalina.startup.VersionLoggerListener.log コマンドライン引数:       --add-opens=java.base/java.io=ALL-UNNAMED
21-Nov-2023 00:42:16.354 情報 [main] org.apache.catalina.startup.VersionLoggerListener.log コマンドライン引数:       --add-opens=java.base/java.util=ALL-UNNAMED
21-Nov-2023 00:42:16.354 情報 [main] org.apache.catalina.startup.VersionLoggerListener.log コマンドライン引数:       --add-opens=java.base/java.util.concurrent=ALL-UNNAMED
21-Nov-2023 00:42:16.354 情報 [main] org.apache.catalina.startup.VersionLoggerListener.log コマンドライン引数:       --add-opens=java.rmi/sun.rmi.transport=ALL-UNNAMED
21-Nov-2023 00:42:16.354 情報 [main] org.apache.catalina.startup.VersionLoggerListener.log コマンドライン引数:       -Dcatalina.base=/Users/aokihayata/aoki_app/tomcat
21-Nov-2023 00:42:16.354 情報 [main] org.apache.catalina.startup.VersionLoggerListener.log コマンドライン引数:       -Dcatalina.home=/Users/aokihayata/aoki_app/tomcat
21-Nov-2023 00:42:16.354 情報 [main] org.apache.catalina.startup.VersionLoggerListener.log コマンドライン引数:       -Djava.io.tmpdir=/Users/aokihayata/aoki_app/tomcat/temp
21-Nov-2023 00:42:16.357 情報 [main] org.apache.catalina.core.AprLifecycleListener.lifecycleEvent 商用環境に最適な性能を発揮する APR ベースの Tomcat ネイティブライブラリが java.library.path [/Users/aokihayata/Library/Java/Extensions:/Library/Java/Extensions:/Network/Library/Java/Extensions:/System/Library/Java/Extensions:/usr/lib/java:.] に存在しません。
21-Nov-2023 00:42:16.606 情報 [main] org.apache.coyote.AbstractProtocol.init プロトコルハンドラ ["http-nio-8080"] を初期化します。
21-Nov-2023 00:42:16.631 情報 [main] org.apache.catalina.startup.Catalina.load サーバーの初期化 [482] ミリ秒
21-Nov-2023 00:42:16.673 情報 [main] org.apache.catalina.core.StandardService.startInternal サービス [Catalina] を起動します
21-Nov-2023 00:42:16.673 情報 [main] org.apache.catalina.core.StandardEngine.startInternal サーブレットエンジンの起動：[Apache Tomcat/10.1.13]
21-Nov-2023 00:42:16.681 情報 [main] org.apache.catalina.startup.HostConfig.deployDirectory Web アプリケーションディレクトリ [/Users/aokihayata/aoki_app/tomcat/webapps/ProEnv] を配備します
21-Nov-2023 00:42:17.206 情報 [main] org.apache.jasper.servlet.TldScanner.scanJars 少なくとも1つのJARでTLDをスキャンしましたが、TLDが含まれていませんでした。スキャンしたもののTLDが見つからなかったJARの完全なリストについては、このロガーのデバッグログを有効にしてください。スキャン中に不要なJARをスキップすると、起動時間とJSPのコンパイル時間が短縮されます。
21-Nov-2023 00:42:17.247 情報 [main] org.apache.catalina.startup.HostConfig.deployDirectory ディレクトリ [/Users/aokihayata/aoki_app/tomcat/webapps/ProEnv] の Web アプリケーションの配備は [563] ミリ秒で完了しました。
21-Nov-2023 00:42:17.247 情報 [main] org.apache.catalina.startup.HostConfig.deployDirectory Web アプリケーションディレクトリ [/Users/aokihayata/aoki_app/tomcat/webapps/docs] を配備します
21-Nov-2023 00:42:17.268 情報 [main] org.apache.catalina.startup.HostConfig.deployDirectory ディレクトリ [/Users/aokihayata/aoki_app/tomcat/webapps/docs] の Web アプリケーションの配備は [21] ミリ秒で完了しました。
21-Nov-2023 00:42:17.268 情報 [main] org.apache.catalina.startup.HostConfig.deployDirectory Web アプリケーションディレクトリ [/Users/aokihayata/aoki_app/tomcat/webapps/manager] を配備します
21-Nov-2023 00:42:17.301 情報 [main] org.apache.catalina.startup.HostConfig.deployDirectory ディレクトリ [/Users/aokihayata/aoki_app/tomcat/webapps/manager] の Web アプリケーションの配備は [32] ミリ秒で完了しました。
21-Nov-2023 00:42:17.301 情報 [main] org.apache.catalina.startup.HostConfig.deployDirectory Web アプリケーションディレクトリ [/Users/aokihayata/aoki_app/tomcat/webapps/examples] を配備します
21-Nov-2023 00:42:17.530 情報 [main] org.apache.catalina.startup.HostConfig.deployDirectory ディレクトリ [/Users/aokihayata/aoki_app/tomcat/webapps/examples] の Web アプリケーションの配備は [229] ミリ秒で完了しました。
21-Nov-2023 00:42:17.530 情報 [main] org.apache.catalina.startup.HostConfig.deployDirectory Web アプリケーションディレクトリ [/Users/aokihayata/aoki_app/tomcat/webapps/ROOT] を配備します
21-Nov-2023 00:42:17.544 情報 [main] org.apache.catalina.startup.HostConfig.deployDirectory ディレクトリ [/Users/aokihayata/aoki_app/tomcat/webapps/ROOT] の Web アプリケーションの配備は [14] ミリ秒で完了しました。
21-Nov-2023 00:42:17.544 情報 [main] org.apache.catalina.startup.HostConfig.deployDirectory Web アプリケーションディレクトリ [/Users/aokihayata/aoki_app/tomcat/webapps/mydatabase] を配備します
21-Nov-2023 00:42:17.564 情報 [main] org.apache.catalina.startup.HostConfig.deployDirectory ディレクトリ [/Users/aokihayata/aoki_app/tomcat/webapps/mydatabase] の Web アプリケーションの配備は [20] ミリ秒で完了しました。
21-Nov-2023 00:42:17.565 情報 [main] org.apache.catalina.startup.HostConfig.deployDirectory Web アプリケーションディレクトリ [/Users/aokihayata/aoki_app/tomcat/webapps/host-manager] を配備します
21-Nov-2023 00:42:17.581 情報 [main] org.apache.catalina.startup.HostConfig.deployDirectory ディレクトリ [/Users/aokihayata/aoki_app/tomcat/webapps/host-manager] の Web アプリケーションの配備は [16] ミリ秒で完了しました。
21-Nov-2023 00:42:17.584 情報 [main] org.apache.coyote.AbstractProtocol.start プロトコルハンドラー ["http-nio-8080"] を開始しました。
21-Nov-2023 00:42:17.598 情報 [main] org.apache.catalina.startup.Catalina.start サーバーの起動 [966] ミリ秒
21-Nov-2023 01:38:20.775 情報 [main] org.apache.catalina.core.StandardServer.await 有効なシャットダウンコマンドがシャットダウンポート経由で受信されました。 サーバーインスタンスを停止します。
21-Nov-2023 01:38:20.779 情報 [main] org.apache.coyote.AbstractProtocol.pause ProtocolHandler ["http-nio-8080"] を一時停止します。
21-Nov-2023 01:38:20.784 情報 [main] org.apache.catalina.core.StandardService.stopInternal サービス [Catalina] を停止します
21-Nov-2023 01:38:20.839 警告 [main] org.apache.catalina.loader.WebappClassLoaderBase.clearReferencesJdbc Web アプリケーション [ProEnv] は自身で登録した JDBC ドライバー [com.mysql.cj.jdbc.Driver] を停止時に解除できませんでした。メモリーリークの発生を防ぐには JDBC ドライバーを強制的に解除してください。
21-Nov-2023 01:38:20.841 警告 [main] org.apache.catalina.loader.WebappClassLoaderBase.clearReferencesThreads Webアプリケーション [ProEnv] は [mysql-cj-abandoned-connection-cleanup] という名前のスレッドを開始したようですが、停止に失敗しました。これはメモリリークを引き起こす可能性が非常に高いです。スレッドのスタックトレース: 
 java.base@16.0.1/java.lang.Object.wait(Native Method)
 java.base@16.0.1/java.lang.ref.ReferenceQueue.remove(ReferenceQueue.java:155)
 com.mysql.cj.jdbc.AbandonedConnectionCleanupThread.run(AbandonedConnectionCleanupThread.java:91)
 java.base@16.0.1/java.util.concurrent.ThreadPoolExecutor.runWorker(ThreadPoolExecutor.java:1130)
 java.base@16.0.1/java.util.concurrent.ThreadPoolExecutor$Worker.run(ThreadPoolExecutor.java:630)
 java.base@16.0.1/java.lang.Thread.run(Thread.java:831)
21-Nov-2023 01:38:20.848 情報 [main] org.apache.coyote.AbstractProtocol.stop ProtocolHandler ["http-nio-8080"]の停止中
21-Nov-2023 01:38:20.864 情報 [main] org.apache.coyote.AbstractProtocol.destroy ProtocolHandler ["http-nio-8080"] を破棄します。
21-Nov-2023 01:38:21.241 情報 [main] org.apache.catalina.startup.VersionLoggerListener.log Serverのバージョン名:     Apache Tomcat/10.1.13
21-Nov-2023 01:38:21.244 情報 [main] org.apache.catalina.startup.VersionLoggerListener.log Server ビルド:            Aug 23 2023 21:34:59 UTC
21-Nov-2023 01:38:21.244 情報 [main] org.apache.catalina.startup.VersionLoggerListener.log サーバーのバージョン番号: 10.1.13.0
21-Nov-2023 01:38:21.244 情報 [main] org.apache.catalina.startup.VersionLoggerListener.log OS 名:                    Mac OS X
21-Nov-2023 01:38:21.244 情報 [main] org.apache.catalina.startup.VersionLoggerListener.log OS バージョン:            11.5
21-Nov-2023 01:38:21.244 情報 [main] org.apache.catalina.startup.VersionLoggerListener.log アーキテクチャ:           x86_64
21-Nov-2023 01:38:21.245 情報 [main] org.apache.catalina.startup.VersionLoggerListener.log Java Home:                /Library/Java/JavaVirtualMachines/jdk-16.0.1.jdk/Contents/Home
21-Nov-2023 01:38:21.245 情報 [main] org.apache.catalina.startup.VersionLoggerListener.log JVM バージョン:           16.0.1+9-24
21-Nov-2023 01:38:21.245 情報 [main] org.apache.catalina.startup.VersionLoggerListener.log JVM ベンダ:               Oracle Corporation
21-Nov-2023 01:38:21.245 情報 [main] org.apache.catalina.startup.VersionLoggerListener.log CATALINA_BASE:            /Users/aokihayata/aoki_app/tomcat
21-Nov-2023 01:38:21.245 情報 [main] org.apache.catalina.startup.VersionLoggerListener.log CATALINA_HOME:            /Users/aokihayata/aoki_app/tomcat
21-Nov-2023 01:38:21.256 情報 [main] org.apache.catalina.startup.VersionLoggerListener.log コマンドライン引数:       -Djava.util.logging.config.file=/Users/aokihayata/aoki_app/tomcat/conf/logging.properties
21-Nov-2023 01:38:21.257 情報 [main] org.apache.catalina.startup.VersionLoggerListener.log コマンドライン引数:       -Djava.util.logging.manager=org.apache.juli.ClassLoaderLogManager
21-Nov-2023 01:38:21.257 情報 [main] org.apache.catalina.startup.VersionLoggerListener.log コマンドライン引数:       -Djdk.tls.ephemeralDHKeySize=2048
21-Nov-2023 01:38:21.257 情報 [main] org.apache.catalina.startup.VersionLoggerListener.log コマンドライン引数:       -Djava.protocol.handler.pkgs=org.apache.catalina.webresources
21-Nov-2023 01:38:21.257 情報 [main] org.apache.catalina.startup.VersionLoggerListener.log コマンドライン引数:       -Dorg.apache.catalina.security.SecurityListener.UMASK=0027
21-Nov-2023 01:38:21.257 情報 [main] org.apache.catalina.startup.VersionLoggerListener.log コマンドライン引数:       --add-opens=java.base/java.lang=ALL-UNNAMED
21-Nov-2023 01:38:21.257 情報 [main] org.apache.catalina.startup.VersionLoggerListener.log コマンドライン引数:       --add-opens=java.base/java.io=ALL-UNNAMED
21-Nov-2023 01:38:21.257 情報 [main] org.apache.catalina.startup.VersionLoggerListener.log コマンドライン引数:       --add-opens=java.base/java.util=ALL-UNNAMED
21-Nov-2023 01:38:21.257 情報 [main] org.apache.catalina.startup.VersionLoggerListener.log コマンドライン引数:       --add-opens=java.base/java.util.concurrent=ALL-UNNAMED
21-Nov-2023 01:38:21.258 情報 [main] org.apache.catalina.startup.VersionLoggerListener.log コマンドライン引数:       --add-opens=java.rmi/sun.rmi.transport=ALL-UNNAMED
21-Nov-2023 01:38:21.258 情報 [main] org.apache.catalina.startup.VersionLoggerListener.log コマンドライン引数:       -Dcatalina.base=/Users/aokihayata/aoki_app/tomcat
21-Nov-2023 01:38:21.258 情報 [main] org.apache.catalina.startup.VersionLoggerListener.log コマンドライン引数:       -Dcatalina.home=/Users/aokihayata/aoki_app/tomcat
21-Nov-2023 01:38:21.258 情報 [main] org.apache.catalina.startup.VersionLoggerListener.log コマンドライン引数:       -Djava.io.tmpdir=/Users/aokihayata/aoki_app/tomcat/temp
21-Nov-2023 01:38:21.260 情報 [main] org.apache.catalina.core.AprLifecycleListener.lifecycleEvent 商用環境に最適な性能を発揮する APR ベースの Tomcat ネイティブライブラリが java.library.path [/Users/aokihayata/Library/Java/Extensions:/Library/Java/Extensions:/Network/Library/Java/Extensions:/System/Library/Java/Extensions:/usr/lib/java:.] に存在しません。
21-Nov-2023 01:38:21.459 情報 [main] org.apache.coyote.AbstractProtocol.init プロトコルハンドラ ["http-nio-8080"] を初期化します。
21-Nov-2023 01:38:21.481 情報 [main] org.apache.catalina.startup.Catalina.load サーバーの初期化 [419] ミリ秒
21-Nov-2023 01:38:21.517 情報 [main] org.apache.catalina.core.StandardService.startInternal サービス [Catalina] を起動します
21-Nov-2023 01:38:21.518 情報 [main] org.apache.catalina.core.StandardEngine.startInternal サーブレットエンジンの起動：[Apache Tomcat/10.1.13]
21-Nov-2023 01:38:21.526 情報 [main] org.apache.catalina.startup.HostConfig.deployDirectory Web アプリケーションディレクトリ [/Users/aokihayata/aoki_app/tomcat/webapps/ProEnv] を配備します
21-Nov-2023 01:38:22.072 情報 [main] org.apache.jasper.servlet.TldScanner.scanJars 少なくとも1つのJARでTLDをスキャンしましたが、TLDが含まれていませんでした。スキャンしたもののTLDが見つからなかったJARの完全なリストについては、このロガーのデバッグログを有効にしてください。スキャン中に不要なJARをスキップすると、起動時間とJSPのコンパイル時間が短縮されます。
21-Nov-2023 01:38:22.105 情報 [main] org.apache.catalina.startup.HostConfig.deployDirectory ディレクトリ [/Users/aokihayata/aoki_app/tomcat/webapps/ProEnv] の Web アプリケーションの配備は [578] ミリ秒で完了しました。
21-Nov-2023 01:38:22.106 情報 [main] org.apache.catalina.startup.HostConfig.deployDirectory Web アプリケーションディレクトリ [/Users/aokihayata/aoki_app/tomcat/webapps/docs] を配備します
21-Nov-2023 01:38:22.125 情報 [main] org.apache.catalina.startup.HostConfig.deployDirectory ディレクトリ [/Users/aokihayata/aoki_app/tomcat/webapps/docs] の Web アプリケーションの配備は [19] ミリ秒で完了しました。
21-Nov-2023 01:38:22.125 情報 [main] org.apache.catalina.startup.HostConfig.deployDirectory Web アプリケーションディレクトリ [/Users/aokihayata/aoki_app/tomcat/webapps/manager] を配備します
21-Nov-2023 01:38:22.157 情報 [main] org.apache.catalina.startup.HostConfig.deployDirectory ディレクトリ [/Users/aokihayata/aoki_app/tomcat/webapps/manager] の Web アプリケーションの配備は [32] ミリ秒で完了しました。
21-Nov-2023 01:38:22.158 情報 [main] org.apache.catalina.startup.HostConfig.deployDirectory Web アプリケーションディレクトリ [/Users/aokihayata/aoki_app/tomcat/webapps/examples] を配備します
21-Nov-2023 01:38:22.393 情報 [main] org.apache.catalina.startup.HostConfig.deployDirectory ディレクトリ [/Users/aokihayata/aoki_app/tomcat/webapps/examples] の Web アプリケーションの配備は [236] ミリ秒で完了しました。
21-Nov-2023 01:38:22.393 情報 [main] org.apache.catalina.startup.HostConfig.deployDirectory Web アプリケーションディレクトリ [/Users/aokihayata/aoki_app/tomcat/webapps/ROOT] を配備します
21-Nov-2023 01:38:22.409 情報 [main] org.apache.catalina.startup.HostConfig.deployDirectory ディレクトリ [/Users/aokihayata/aoki_app/tomcat/webapps/ROOT] の Web アプリケーションの配備は [16] ミリ秒で完了しました。
21-Nov-2023 01:38:22.409 情報 [main] org.apache.catalina.startup.HostConfig.deployDirectory Web アプリケーションディレクトリ [/Users/aokihayata/aoki_app/tomcat/webapps/mydatabase] を配備します
21-Nov-2023 01:38:22.430 情報 [main] org.apache.catalina.startup.HostConfig.deployDirectory ディレクトリ [/Users/aokihayata/aoki_app/tomcat/webapps/mydatabase] の Web アプリケーションの配備は [21] ミリ秒で完了しました。
21-Nov-2023 01:38:22.431 情報 [main] org.apache.catalina.startup.HostConfig.deployDirectory Web アプリケーションディレクトリ [/Users/aokihayata/aoki_app/tomcat/webapps/host-manager] を配備します
21-Nov-2023 01:38:22.448 情報 [main] org.apache.catalina.startup.HostConfig.deployDirectory ディレクトリ [/Users/aokihayata/aoki_app/tomcat/webapps/host-manager] の Web アプリケーションの配備は [17] ミリ秒で完了しました。
21-Nov-2023 01:38:22.452 情報 [main] org.apache.coyote.AbstractProtocol.start プロトコルハンドラー ["http-nio-8080"] を開始しました。
21-Nov-2023 01:38:22.464 情報 [main] org.apache.catalina.startup.Catalina.start サーバーの起動 [982] ミリ秒
