10-Oct-2023 21:03:45.491 情報 [Catalina-utility-2] org.apache.catalina.startup.HostConfig.reload リロード中のコンテキスト [/ProEnv]
10-Oct-2023 21:03:45.499 情報 [Catalina-utility-2] org.apache.catalina.core.StandardContext.reload このコンテキストの再ロードを開始しました
10-Oct-2023 21:03:45.944 情報 [Catalina-utility-2] org.apache.jasper.servlet.TldScanner.scanJars 少なくとも1つのJARでTLDをスキャンしましたが、TLDが含まれていませんでした。スキャンしたもののTLDが見つからなかったJARの完全なリストについては、このロガーのデバッグログを有効にしてください。スキャン中に不要なJARをスキップすると、起動時間とJSPのコンパイル時間が短縮されます。
10-Oct-2023 21:03:45.947 情報 [Catalina-utility-2] org.apache.catalina.core.StandardContext.reload このコンテキストの再ロードが完了しました
10-Oct-2023 23:12:46.897 情報 [main] org.apache.catalina.core.StandardServer.await 有効なシャットダウンコマンドがシャットダウンポート経由で受信されました。 サーバーインスタンスを停止します。
10-Oct-2023 23:12:46.903 情報 [main] org.apache.coyote.AbstractProtocol.pause ProtocolHandler ["http-nio-8080"] を一時停止します。
10-Oct-2023 23:12:46.920 情報 [main] org.apache.catalina.core.StandardService.stopInternal サービス [Catalina] を停止します
10-Oct-2023 23:12:46.956 情報 [main] org.apache.coyote.AbstractProtocol.stop ProtocolHandler ["http-nio-8080"]の停止中
10-Oct-2023 23:12:46.967 情報 [main] org.apache.coyote.AbstractProtocol.destroy ProtocolHandler ["http-nio-8080"] を破棄します。
10-Oct-2023 23:12:47.301 情報 [main] org.apache.catalina.startup.VersionLoggerListener.log Serverのバージョン名:     Apache Tomcat/10.1.13
10-Oct-2023 23:12:47.305 情報 [main] org.apache.catalina.startup.VersionLoggerListener.log Server ビルド:            Aug 23 2023 21:34:59 UTC
10-Oct-2023 23:12:47.305 情報 [main] org.apache.catalina.startup.VersionLoggerListener.log サーバーのバージョン番号: 10.1.13.0
10-Oct-2023 23:12:47.305 情報 [main] org.apache.catalina.startup.VersionLoggerListener.log OS 名:                    Mac OS X
10-Oct-2023 23:12:47.305 情報 [main] org.apache.catalina.startup.VersionLoggerListener.log OS バージョン:            11.5
10-Oct-2023 23:12:47.305 情報 [main] org.apache.catalina.startup.VersionLoggerListener.log アーキテクチャ:           x86_64
10-Oct-2023 23:12:47.305 情報 [main] org.apache.catalina.startup.VersionLoggerListener.log Java Home:                /Library/Java/JavaVirtualMachines/jdk-16.0.1.jdk/Contents/Home
10-Oct-2023 23:12:47.305 情報 [main] org.apache.catalina.startup.VersionLoggerListener.log JVM バージョン:           16.0.1+9-24
10-Oct-2023 23:12:47.306 情報 [main] org.apache.catalina.startup.VersionLoggerListener.log JVM ベンダ:               Oracle Corporation
10-Oct-2023 23:12:47.306 情報 [main] org.apache.catalina.startup.VersionLoggerListener.log CATALINA_BASE:            /Users/aokihayata/aoki_app/tomcat
10-Oct-2023 23:12:47.306 情報 [main] org.apache.catalina.startup.VersionLoggerListener.log CATALINA_HOME:            /Users/aokihayata/aoki_app/tomcat
10-Oct-2023 23:12:47.326 情報 [main] org.apache.catalina.startup.VersionLoggerListener.log コマンドライン引数:       -Djava.util.logging.config.file=/Users/aokihayata/aoki_app/tomcat/conf/logging.properties
10-Oct-2023 23:12:47.326 情報 [main] org.apache.catalina.startup.VersionLoggerListener.log コマンドライン引数:       -Djava.util.logging.manager=org.apache.juli.ClassLoaderLogManager
10-Oct-2023 23:12:47.326 情報 [main] org.apache.catalina.startup.VersionLoggerListener.log コマンドライン引数:       -Djdk.tls.ephemeralDHKeySize=2048
10-Oct-2023 23:12:47.327 情報 [main] org.apache.catalina.startup.VersionLoggerListener.log コマンドライン引数:       -Djava.protocol.handler.pkgs=org.apache.catalina.webresources
10-Oct-2023 23:12:47.327 情報 [main] org.apache.catalina.startup.VersionLoggerListener.log コマンドライン引数:       -Dorg.apache.catalina.security.SecurityListener.UMASK=0027
10-Oct-2023 23:12:47.327 情報 [main] org.apache.catalina.startup.VersionLoggerListener.log コマンドライン引数:       --add-opens=java.base/java.lang=ALL-UNNAMED
10-Oct-2023 23:12:47.327 情報 [main] org.apache.catalina.startup.VersionLoggerListener.log コマンドライン引数:       --add-opens=java.base/java.io=ALL-UNNAMED
10-Oct-2023 23:12:47.327 情報 [main] org.apache.catalina.startup.VersionLoggerListener.log コマンドライン引数:       --add-opens=java.base/java.util=ALL-UNNAMED
10-Oct-2023 23:12:47.327 情報 [main] org.apache.catalina.startup.VersionLoggerListener.log コマンドライン引数:       --add-opens=java.base/java.util.concurrent=ALL-UNNAMED
10-Oct-2023 23:12:47.327 情報 [main] org.apache.catalina.startup.VersionLoggerListener.log コマンドライン引数:       --add-opens=java.rmi/sun.rmi.transport=ALL-UNNAMED
10-Oct-2023 23:12:47.327 情報 [main] org.apache.catalina.startup.VersionLoggerListener.log コマンドライン引数:       -Dcatalina.base=/Users/aokihayata/aoki_app/tomcat
10-Oct-2023 23:12:47.327 情報 [main] org.apache.catalina.startup.VersionLoggerListener.log コマンドライン引数:       -Dcatalina.home=/Users/aokihayata/aoki_app/tomcat
10-Oct-2023 23:12:47.327 情報 [main] org.apache.catalina.startup.VersionLoggerListener.log コマンドライン引数:       -Djava.io.tmpdir=/Users/aokihayata/aoki_app/tomcat/temp
10-Oct-2023 23:12:47.330 情報 [main] org.apache.catalina.core.AprLifecycleListener.lifecycleEvent 商用環境に最適な性能を発揮する APR ベースの Tomcat ネイティブライブラリが java.library.path [/Users/aokihayata/Library/Java/Extensions:/Library/Java/Extensions:/Network/Library/Java/Extensions:/System/Library/Java/Extensions:/usr/lib/java:.] に存在しません。
10-Oct-2023 23:12:47.571 情報 [main] org.apache.coyote.AbstractProtocol.init プロトコルハンドラ ["http-nio-8080"] を初期化します。
10-Oct-2023 23:12:47.599 情報 [main] org.apache.catalina.startup.Catalina.load サーバーの初期化 [456] ミリ秒
10-Oct-2023 23:12:47.653 情報 [main] org.apache.catalina.core.StandardService.startInternal サービス [Catalina] を起動します
10-Oct-2023 23:12:47.653 情報 [main] org.apache.catalina.core.StandardEngine.startInternal サーブレットエンジンの起動：[Apache Tomcat/10.1.13]
10-Oct-2023 23:12:47.662 情報 [main] org.apache.catalina.startup.HostConfig.deployDescriptor 配備記述子 [/Users/aokihayata/aoki_app/tomcat/conf/Catalina/localhost/mywork.xml] を配備します
10-Oct-2023 23:12:47.978 情報 [main] org.apache.catalina.startup.HostConfig.deployDescriptor 配備記述子 [/Users/aokihayata/aoki_app/tomcat/conf/Catalina/localhost/mywork.xml] の展開が [312] ミリ秒で完了しました
10-Oct-2023 23:12:47.978 情報 [main] org.apache.catalina.startup.HostConfig.deployDirectory Web アプリケーションディレクトリ [/Users/aokihayata/aoki_app/tomcat/webapps/ProEnv] を配備します
10-Oct-2023 23:12:48.414 情報 [main] org.apache.jasper.servlet.TldScanner.scanJars 少なくとも1つのJARでTLDをスキャンしましたが、TLDが含まれていませんでした。スキャンしたもののTLDが見つからなかったJARの完全なリストについては、このロガーのデバッグログを有効にしてください。スキャン中に不要なJARをスキップすると、起動時間とJSPのコンパイル時間が短縮されます。
10-Oct-2023 23:12:48.416 情報 [main] org.apache.catalina.startup.HostConfig.deployDirectory ディレクトリ [/Users/aokihayata/aoki_app/tomcat/webapps/ProEnv] の Web アプリケーションの配備は [438] ミリ秒で完了しました。
10-Oct-2023 23:12:48.416 情報 [main] org.apache.catalina.startup.HostConfig.deployDirectory Web アプリケーションディレクトリ [/Users/aokihayata/aoki_app/tomcat/webapps/docs] を配備します
10-Oct-2023 23:12:48.436 情報 [main] org.apache.catalina.startup.HostConfig.deployDirectory ディレクトリ [/Users/aokihayata/aoki_app/tomcat/webapps/docs] の Web アプリケーションの配備は [20] ミリ秒で完了しました。
10-Oct-2023 23:12:48.436 情報 [main] org.apache.catalina.startup.HostConfig.deployDirectory Web アプリケーションディレクトリ [/Users/aokihayata/aoki_app/tomcat/webapps/manager] を配備します
10-Oct-2023 23:12:48.462 情報 [main] org.apache.catalina.startup.HostConfig.deployDirectory ディレクトリ [/Users/aokihayata/aoki_app/tomcat/webapps/manager] の Web アプリケーションの配備は [26] ミリ秒で完了しました。
10-Oct-2023 23:12:48.462 情報 [main] org.apache.catalina.startup.HostConfig.deployDirectory Web アプリケーションディレクトリ [/Users/aokihayata/aoki_app/tomcat/webapps/examples] を配備します
10-Oct-2023 23:12:48.675 情報 [main] org.apache.catalina.startup.HostConfig.deployDirectory ディレクトリ [/Users/aokihayata/aoki_app/tomcat/webapps/examples] の Web アプリケーションの配備は [213] ミリ秒で完了しました。
10-Oct-2023 23:12:48.675 情報 [main] org.apache.catalina.startup.HostConfig.deployDirectory Web アプリケーションディレクトリ [/Users/aokihayata/aoki_app/tomcat/webapps/ROOT] を配備します
10-Oct-2023 23:12:48.690 情報 [main] org.apache.catalina.startup.HostConfig.deployDirectory ディレクトリ [/Users/aokihayata/aoki_app/tomcat/webapps/ROOT] の Web アプリケーションの配備は [15] ミリ秒で完了しました。
10-Oct-2023 23:12:48.691 情報 [main] org.apache.catalina.startup.HostConfig.deployDirectory Web アプリケーションディレクトリ [/Users/aokihayata/aoki_app/tomcat/webapps/mydatabase] を配備します
10-Oct-2023 23:12:48.711 情報 [main] org.apache.catalina.startup.HostConfig.deployDirectory ディレクトリ [/Users/aokihayata/aoki_app/tomcat/webapps/mydatabase] の Web アプリケーションの配備は [19] ミリ秒で完了しました。
10-Oct-2023 23:12:48.711 情報 [main] org.apache.catalina.startup.HostConfig.deployDirectory Web アプリケーションディレクトリ [/Users/aokihayata/aoki_app/tomcat/webapps/host-manager] を配備します
10-Oct-2023 23:12:48.728 情報 [main] org.apache.catalina.startup.HostConfig.deployDirectory ディレクトリ [/Users/aokihayata/aoki_app/tomcat/webapps/host-manager] の Web アプリケーションの配備は [17] ミリ秒で完了しました。
10-Oct-2023 23:12:48.730 情報 [main] org.apache.coyote.AbstractProtocol.start プロトコルハンドラー ["http-nio-8080"] を開始しました。
10-Oct-2023 23:12:48.744 情報 [main] org.apache.catalina.startup.Catalina.start サーバーの起動 [1145] ミリ秒
10-Oct-2023 23:17:54.455 情報 [main] org.apache.catalina.core.StandardServer.await 有効なシャットダウンコマンドがシャットダウンポート経由で受信されました。 サーバーインスタンスを停止します。
10-Oct-2023 23:17:54.456 情報 [main] org.apache.coyote.AbstractProtocol.pause ProtocolHandler ["http-nio-8080"] を一時停止します。
10-Oct-2023 23:17:54.459 情報 [main] org.apache.catalina.core.StandardService.stopInternal サービス [Catalina] を停止します
10-Oct-2023 23:17:54.483 警告 [main] org.apache.catalina.loader.WebappClassLoaderBase.clearReferencesJdbc Web アプリケーション [ProEnv] は自身で登録した JDBC ドライバー [com.mysql.cj.jdbc.Driver] を停止時に解除できませんでした。メモリーリークの発生を防ぐには JDBC ドライバーを強制的に解除してください。
10-Oct-2023 23:17:54.483 警告 [main] org.apache.catalina.loader.WebappClassLoaderBase.clearReferencesThreads Webアプリケーション [ProEnv] は [mysql-cj-abandoned-connection-cleanup] という名前のスレッドを開始したようですが、停止に失敗しました。これはメモリリークを引き起こす可能性が非常に高いです。スレッドのスタックトレース: 
 java.base@16.0.1/java.lang.Object.wait(Native Method)
 java.base@16.0.1/java.lang.ref.ReferenceQueue.remove(ReferenceQueue.java:155)
 com.mysql.cj.jdbc.AbandonedConnectionCleanupThread.run(AbandonedConnectionCleanupThread.java:91)
 java.base@16.0.1/java.util.concurrent.ThreadPoolExecutor.runWorker(ThreadPoolExecutor.java:1130)
 java.base@16.0.1/java.util.concurrent.ThreadPoolExecutor$Worker.run(ThreadPoolExecutor.java:630)
 java.base@16.0.1/java.lang.Thread.run(Thread.java:831)
10-Oct-2023 23:17:54.487 情報 [main] org.apache.coyote.AbstractProtocol.stop ProtocolHandler ["http-nio-8080"]の停止中
10-Oct-2023 23:17:54.495 情報 [main] org.apache.coyote.AbstractProtocol.destroy ProtocolHandler ["http-nio-8080"] を破棄します。
10-Oct-2023 23:17:54.877 情報 [main] org.apache.catalina.startup.VersionLoggerListener.log Serverのバージョン名:     Apache Tomcat/10.1.13
10-Oct-2023 23:17:54.881 情報 [main] org.apache.catalina.startup.VersionLoggerListener.log Server ビルド:            Aug 23 2023 21:34:59 UTC
10-Oct-2023 23:17:54.881 情報 [main] org.apache.catalina.startup.VersionLoggerListener.log サーバーのバージョン番号: 10.1.13.0
10-Oct-2023 23:17:54.881 情報 [main] org.apache.catalina.startup.VersionLoggerListener.log OS 名:                    Mac OS X
10-Oct-2023 23:17:54.882 情報 [main] org.apache.catalina.startup.VersionLoggerListener.log OS バージョン:            11.5
10-Oct-2023 23:17:54.882 情報 [main] org.apache.catalina.startup.VersionLoggerListener.log アーキテクチャ:           x86_64
10-Oct-2023 23:17:54.882 情報 [main] org.apache.catalina.startup.VersionLoggerListener.log Java Home:                /Library/Java/JavaVirtualMachines/jdk-16.0.1.jdk/Contents/Home
10-Oct-2023 23:17:54.883 情報 [main] org.apache.catalina.startup.VersionLoggerListener.log JVM バージョン:           16.0.1+9-24
10-Oct-2023 23:17:54.883 情報 [main] org.apache.catalina.startup.VersionLoggerListener.log JVM ベンダ:               Oracle Corporation
10-Oct-2023 23:17:54.883 情報 [main] org.apache.catalina.startup.VersionLoggerListener.log CATALINA_BASE:            /Users/aokihayata/aoki_app/tomcat
10-Oct-2023 23:17:54.884 情報 [main] org.apache.catalina.startup.VersionLoggerListener.log CATALINA_HOME:            /Users/aokihayata/aoki_app/tomcat
10-Oct-2023 23:17:54.897 情報 [main] org.apache.catalina.startup.VersionLoggerListener.log コマンドライン引数:       -Djava.util.logging.config.file=/Users/aokihayata/aoki_app/tomcat/conf/logging.properties
10-Oct-2023 23:17:54.897 情報 [main] org.apache.catalina.startup.VersionLoggerListener.log コマンドライン引数:       -Djava.util.logging.manager=org.apache.juli.ClassLoaderLogManager
10-Oct-2023 23:17:54.897 情報 [main] org.apache.catalina.startup.VersionLoggerListener.log コマンドライン引数:       -Djdk.tls.ephemeralDHKeySize=2048
10-Oct-2023 23:17:54.897 情報 [main] org.apache.catalina.startup.VersionLoggerListener.log コマンドライン引数:       -Djava.protocol.handler.pkgs=org.apache.catalina.webresources
10-Oct-2023 23:17:54.898 情報 [main] org.apache.catalina.startup.VersionLoggerListener.log コマンドライン引数:       -Dorg.apache.catalina.security.SecurityListener.UMASK=0027
10-Oct-2023 23:17:54.898 情報 [main] org.apache.catalina.startup.VersionLoggerListener.log コマンドライン引数:       --add-opens=java.base/java.lang=ALL-UNNAMED
10-Oct-2023 23:17:54.898 情報 [main] org.apache.catalina.startup.VersionLoggerListener.log コマンドライン引数:       --add-opens=java.base/java.io=ALL-UNNAMED
10-Oct-2023 23:17:54.898 情報 [main] org.apache.catalina.startup.VersionLoggerListener.log コマンドライン引数:       --add-opens=java.base/java.util=ALL-UNNAMED
10-Oct-2023 23:17:54.899 情報 [main] org.apache.catalina.startup.VersionLoggerListener.log コマンドライン引数:       --add-opens=java.base/java.util.concurrent=ALL-UNNAMED
10-Oct-2023 23:17:54.899 情報 [main] org.apache.catalina.startup.VersionLoggerListener.log コマンドライン引数:       --add-opens=java.rmi/sun.rmi.transport=ALL-UNNAMED
10-Oct-2023 23:17:54.899 情報 [main] org.apache.catalina.startup.VersionLoggerListener.log コマンドライン引数:       -Dcatalina.base=/Users/aokihayata/aoki_app/tomcat
10-Oct-2023 23:17:54.899 情報 [main] org.apache.catalina.startup.VersionLoggerListener.log コマンドライン引数:       -Dcatalina.home=/Users/aokihayata/aoki_app/tomcat
10-Oct-2023 23:17:54.899 情報 [main] org.apache.catalina.startup.VersionLoggerListener.log コマンドライン引数:       -Djava.io.tmpdir=/Users/aokihayata/aoki_app/tomcat/temp
10-Oct-2023 23:17:54.902 情報 [main] org.apache.catalina.core.AprLifecycleListener.lifecycleEvent 商用環境に最適な性能を発揮する APR ベースの Tomcat ネイティブライブラリが java.library.path [/Users/aokihayata/Library/Java/Extensions:/Library/Java/Extensions:/Network/Library/Java/Extensions:/System/Library/Java/Extensions:/usr/lib/java:.] に存在しません。
10-Oct-2023 23:17:55.136 情報 [main] org.apache.coyote.AbstractProtocol.init プロトコルハンドラ ["http-nio-8080"] を初期化します。
10-Oct-2023 23:17:55.160 情報 [main] org.apache.catalina.startup.Catalina.load サーバーの初期化 [449] ミリ秒
10-Oct-2023 23:17:55.201 情報 [main] org.apache.catalina.core.StandardService.startInternal サービス [Catalina] を起動します
10-Oct-2023 23:17:55.201 情報 [main] org.apache.catalina.core.StandardEngine.startInternal サーブレットエンジンの起動：[Apache Tomcat/10.1.13]
10-Oct-2023 23:17:55.209 情報 [main] org.apache.catalina.startup.HostConfig.deployDescriptor 配備記述子 [/Users/aokihayata/aoki_app/tomcat/conf/Catalina/localhost/mywork.xml] を配備します
10-Oct-2023 23:17:55.437 情報 [main] org.apache.catalina.startup.HostConfig.deployDescriptor 配備記述子 [/Users/aokihayata/aoki_app/tomcat/conf/Catalina/localhost/mywork.xml] の展開が [227] ミリ秒で完了しました
10-Oct-2023 23:17:55.438 情報 [main] org.apache.catalina.startup.HostConfig.deployDirectory Web アプリケーションディレクトリ [/Users/aokihayata/aoki_app/tomcat/webapps/ProEnv] を配備します
10-Oct-2023 23:17:55.811 情報 [main] org.apache.jasper.servlet.TldScanner.scanJars 少なくとも1つのJARでTLDをスキャンしましたが、TLDが含まれていませんでした。スキャンしたもののTLDが見つからなかったJARの完全なリストについては、このロガーのデバッグログを有効にしてください。スキャン中に不要なJARをスキップすると、起動時間とJSPのコンパイル時間が短縮されます。
10-Oct-2023 23:17:55.813 情報 [main] org.apache.catalina.startup.HostConfig.deployDirectory ディレクトリ [/Users/aokihayata/aoki_app/tomcat/webapps/ProEnv] の Web アプリケーションの配備は [375] ミリ秒で完了しました。
10-Oct-2023 23:17:55.813 情報 [main] org.apache.catalina.startup.HostConfig.deployDirectory Web アプリケーションディレクトリ [/Users/aokihayata/aoki_app/tomcat/webapps/docs] を配備します
10-Oct-2023 23:17:55.831 情報 [main] org.apache.catalina.startup.HostConfig.deployDirectory ディレクトリ [/Users/aokihayata/aoki_app/tomcat/webapps/docs] の Web アプリケーションの配備は [18] ミリ秒で完了しました。
10-Oct-2023 23:17:55.831 情報 [main] org.apache.catalina.startup.HostConfig.deployDirectory Web アプリケーションディレクトリ [/Users/aokihayata/aoki_app/tomcat/webapps/manager] を配備します
10-Oct-2023 23:17:55.857 情報 [main] org.apache.catalina.startup.HostConfig.deployDirectory ディレクトリ [/Users/aokihayata/aoki_app/tomcat/webapps/manager] の Web アプリケーションの配備は [26] ミリ秒で完了しました。
10-Oct-2023 23:17:55.858 情報 [main] org.apache.catalina.startup.HostConfig.deployDirectory Web アプリケーションディレクトリ [/Users/aokihayata/aoki_app/tomcat/webapps/examples] を配備します
10-Oct-2023 23:17:56.067 情報 [main] org.apache.catalina.startup.HostConfig.deployDirectory ディレクトリ [/Users/aokihayata/aoki_app/tomcat/webapps/examples] の Web アプリケーションの配備は [210] ミリ秒で完了しました。
10-Oct-2023 23:17:56.068 情報 [main] org.apache.catalina.startup.HostConfig.deployDirectory Web アプリケーションディレクトリ [/Users/aokihayata/aoki_app/tomcat/webapps/ROOT] を配備します
10-Oct-2023 23:17:56.083 情報 [main] org.apache.catalina.startup.HostConfig.deployDirectory ディレクトリ [/Users/aokihayata/aoki_app/tomcat/webapps/ROOT] の Web アプリケーションの配備は [15] ミリ秒で完了しました。
10-Oct-2023 23:17:56.083 情報 [main] org.apache.catalina.startup.HostConfig.deployDirectory Web アプリケーションディレクトリ [/Users/aokihayata/aoki_app/tomcat/webapps/mydatabase] を配備します
10-Oct-2023 23:17:56.103 情報 [main] org.apache.catalina.startup.HostConfig.deployDirectory ディレクトリ [/Users/aokihayata/aoki_app/tomcat/webapps/mydatabase] の Web アプリケーションの配備は [20] ミリ秒で完了しました。
10-Oct-2023 23:17:56.103 情報 [main] org.apache.catalina.startup.HostConfig.deployDirectory Web アプリケーションディレクトリ [/Users/aokihayata/aoki_app/tomcat/webapps/host-manager] を配備します
10-Oct-2023 23:17:56.123 情報 [main] org.apache.catalina.startup.HostConfig.deployDirectory ディレクトリ [/Users/aokihayata/aoki_app/tomcat/webapps/host-manager] の Web アプリケーションの配備は [20] ミリ秒で完了しました。
10-Oct-2023 23:17:56.128 情報 [main] org.apache.coyote.AbstractProtocol.start プロトコルハンドラー ["http-nio-8080"] を開始しました。
10-Oct-2023 23:17:56.141 情報 [main] org.apache.catalina.startup.Catalina.start サーバーの起動 [980] ミリ秒
10-Oct-2023 23:19:26.192 情報 [Catalina-utility-1] org.apache.catalina.startup.HostConfig.reload リロード中のコンテキスト [/ProEnv]
10-Oct-2023 23:19:26.194 情報 [Catalina-utility-1] org.apache.catalina.core.StandardContext.reload このコンテキストの再ロードを開始しました
10-Oct-2023 23:19:26.201 警告 [Catalina-utility-1] org.apache.catalina.loader.WebappClassLoaderBase.clearReferencesJdbc Web アプリケーション [ProEnv] は自身で登録した JDBC ドライバー [com.mysql.cj.jdbc.Driver] を停止時に解除できませんでした。メモリーリークの発生を防ぐには JDBC ドライバーを強制的に解除してください。
10-Oct-2023 23:19:26.202 警告 [Catalina-utility-1] org.apache.catalina.loader.WebappClassLoaderBase.clearReferencesThreads Webアプリケーション [ProEnv] は [mysql-cj-abandoned-connection-cleanup] という名前のスレッドを開始したようですが、停止に失敗しました。これはメモリリークを引き起こす可能性が非常に高いです。スレッドのスタックトレース: 
 java.base@16.0.1/java.lang.Object.wait(Native Method)
 java.base@16.0.1/java.lang.ref.ReferenceQueue.remove(ReferenceQueue.java:155)
 com.mysql.cj.jdbc.AbandonedConnectionCleanupThread.run(AbandonedConnectionCleanupThread.java:91)
 java.base@16.0.1/java.util.concurrent.ThreadPoolExecutor.runWorker(ThreadPoolExecutor.java:1130)
 java.base@16.0.1/java.util.concurrent.ThreadPoolExecutor$Worker.run(ThreadPoolExecutor.java:630)
 java.base@16.0.1/java.lang.Thread.run(Thread.java:831)
10-Oct-2023 23:19:26.453 重大 [Catalina-utility-1] org.apache.catalina.core.StandardContext.reload 名前[/ProEnv]のコンテキストを開始する際の例外
	org.apache.catalina.LifecycleException: コンポーネント [StandardEngine[Catalina].StandardHost[localhost].StandardContext[/ProEnv]] の開始に失敗しました
		at org.apache.catalina.util.LifecycleBase.handleSubClassException(LifecycleBase.java:419)
		at org.apache.catalina.util.LifecycleBase.start(LifecycleBase.java:186)
		at org.apache.catalina.core.StandardContext.reload(StandardContext.java:3546)
		at org.apache.catalina.startup.HostConfig.reload(HostConfig.java:1481)
		at org.apache.catalina.startup.HostConfig.checkResources(HostConfig.java:1453)
		at org.apache.catalina.startup.HostConfig.check(HostConfig.java:1692)
		at org.apache.catalina.startup.HostConfig.lifecycleEvent(HostConfig.java:305)
		at org.apache.catalina.util.LifecycleBase.fireLifecycleEvent(LifecycleBase.java:114)
		at org.apache.catalina.core.ContainerBase.backgroundProcess(ContainerBase.java:1098)
		at org.apache.catalina.core.ContainerBase$ContainerBackgroundProcessor.processChildren(ContainerBase.java:1301)
		at org.apache.catalina.core.ContainerBase$ContainerBackgroundProcessor.processChildren(ContainerBase.java:1305)
		at org.apache.catalina.core.ContainerBase$ContainerBackgroundProcessor.run(ContainerBase.java:1283)
		at java.base/java.util.concurrent.Executors$RunnableAdapter.call(Executors.java:515)
		at java.base/java.util.concurrent.FutureTask.runAndReset(FutureTask.java:305)
		at java.base/java.util.concurrent.ScheduledThreadPoolExecutor$ScheduledFutureTask.run(ScheduledThreadPoolExecutor.java:305)
		at java.base/java.util.concurrent.ThreadPoolExecutor.runWorker(ThreadPoolExecutor.java:1130)
		at java.base/java.util.concurrent.ThreadPoolExecutor$Worker.run(ThreadPoolExecutor.java:630)
		at org.apache.tomcat.util.threads.TaskThread$WrappingRunnable.run(TaskThread.java:61)
		at java.base/java.lang.Thread.run(Thread.java:831)
	Caused by: java.lang.IllegalArgumentException: サーブレットマッピングは未知のサーブレット名 [AccountRegisterResult] を指定しています
		at org.apache.catalina.core.StandardContext.addServletMappingDecoded(StandardContext.java:3055)
		at org.apache.catalina.Context.addServletMappingDecoded(Context.java:917)
		at org.apache.catalina.startup.ContextConfig.configureContext(ContextConfig.java:1563)
		at org.apache.catalina.startup.ContextConfig.webConfig(ContextConfig.java:1336)
		at org.apache.catalina.startup.ContextConfig.configureStart(ContextConfig.java:987)
		at org.apache.catalina.startup.ContextConfig.lifecycleEvent(ContextConfig.java:304)
		at org.apache.catalina.util.LifecycleBase.fireLifecycleEvent(LifecycleBase.java:114)
		at org.apache.catalina.core.StandardContext.startInternal(StandardContext.java:4766)
		at org.apache.catalina.util.LifecycleBase.start(LifecycleBase.java:171)
		... 17 more
10-Oct-2023 23:19:26.454 情報 [Catalina-utility-1] org.apache.catalina.core.StandardContext.reload このコンテキストの再ロードが完了しました
10-Oct-2023 23:19:27.877 情報 [mysql-cj-abandoned-connection-cleanup] org.apache.catalina.loader.WebappClassLoaderBase.checkStateForResourceLoading 不正なアクセス: このWebアプリケーションのインスタンスは既に停止されています  Could not load []. 不正なアクセスを引き起こしたスレッドを終了させ、投げられたエラーによりデバッグ用に次のスタックトレースが生成されましたが，機能に影響はありません
	java.lang.IllegalStateException: 不正なアクセス: このWebアプリケーションのインスタンスは既に停止されています  Could not load []. 不正なアクセスを引き起こしたスレッドを終了させ、投げられたエラーによりデバッグ用に次のスタックトレースが生成されましたが，機能に影響はありません
		at org.apache.catalina.loader.WebappClassLoaderBase.checkStateForResourceLoading(WebappClassLoaderBase.java:1457)
		at org.apache.catalina.loader.WebappClassLoaderBase.getResource(WebappClassLoaderBase.java:1047)
		at com.mysql.cj.jdbc.AbandonedConnectionCleanupThread.checkThreadContextClassLoader(AbandonedConnectionCleanupThread.java:123)
		at com.mysql.cj.jdbc.AbandonedConnectionCleanupThread.run(AbandonedConnectionCleanupThread.java:90)
		at java.base/java.util.concurrent.ThreadPoolExecutor.runWorker(ThreadPoolExecutor.java:1130)
		at java.base/java.util.concurrent.ThreadPoolExecutor$Worker.run(ThreadPoolExecutor.java:630)
		at java.base/java.lang.Thread.run(Thread.java:831)
10-Oct-2023 23:19:46.468 情報 [Catalina-utility-2] org.apache.catalina.startup.HostConfig.reload リロード中のコンテキスト [/ProEnv]
10-Oct-2023 23:19:46.796 情報 [Catalina-utility-2] org.apache.jasper.servlet.TldScanner.scanJars 少なくとも1つのJARでTLDをスキャンしましたが、TLDが含まれていませんでした。スキャンしたもののTLDが見つからなかったJARの完全なリストについては、このロガーのデバッグログを有効にしてください。スキャン中に不要なJARをスキップすると、起動時間とJSPのコンパイル時間が短縮されます。
10-Oct-2023 23:20:06.219 情報 [main] org.apache.catalina.core.StandardServer.await 有効なシャットダウンコマンドがシャットダウンポート経由で受信されました。 サーバーインスタンスを停止します。
10-Oct-2023 23:20:06.220 情報 [main] org.apache.coyote.AbstractProtocol.pause ProtocolHandler ["http-nio-8080"] を一時停止します。
10-Oct-2023 23:20:06.223 情報 [main] org.apache.catalina.core.StandardService.stopInternal サービス [Catalina] を停止します
10-Oct-2023 23:20:06.241 警告 [main] org.apache.catalina.loader.WebappClassLoaderBase.clearReferencesJdbc Web アプリケーション [ProEnv] は自身で登録した JDBC ドライバー [com.mysql.cj.jdbc.Driver] を停止時に解除できませんでした。メモリーリークの発生を防ぐには JDBC ドライバーを強制的に解除してください。
10-Oct-2023 23:20:06.242 警告 [main] org.apache.catalina.loader.WebappClassLoaderBase.clearReferencesThreads Webアプリケーション [ProEnv] は [mysql-cj-abandoned-connection-cleanup] という名前のスレッドを開始したようですが、停止に失敗しました。これはメモリリークを引き起こす可能性が非常に高いです。スレッドのスタックトレース: 
 java.base@16.0.1/java.lang.Object.wait(Native Method)
 java.base@16.0.1/java.lang.ref.ReferenceQueue.remove(ReferenceQueue.java:155)
 com.mysql.cj.jdbc.AbandonedConnectionCleanupThread.run(AbandonedConnectionCleanupThread.java:91)
 java.base@16.0.1/java.util.concurrent.ThreadPoolExecutor.runWorker(ThreadPoolExecutor.java:1130)
 java.base@16.0.1/java.util.concurrent.ThreadPoolExecutor$Worker.run(ThreadPoolExecutor.java:630)
 java.base@16.0.1/java.lang.Thread.run(Thread.java:831)
10-Oct-2023 23:20:06.245 情報 [main] org.apache.coyote.AbstractProtocol.stop ProtocolHandler ["http-nio-8080"]の停止中
10-Oct-2023 23:20:06.259 情報 [main] org.apache.coyote.AbstractProtocol.destroy ProtocolHandler ["http-nio-8080"] を破棄します。
10-Oct-2023 23:20:06.648 情報 [main] org.apache.catalina.startup.VersionLoggerListener.log Serverのバージョン名:     Apache Tomcat/10.1.13
10-Oct-2023 23:20:06.651 情報 [main] org.apache.catalina.startup.VersionLoggerListener.log Server ビルド:            Aug 23 2023 21:34:59 UTC
10-Oct-2023 23:20:06.652 情報 [main] org.apache.catalina.startup.VersionLoggerListener.log サーバーのバージョン番号: 10.1.13.0
10-Oct-2023 23:20:06.652 情報 [main] org.apache.catalina.startup.VersionLoggerListener.log OS 名:                    Mac OS X
10-Oct-2023 23:20:06.652 情報 [main] org.apache.catalina.startup.VersionLoggerListener.log OS バージョン:            11.5
10-Oct-2023 23:20:06.652 情報 [main] org.apache.catalina.startup.VersionLoggerListener.log アーキテクチャ:           x86_64
10-Oct-2023 23:20:06.652 情報 [main] org.apache.catalina.startup.VersionLoggerListener.log Java Home:                /Library/Java/JavaVirtualMachines/jdk-16.0.1.jdk/Contents/Home
10-Oct-2023 23:20:06.652 情報 [main] org.apache.catalina.startup.VersionLoggerListener.log JVM バージョン:           16.0.1+9-24
10-Oct-2023 23:20:06.652 情報 [main] org.apache.catalina.startup.VersionLoggerListener.log JVM ベンダ:               Oracle Corporation
10-Oct-2023 23:20:06.652 情報 [main] org.apache.catalina.startup.VersionLoggerListener.log CATALINA_BASE:            /Users/aokihayata/aoki_app/tomcat
10-Oct-2023 23:20:06.653 情報 [main] org.apache.catalina.startup.VersionLoggerListener.log CATALINA_HOME:            /Users/aokihayata/aoki_app/tomcat
10-Oct-2023 23:20:06.664 情報 [main] org.apache.catalina.startup.VersionLoggerListener.log コマンドライン引数:       -Djava.util.logging.config.file=/Users/aokihayata/aoki_app/tomcat/conf/logging.properties
10-Oct-2023 23:20:06.665 情報 [main] org.apache.catalina.startup.VersionLoggerListener.log コマンドライン引数:       -Djava.util.logging.manager=org.apache.juli.ClassLoaderLogManager
10-Oct-2023 23:20:06.665 情報 [main] org.apache.catalina.startup.VersionLoggerListener.log コマンドライン引数:       -Djdk.tls.ephemeralDHKeySize=2048
10-Oct-2023 23:20:06.665 情報 [main] org.apache.catalina.startup.VersionLoggerListener.log コマンドライン引数:       -Djava.protocol.handler.pkgs=org.apache.catalina.webresources
10-Oct-2023 23:20:06.665 情報 [main] org.apache.catalina.startup.VersionLoggerListener.log コマンドライン引数:       -Dorg.apache.catalina.security.SecurityListener.UMASK=0027
10-Oct-2023 23:20:06.665 情報 [main] org.apache.catalina.startup.VersionLoggerListener.log コマンドライン引数:       --add-opens=java.base/java.lang=ALL-UNNAMED
10-Oct-2023 23:20:06.665 情報 [main] org.apache.catalina.startup.VersionLoggerListener.log コマンドライン引数:       --add-opens=java.base/java.io=ALL-UNNAMED
10-Oct-2023 23:20:06.665 情報 [main] org.apache.catalina.startup.VersionLoggerListener.log コマンドライン引数:       --add-opens=java.base/java.util=ALL-UNNAMED
10-Oct-2023 23:20:06.665 情報 [main] org.apache.catalina.startup.VersionLoggerListener.log コマンドライン引数:       --add-opens=java.base/java.util.concurrent=ALL-UNNAMED
10-Oct-2023 23:20:06.666 情報 [main] org.apache.catalina.startup.VersionLoggerListener.log コマンドライン引数:       --add-opens=java.rmi/sun.rmi.transport=ALL-UNNAMED
10-Oct-2023 23:20:06.666 情報 [main] org.apache.catalina.startup.VersionLoggerListener.log コマンドライン引数:       -Dcatalina.base=/Users/aokihayata/aoki_app/tomcat
10-Oct-2023 23:20:06.666 情報 [main] org.apache.catalina.startup.VersionLoggerListener.log コマンドライン引数:       -Dcatalina.home=/Users/aokihayata/aoki_app/tomcat
10-Oct-2023 23:20:06.666 情報 [main] org.apache.catalina.startup.VersionLoggerListener.log コマンドライン引数:       -Djava.io.tmpdir=/Users/aokihayata/aoki_app/tomcat/temp
10-Oct-2023 23:20:06.668 情報 [main] org.apache.catalina.core.AprLifecycleListener.lifecycleEvent 商用環境に最適な性能を発揮する APR ベースの Tomcat ネイティブライブラリが java.library.path [/Users/aokihayata/Library/Java/Extensions:/Library/Java/Extensions:/Network/Library/Java/Extensions:/System/Library/Java/Extensions:/usr/lib/java:.] に存在しません。
10-Oct-2023 23:20:06.906 情報 [main] org.apache.coyote.AbstractProtocol.init プロトコルハンドラ ["http-nio-8080"] を初期化します。
10-Oct-2023 23:20:06.938 情報 [main] org.apache.catalina.startup.Catalina.load サーバーの初期化 [462] ミリ秒
10-Oct-2023 23:20:06.988 情報 [main] org.apache.catalina.core.StandardService.startInternal サービス [Catalina] を起動します
10-Oct-2023 23:20:06.988 情報 [main] org.apache.catalina.core.StandardEngine.startInternal サーブレットエンジンの起動：[Apache Tomcat/10.1.13]
10-Oct-2023 23:20:06.998 情報 [main] org.apache.catalina.startup.HostConfig.deployDescriptor 配備記述子 [/Users/aokihayata/aoki_app/tomcat/conf/Catalina/localhost/mywork.xml] を配備します
10-Oct-2023 23:20:07.256 情報 [main] org.apache.catalina.startup.HostConfig.deployDescriptor 配備記述子 [/Users/aokihayata/aoki_app/tomcat/conf/Catalina/localhost/mywork.xml] の展開が [256] ミリ秒で完了しました
10-Oct-2023 23:20:07.256 情報 [main] org.apache.catalina.startup.HostConfig.deployDirectory Web アプリケーションディレクトリ [/Users/aokihayata/aoki_app/tomcat/webapps/ProEnv] を配備します
10-Oct-2023 23:20:07.586 情報 [main] org.apache.jasper.servlet.TldScanner.scanJars 少なくとも1つのJARでTLDをスキャンしましたが、TLDが含まれていませんでした。スキャンしたもののTLDが見つからなかったJARの完全なリストについては、このロガーのデバッグログを有効にしてください。スキャン中に不要なJARをスキップすると、起動時間とJSPのコンパイル時間が短縮されます。
10-Oct-2023 23:20:07.588 情報 [main] org.apache.catalina.startup.HostConfig.deployDirectory ディレクトリ [/Users/aokihayata/aoki_app/tomcat/webapps/ProEnv] の Web アプリケーションの配備は [332] ミリ秒で完了しました。
10-Oct-2023 23:20:07.588 情報 [main] org.apache.catalina.startup.HostConfig.deployDirectory Web アプリケーションディレクトリ [/Users/aokihayata/aoki_app/tomcat/webapps/docs] を配備します
10-Oct-2023 23:20:07.608 情報 [main] org.apache.catalina.startup.HostConfig.deployDirectory ディレクトリ [/Users/aokihayata/aoki_app/tomcat/webapps/docs] の Web アプリケーションの配備は [20] ミリ秒で完了しました。
10-Oct-2023 23:20:07.608 情報 [main] org.apache.catalina.startup.HostConfig.deployDirectory Web アプリケーションディレクトリ [/Users/aokihayata/aoki_app/tomcat/webapps/manager] を配備します
10-Oct-2023 23:20:07.636 情報 [main] org.apache.catalina.startup.HostConfig.deployDirectory ディレクトリ [/Users/aokihayata/aoki_app/tomcat/webapps/manager] の Web アプリケーションの配備は [28] ミリ秒で完了しました。
10-Oct-2023 23:20:07.637 情報 [main] org.apache.catalina.startup.HostConfig.deployDirectory Web アプリケーションディレクトリ [/Users/aokihayata/aoki_app/tomcat/webapps/examples] を配備します
10-Oct-2023 23:20:07.830 情報 [main] org.apache.catalina.startup.HostConfig.deployDirectory ディレクトリ [/Users/aokihayata/aoki_app/tomcat/webapps/examples] の Web アプリケーションの配備は [193] ミリ秒で完了しました。
10-Oct-2023 23:20:07.830 情報 [main] org.apache.catalina.startup.HostConfig.deployDirectory Web アプリケーションディレクトリ [/Users/aokihayata/aoki_app/tomcat/webapps/ROOT] を配備します
10-Oct-2023 23:20:07.844 情報 [main] org.apache.catalina.startup.HostConfig.deployDirectory ディレクトリ [/Users/aokihayata/aoki_app/tomcat/webapps/ROOT] の Web アプリケーションの配備は [13] ミリ秒で完了しました。
10-Oct-2023 23:20:07.844 情報 [main] org.apache.catalina.startup.HostConfig.deployDirectory Web アプリケーションディレクトリ [/Users/aokihayata/aoki_app/tomcat/webapps/mydatabase] を配備します
10-Oct-2023 23:20:07.861 情報 [main] org.apache.catalina.startup.HostConfig.deployDirectory ディレクトリ [/Users/aokihayata/aoki_app/tomcat/webapps/mydatabase] の Web アプリケーションの配備は [17] ミリ秒で完了しました。
10-Oct-2023 23:20:07.861 情報 [main] org.apache.catalina.startup.HostConfig.deployDirectory Web アプリケーションディレクトリ [/Users/aokihayata/aoki_app/tomcat/webapps/host-manager] を配備します
10-Oct-2023 23:20:07.878 情報 [main] org.apache.catalina.startup.HostConfig.deployDirectory ディレクトリ [/Users/aokihayata/aoki_app/tomcat/webapps/host-manager] の Web アプリケーションの配備は [16] ミリ秒で完了しました。
10-Oct-2023 23:20:07.880 情報 [main] org.apache.coyote.AbstractProtocol.start プロトコルハンドラー ["http-nio-8080"] を開始しました。
10-Oct-2023 23:20:07.891 情報 [main] org.apache.catalina.startup.Catalina.start サーバーの起動 [952] ミリ秒
