18-Sep-2023 22:54:47.065 情報 [Catalina-utility-1] org.apache.catalina.startup.HostConfig.deployDirectory Web アプリケーションディレクトリ [/Users/aokihayata/aoki_app/tomcat/webapps/mywork] を配備します
18-Sep-2023 22:54:47.318 情報 [Catalina-utility-1] org.apache.catalina.startup.HostConfig.deployDirectory ディレクトリ [/Users/aokihayata/aoki_app/tomcat/webapps/mywork] の Web アプリケーションの配備は [314] ミリ秒で完了しました。
18-Sep-2023 23:19:18.167 情報 [Catalina-utility-2] org.apache.catalina.startup.HostConfig.reload リロード中のコンテキスト [/mywork]
18-Sep-2023 23:19:18.169 情報 [Catalina-utility-2] org.apache.catalina.core.StandardContext.reload このコンテキストの再ロードを開始しました
18-Sep-2023 23:19:18.286 情報 [Catalina-utility-2] org.apache.catalina.core.StandardContext.reload このコンテキストの再ロードが完了しました
18-Sep-2023 23:19:28.291 情報 [Catalina-utility-2] org.apache.catalina.startup.HostConfig.reload リロード中のコンテキスト [/mywork]
18-Sep-2023 23:19:28.291 情報 [Catalina-utility-2] org.apache.catalina.core.StandardContext.reload このコンテキストの再ロードを開始しました
18-Sep-2023 23:19:28.328 情報 [Catalina-utility-2] org.apache.catalina.core.StandardContext.reload このコンテキストの再ロードが完了しました
18-Sep-2023 23:31:18.679 情報 [Catalina-utility-1] org.apache.catalina.startup.HostConfig.undeploy コンテキストパス [/mywork] のWebアプリケーションの配備を解除します
18-Sep-2023 23:31:18.736 情報 [Catalina-utility-1] org.apache.catalina.startup.HostConfig.deployDescriptor 配備記述子 [/Users/aokihayata/aoki_app/tomcat/conf/Catalina/localhost/mywork.xml] を配備します
18-Sep-2023 23:31:18.762 重大 [Catalina-utility-1] org.apache.tomcat.util.digester.Digester.fatalError 行[1]の列[1]で致命的なエラーを解析します。
	org.xml.sax.SAXParseException; lineNumber: 1; columnNumber: 1; 途中でファイルの末尾に達しました。
		at java.xml/com.sun.org.apache.xerces.internal.util.ErrorHandlerWrapper.createSAXParseException(ErrorHandlerWrapper.java:204)
		at java.xml/com.sun.org.apache.xerces.internal.util.ErrorHandlerWrapper.fatalError(ErrorHandlerWrapper.java:178)
		at java.xml/com.sun.org.apache.xerces.internal.impl.XMLErrorReporter.reportError(XMLErrorReporter.java:400)
		at java.xml/com.sun.org.apache.xerces.internal.impl.XMLErrorReporter.reportError(XMLErrorReporter.java:327)
		at java.xml/com.sun.org.apache.xerces.internal.impl.XMLScanner.reportFatalError(XMLScanner.java:1471)
		at java.xml/com.sun.org.apache.xerces.internal.impl.XMLDocumentScannerImpl$PrologDriver.next(XMLDocumentScannerImpl.java:1013)
		at java.xml/com.sun.org.apache.xerces.internal.impl.XMLDocumentScannerImpl.next(XMLDocumentScannerImpl.java:605)
		at java.xml/com.sun.org.apache.xerces.internal.impl.XMLDocumentFragmentScannerImpl.scanDocument(XMLDocumentFragmentScannerImpl.java:541)
		at java.xml/com.sun.org.apache.xerces.internal.parsers.XML11Configuration.parse(XML11Configuration.java:888)
		at java.xml/com.sun.org.apache.xerces.internal.parsers.XML11Configuration.parse(XML11Configuration.java:824)
		at java.xml/com.sun.org.apache.xerces.internal.parsers.XMLParser.parse(XMLParser.java:141)
		at java.xml/com.sun.org.apache.xerces.internal.parsers.AbstractSAXParser.parse(AbstractSAXParser.java:1224)
		at java.xml/com.sun.org.apache.xerces.internal.jaxp.SAXParserImpl$JAXPSAXParser.parse(SAXParserImpl.java:635)
		at org.apache.tomcat.util.digester.Digester.parse(Digester.java:1539)
		at org.apache.catalina.startup.HostConfig.deployDescriptor(HostConfig.java:583)
		at org.apache.catalina.startup.HostConfig$DeployDescriptor.run(HostConfig.java:1927)
		at java.base/java.util.concurrent.Executors$RunnableAdapter.call(Executors.java:515)
		at java.base/java.util.concurrent.FutureTask.run(FutureTask.java:264)
		at org.apache.tomcat.util.threads.InlineExecutorService.execute(InlineExecutorService.java:75)
		at java.base/java.util.concurrent.AbstractExecutorService.submit(AbstractExecutorService.java:123)
		at org.apache.catalina.startup.HostConfig.deployDescriptors(HostConfig.java:534)
		at org.apache.catalina.startup.HostConfig.deployApps(HostConfig.java:424)
		at org.apache.catalina.startup.HostConfig.check(HostConfig.java:1705)
		at org.apache.catalina.startup.HostConfig.lifecycleEvent(HostConfig.java:305)
		at org.apache.catalina.util.LifecycleBase.fireLifecycleEvent(LifecycleBase.java:114)
		at org.apache.catalina.core.ContainerBase.backgroundProcess(ContainerBase.java:1098)
		at org.apache.catalina.core.ContainerBase$ContainerBackgroundProcessor.processChildren(ContainerBase.java:1301)
		at org.apache.catalina.core.ContainerBase$ContainerBackgroundProcessor.processChildren(ContainerBase.java:1305)
		at org.apache.catalina.core.ContainerBase$ContainerBackgroundProcessor.run(ContainerBase.java:1283)
		at java.base/java.util.concurrent.Executors$RunnableAdapter.call(Executors.java:515)
		at java.base/java.util.concurrent.FutureTask.runAndReset(FutureTask.java:305)
		at java.base/java.util.concurrent.ScheduledThreadPoolExecutor$ScheduledFutureTask.run(ScheduledThreadPoolExecutor.java:305)
		at java.base/java.util.concurrent.ThreadPoolExecutor.runWorker(ThreadPoolExecutor.java:1130)
		at java.base/java.util.concurrent.ThreadPoolExecutor$Worker.run(ThreadPoolExecutor.java:630)
		at org.apache.tomcat.util.threads.TaskThread$WrappingRunnable.run(TaskThread.java:61)
		at java.base/java.lang.Thread.run(Thread.java:831)
18-Sep-2023 23:31:18.767 重大 [Catalina-utility-1] org.apache.catalina.startup.HostConfig.deployDescriptor 配備記述子 [/Users/aokihayata/aoki_app/tomcat/conf/Catalina/localhost/mywork.xml] を配備中のエラーです
	org.xml.sax.SAXParseException; lineNumber: 1; columnNumber: 1; 途中でファイルの末尾に達しました。
		at java.xml/com.sun.org.apache.xerces.internal.parsers.AbstractSAXParser.parse(AbstractSAXParser.java:1251)
		at java.xml/com.sun.org.apache.xerces.internal.jaxp.SAXParserImpl$JAXPSAXParser.parse(SAXParserImpl.java:635)
		at org.apache.tomcat.util.digester.Digester.parse(Digester.java:1539)
		at org.apache.catalina.startup.HostConfig.deployDescriptor(HostConfig.java:583)
		at org.apache.catalina.startup.HostConfig$DeployDescriptor.run(HostConfig.java:1927)
		at java.base/java.util.concurrent.Executors$RunnableAdapter.call(Executors.java:515)
		at java.base/java.util.concurrent.FutureTask.run(FutureTask.java:264)
		at org.apache.tomcat.util.threads.InlineExecutorService.execute(InlineExecutorService.java:75)
		at java.base/java.util.concurrent.AbstractExecutorService.submit(AbstractExecutorService.java:123)
		at org.apache.catalina.startup.HostConfig.deployDescriptors(HostConfig.java:534)
		at org.apache.catalina.startup.HostConfig.deployApps(HostConfig.java:424)
		at org.apache.catalina.startup.HostConfig.check(HostConfig.java:1705)
		at org.apache.catalina.startup.HostConfig.lifecycleEvent(HostConfig.java:305)
		at org.apache.catalina.util.LifecycleBase.fireLifecycleEvent(LifecycleBase.java:114)
		at org.apache.catalina.core.ContainerBase.backgroundProcess(ContainerBase.java:1098)
		at org.apache.catalina.core.ContainerBase$ContainerBackgroundProcessor.processChildren(ContainerBase.java:1301)
		at org.apache.catalina.core.ContainerBase$ContainerBackgroundProcessor.processChildren(ContainerBase.java:1305)
		at org.apache.catalina.core.ContainerBase$ContainerBackgroundProcessor.run(ContainerBase.java:1283)
		at java.base/java.util.concurrent.Executors$RunnableAdapter.call(Executors.java:515)
		at java.base/java.util.concurrent.FutureTask.runAndReset(FutureTask.java:305)
		at java.base/java.util.concurrent.ScheduledThreadPoolExecutor$ScheduledFutureTask.run(ScheduledThreadPoolExecutor.java:305)
		at java.base/java.util.concurrent.ThreadPoolExecutor.runWorker(ThreadPoolExecutor.java:1130)
		at java.base/java.util.concurrent.ThreadPoolExecutor$Worker.run(ThreadPoolExecutor.java:630)
		at org.apache.tomcat.util.threads.TaskThread$WrappingRunnable.run(TaskThread.java:61)
		at java.base/java.lang.Thread.run(Thread.java:831)
18-Sep-2023 23:31:18.790 重大 [Catalina-utility-1] org.apache.tomcat.util.digester.Digester.fatalError 行[1]の列[1]で致命的なエラーを解析します。
	org.xml.sax.SAXParseException; systemId: file:/Users/aokihayata/aoki_app/tomcat/conf/Catalina/localhost/mywork.xml; lineNumber: 1; columnNumber: 1; 途中でファイルの末尾に達しました。
		at java.xml/com.sun.org.apache.xerces.internal.util.ErrorHandlerWrapper.createSAXParseException(ErrorHandlerWrapper.java:204)
		at java.xml/com.sun.org.apache.xerces.internal.util.ErrorHandlerWrapper.fatalError(ErrorHandlerWrapper.java:178)
		at java.xml/com.sun.org.apache.xerces.internal.impl.XMLErrorReporter.reportError(XMLErrorReporter.java:400)
		at java.xml/com.sun.org.apache.xerces.internal.impl.XMLErrorReporter.reportError(XMLErrorReporter.java:327)
		at java.xml/com.sun.org.apache.xerces.internal.impl.XMLScanner.reportFatalError(XMLScanner.java:1471)
		at java.xml/com.sun.org.apache.xerces.internal.impl.XMLDocumentScannerImpl$PrologDriver.next(XMLDocumentScannerImpl.java:1013)
		at java.xml/com.sun.org.apache.xerces.internal.impl.XMLDocumentScannerImpl.next(XMLDocumentScannerImpl.java:605)
		at java.xml/com.sun.org.apache.xerces.internal.impl.XMLDocumentFragmentScannerImpl.scanDocument(XMLDocumentFragmentScannerImpl.java:541)
		at java.xml/com.sun.org.apache.xerces.internal.parsers.XML11Configuration.parse(XML11Configuration.java:888)
		at java.xml/com.sun.org.apache.xerces.internal.parsers.XML11Configuration.parse(XML11Configuration.java:824)
		at java.xml/com.sun.org.apache.xerces.internal.parsers.XMLParser.parse(XMLParser.java:141)
		at java.xml/com.sun.org.apache.xerces.internal.parsers.AbstractSAXParser.parse(AbstractSAXParser.java:1224)
		at java.xml/com.sun.org.apache.xerces.internal.jaxp.SAXParserImpl$JAXPSAXParser.parse(SAXParserImpl.java:635)
		at org.apache.tomcat.util.digester.Digester.parse(Digester.java:1522)
		at org.apache.catalina.startup.ContextConfig.processContextConfig(ContextConfig.java:736)
		at org.apache.catalina.startup.ContextConfig.contextConfig(ContextConfig.java:680)
		at org.apache.catalina.startup.ContextConfig.init(ContextConfig.java:950)
		at org.apache.catalina.startup.ContextConfig.lifecycleEvent(ContextConfig.java:315)
		at org.apache.catalina.util.LifecycleBase.fireLifecycleEvent(LifecycleBase.java:114)
		at org.apache.catalina.util.LifecycleBase.setStateInternal(LifecycleBase.java:402)
		at org.apache.catalina.util.LifecycleBase.init(LifecycleBase.java:128)
		at org.apache.catalina.util.LifecycleBase.start(LifecycleBase.java:161)
		at org.apache.catalina.core.ContainerBase.addChildInternal(ContainerBase.java:683)
		at org.apache.catalina.core.ContainerBase.addChild(ContainerBase.java:658)
		at org.apache.catalina.core.StandardHost.addChild(StandardHost.java:713)
		at org.apache.catalina.startup.HostConfig.deployDescriptor(HostConfig.java:641)
		at org.apache.catalina.startup.HostConfig$DeployDescriptor.run(HostConfig.java:1927)
		at java.base/java.util.concurrent.Executors$RunnableAdapter.call(Executors.java:515)
		at java.base/java.util.concurrent.FutureTask.run(FutureTask.java:264)
		at org.apache.tomcat.util.threads.InlineExecutorService.execute(InlineExecutorService.java:75)
		at java.base/java.util.concurrent.AbstractExecutorService.submit(AbstractExecutorService.java:123)
		at org.apache.catalina.startup.HostConfig.deployDescriptors(HostConfig.java:534)
		at org.apache.catalina.startup.HostConfig.deployApps(HostConfig.java:424)
		at org.apache.catalina.startup.HostConfig.check(HostConfig.java:1705)
		at org.apache.catalina.startup.HostConfig.lifecycleEvent(HostConfig.java:305)
		at org.apache.catalina.util.LifecycleBase.fireLifecycleEvent(LifecycleBase.java:114)
		at org.apache.catalina.core.ContainerBase.backgroundProcess(ContainerBase.java:1098)
		at org.apache.catalina.core.ContainerBase$ContainerBackgroundProcessor.processChildren(ContainerBase.java:1301)
		at org.apache.catalina.core.ContainerBase$ContainerBackgroundProcessor.processChildren(ContainerBase.java:1305)
		at org.apache.catalina.core.ContainerBase$ContainerBackgroundProcessor.run(ContainerBase.java:1283)
		at java.base/java.util.concurrent.Executors$RunnableAdapter.call(Executors.java:515)
		at java.base/java.util.concurrent.FutureTask.runAndReset(FutureTask.java:305)
		at java.base/java.util.concurrent.ScheduledThreadPoolExecutor$ScheduledFutureTask.run(ScheduledThreadPoolExecutor.java:305)
		at java.base/java.util.concurrent.ThreadPoolExecutor.runWorker(ThreadPoolExecutor.java:1130)
		at java.base/java.util.concurrent.ThreadPoolExecutor$Worker.run(ThreadPoolExecutor.java:630)
		at org.apache.tomcat.util.threads.TaskThread$WrappingRunnable.run(TaskThread.java:61)
		at java.base/java.lang.Thread.run(Thread.java:831)
18-Sep-2023 23:31:18.792 重大 [Catalina-utility-1] org.apache.catalina.startup.ContextConfig.processContextConfig [/mywork]のcontext.xmlの解析エラー
	org.xml.sax.SAXParseException; systemId: file:/Users/aokihayata/aoki_app/tomcat/conf/Catalina/localhost/mywork.xml; lineNumber: 1; columnNumber: 1; 途中でファイルの末尾に達しました。
		at java.xml/com.sun.org.apache.xerces.internal.util.ErrorHandlerWrapper.createSAXParseException(ErrorHandlerWrapper.java:204)
		at java.xml/com.sun.org.apache.xerces.internal.util.ErrorHandlerWrapper.fatalError(ErrorHandlerWrapper.java:178)
		at java.xml/com.sun.org.apache.xerces.internal.impl.XMLErrorReporter.reportError(XMLErrorReporter.java:400)
		at java.xml/com.sun.org.apache.xerces.internal.impl.XMLErrorReporter.reportError(XMLErrorReporter.java:327)
		at java.xml/com.sun.org.apache.xerces.internal.impl.XMLScanner.reportFatalError(XMLScanner.java:1471)
		at java.xml/com.sun.org.apache.xerces.internal.impl.XMLDocumentScannerImpl$PrologDriver.next(XMLDocumentScannerImpl.java:1013)
		at java.xml/com.sun.org.apache.xerces.internal.impl.XMLDocumentScannerImpl.next(XMLDocumentScannerImpl.java:605)
		at java.xml/com.sun.org.apache.xerces.internal.impl.XMLDocumentFragmentScannerImpl.scanDocument(XMLDocumentFragmentScannerImpl.java:541)
		at java.xml/com.sun.org.apache.xerces.internal.parsers.XML11Configuration.parse(XML11Configuration.java:888)
		at java.xml/com.sun.org.apache.xerces.internal.parsers.XML11Configuration.parse(XML11Configuration.java:824)
		at java.xml/com.sun.org.apache.xerces.internal.parsers.XMLParser.parse(XMLParser.java:141)
		at java.xml/com.sun.org.apache.xerces.internal.parsers.AbstractSAXParser.parse(AbstractSAXParser.java:1224)
		at java.xml/com.sun.org.apache.xerces.internal.jaxp.SAXParserImpl$JAXPSAXParser.parse(SAXParserImpl.java:635)
		at org.apache.tomcat.util.digester.Digester.parse(Digester.java:1522)
		at org.apache.catalina.startup.ContextConfig.processContextConfig(ContextConfig.java:736)
		at org.apache.catalina.startup.ContextConfig.contextConfig(ContextConfig.java:680)
		at org.apache.catalina.startup.ContextConfig.init(ContextConfig.java:950)
		at org.apache.catalina.startup.ContextConfig.lifecycleEvent(ContextConfig.java:315)
		at org.apache.catalina.util.LifecycleBase.fireLifecycleEvent(LifecycleBase.java:114)
		at org.apache.catalina.util.LifecycleBase.setStateInternal(LifecycleBase.java:402)
		at org.apache.catalina.util.LifecycleBase.init(LifecycleBase.java:128)
		at org.apache.catalina.util.LifecycleBase.start(LifecycleBase.java:161)
		at org.apache.catalina.core.ContainerBase.addChildInternal(ContainerBase.java:683)
		at org.apache.catalina.core.ContainerBase.addChild(ContainerBase.java:658)
		at org.apache.catalina.core.StandardHost.addChild(StandardHost.java:713)
		at org.apache.catalina.startup.HostConfig.deployDescriptor(HostConfig.java:641)
		at org.apache.catalina.startup.HostConfig$DeployDescriptor.run(HostConfig.java:1927)
		at java.base/java.util.concurrent.Executors$RunnableAdapter.call(Executors.java:515)
		at java.base/java.util.concurrent.FutureTask.run(FutureTask.java:264)
		at org.apache.tomcat.util.threads.InlineExecutorService.execute(InlineExecutorService.java:75)
		at java.base/java.util.concurrent.AbstractExecutorService.submit(AbstractExecutorService.java:123)
		at org.apache.catalina.startup.HostConfig.deployDescriptors(HostConfig.java:534)
		at org.apache.catalina.startup.HostConfig.deployApps(HostConfig.java:424)
		at org.apache.catalina.startup.HostConfig.check(HostConfig.java:1705)
		at org.apache.catalina.startup.HostConfig.lifecycleEvent(HostConfig.java:305)
		at org.apache.catalina.util.LifecycleBase.fireLifecycleEvent(LifecycleBase.java:114)
		at org.apache.catalina.core.ContainerBase.backgroundProcess(ContainerBase.java:1098)
		at org.apache.catalina.core.ContainerBase$ContainerBackgroundProcessor.processChildren(ContainerBase.java:1301)
		at org.apache.catalina.core.ContainerBase$ContainerBackgroundProcessor.processChildren(ContainerBase.java:1305)
		at org.apache.catalina.core.ContainerBase$ContainerBackgroundProcessor.run(ContainerBase.java:1283)
		at java.base/java.util.concurrent.Executors$RunnableAdapter.call(Executors.java:515)
		at java.base/java.util.concurrent.FutureTask.runAndReset(FutureTask.java:305)
		at java.base/java.util.concurrent.ScheduledThreadPoolExecutor$ScheduledFutureTask.run(ScheduledThreadPoolExecutor.java:305)
		at java.base/java.util.concurrent.ThreadPoolExecutor.runWorker(ThreadPoolExecutor.java:1130)
		at java.base/java.util.concurrent.ThreadPoolExecutor$Worker.run(ThreadPoolExecutor.java:630)
		at org.apache.tomcat.util.threads.TaskThread$WrappingRunnable.run(TaskThread.java:61)
		at java.base/java.lang.Thread.run(Thread.java:831)
18-Sep-2023 23:31:18.794 重大 [Catalina-utility-1] org.apache.catalina.startup.ContextConfig.processContextConfig [1] 行の [1] 列目で発生しました
18-Sep-2023 23:31:18.795 重大 [Catalina-utility-1] org.apache.catalina.startup.HostConfig.deployDescriptor 配備記述子 [/Users/aokihayata/aoki_app/tomcat/conf/Catalina/localhost/mywork.xml] を配備中のエラーです
	java.lang.IllegalStateException: 子要素を開始できません。
		at org.apache.catalina.core.ContainerBase.addChildInternal(ContainerBase.java:686)
		at org.apache.catalina.core.ContainerBase.addChild(ContainerBase.java:658)
		at org.apache.catalina.core.StandardHost.addChild(StandardHost.java:713)
		at org.apache.catalina.startup.HostConfig.deployDescriptor(HostConfig.java:641)
		at org.apache.catalina.startup.HostConfig$DeployDescriptor.run(HostConfig.java:1927)
		at java.base/java.util.concurrent.Executors$RunnableAdapter.call(Executors.java:515)
		at java.base/java.util.concurrent.FutureTask.run(FutureTask.java:264)
		at org.apache.tomcat.util.threads.InlineExecutorService.execute(InlineExecutorService.java:75)
		at java.base/java.util.concurrent.AbstractExecutorService.submit(AbstractExecutorService.java:123)
		at org.apache.catalina.startup.HostConfig.deployDescriptors(HostConfig.java:534)
		at org.apache.catalina.startup.HostConfig.deployApps(HostConfig.java:424)
		at org.apache.catalina.startup.HostConfig.check(HostConfig.java:1705)
		at org.apache.catalina.startup.HostConfig.lifecycleEvent(HostConfig.java:305)
		at org.apache.catalina.util.LifecycleBase.fireLifecycleEvent(LifecycleBase.java:114)
		at org.apache.catalina.core.ContainerBase.backgroundProcess(ContainerBase.java:1098)
		at org.apache.catalina.core.ContainerBase$ContainerBackgroundProcessor.processChildren(ContainerBase.java:1301)
		at org.apache.catalina.core.ContainerBase$ContainerBackgroundProcessor.processChildren(ContainerBase.java:1305)
		at org.apache.catalina.core.ContainerBase$ContainerBackgroundProcessor.run(ContainerBase.java:1283)
		at java.base/java.util.concurrent.Executors$RunnableAdapter.call(Executors.java:515)
		at java.base/java.util.concurrent.FutureTask.runAndReset(FutureTask.java:305)
		at java.base/java.util.concurrent.ScheduledThreadPoolExecutor$ScheduledFutureTask.run(ScheduledThreadPoolExecutor.java:305)
		at java.base/java.util.concurrent.ThreadPoolExecutor.runWorker(ThreadPoolExecutor.java:1130)
		at java.base/java.util.concurrent.ThreadPoolExecutor$Worker.run(ThreadPoolExecutor.java:630)
		at org.apache.tomcat.util.threads.TaskThread$WrappingRunnable.run(TaskThread.java:61)
		at java.base/java.lang.Thread.run(Thread.java:831)
	Caused by: org.apache.catalina.LifecycleException: グローバル、ホスト単位またはコンテキスト固有のcontext.xmlファイルの処理に失敗しました。したがって、コンテキスト [/mywork] を開始できません。
		at org.apache.catalina.startup.FailedContext.startInternal(FailedContext.java:200)
		at org.apache.catalina.util.LifecycleBase.start(LifecycleBase.java:171)
		at org.apache.catalina.core.ContainerBase.addChildInternal(ContainerBase.java:683)
		... 24 more
18-Sep-2023 23:31:18.796 情報 [Catalina-utility-1] org.apache.catalina.startup.HostConfig.deployDescriptor 配備記述子 [/Users/aokihayata/aoki_app/tomcat/conf/Catalina/localhost/mywork.xml] の展開が [61] ミリ秒で完了しました
18-Sep-2023 23:31:48.809 情報 [Catalina-utility-1] org.apache.catalina.startup.HostConfig.undeploy コンテキストパス [/mywork] のWebアプリケーションの配備を解除します
18-Sep-2023 23:31:48.810 情報 [Catalina-utility-1] org.apache.catalina.startup.HostConfig.deployDescriptor 配備記述子 [/Users/aokihayata/aoki_app/tomcat/conf/Catalina/localhost/mywork.xml] を配備します
18-Sep-2023 23:31:48.843 情報 [Catalina-utility-1] org.apache.catalina.startup.HostConfig.deployDescriptor 配備記述子 [/Users/aokihayata/aoki_app/tomcat/conf/Catalina/localhost/mywork.xml] の展開が [33] ミリ秒で完了しました
