21-Sep-2023 21:52:51.380 情報 [main] org.apache.catalina.core.ApplicationContext.log SessionListener: contextDestroyed()
21-Sep-2023 21:52:51.380 情報 [main] org.apache.catalina.core.ApplicationContext.log ContextListener: contextDestroyed()
21-Sep-2023 21:53:15.899 情報 [main] org.apache.catalina.core.ApplicationContext.log ContextListener: contextInitialized()
21-Sep-2023 21:53:15.899 情報 [main] org.apache.catalina.core.ApplicationContext.log SessionListener: contextInitialized()
21-Sep-2023 21:53:15.900 情報 [main] org.apache.catalina.core.ApplicationContext.log ContextListener: attributeAdded('StockTicker', 'async.Stockticker@41a90fa8')
21-Sep-2023 22:01:26.444 情報 [main] org.apache.catalina.core.ApplicationContext.log SessionListener: contextDestroyed()
21-Sep-2023 22:01:26.444 情報 [main] org.apache.catalina.core.ApplicationContext.log ContextListener: contextDestroyed()
21-Sep-2023 22:01:38.467 情報 [main] org.apache.catalina.core.ApplicationContext.log ContextListener: contextInitialized()
21-Sep-2023 22:01:38.467 情報 [main] org.apache.catalina.core.ApplicationContext.log SessionListener: contextInitialized()
21-Sep-2023 22:01:38.468 情報 [main] org.apache.catalina.core.ApplicationContext.log ContextListener: attributeAdded('StockTicker', 'async.Stockticker@235f4c10')
21-Sep-2023 22:02:50.769 情報 [main] org.apache.catalina.core.ApplicationContext.log SessionListener: contextDestroyed()
21-Sep-2023 22:02:50.769 情報 [main] org.apache.catalina.core.ApplicationContext.log ContextListener: contextDestroyed()
21-Sep-2023 22:03:02.232 情報 [main] org.apache.catalina.core.ApplicationContext.log ContextListener: contextInitialized()
21-Sep-2023 22:03:02.232 情報 [main] org.apache.catalina.core.ApplicationContext.log SessionListener: contextInitialized()
21-Sep-2023 22:03:02.233 情報 [main] org.apache.catalina.core.ApplicationContext.log ContextListener: attributeAdded('StockTicker', 'async.Stockticker@235f4c10')
21-Sep-2023 22:13:29.268 情報 [main] org.apache.catalina.core.ApplicationContext.log ContextListener: contextInitialized()
21-Sep-2023 22:13:29.268 情報 [main] org.apache.catalina.core.ApplicationContext.log SessionListener: contextInitialized()
21-Sep-2023 22:13:29.269 情報 [main] org.apache.catalina.core.ApplicationContext.log ContextListener: attributeAdded('StockTicker', 'async.Stockticker@63648ee9')
21-Sep-2023 22:13:29.621 情報 [main] org.apache.catalina.core.ApplicationContext.log SessionListener: contextDestroyed()
21-Sep-2023 22:13:29.621 情報 [main] org.apache.catalina.core.ApplicationContext.log ContextListener: contextDestroyed()
21-Sep-2023 22:13:46.776 情報 [main] org.apache.catalina.core.ApplicationContext.log SessionListener: contextDestroyed()
21-Sep-2023 22:13:46.776 情報 [main] org.apache.catalina.core.ApplicationContext.log ContextListener: contextDestroyed()
21-Sep-2023 22:13:59.030 情報 [main] org.apache.catalina.core.ApplicationContext.log ContextListener: contextInitialized()
21-Sep-2023 22:13:59.030 情報 [main] org.apache.catalina.core.ApplicationContext.log SessionListener: contextInitialized()
21-Sep-2023 22:13:59.031 情報 [main] org.apache.catalina.core.ApplicationContext.log ContextListener: attributeAdded('StockTicker', 'async.Stockticker@235f4c10')
21-Sep-2023 22:23:25.734 情報 [main] org.apache.catalina.core.ApplicationContext.log SessionListener: contextDestroyed()
21-Sep-2023 22:23:25.734 情報 [main] org.apache.catalina.core.ApplicationContext.log ContextListener: contextDestroyed()
21-Sep-2023 22:23:52.479 情報 [main] org.apache.catalina.core.ApplicationContext.log ContextListener: contextInitialized()
21-Sep-2023 22:23:52.480 情報 [main] org.apache.catalina.core.ApplicationContext.log SessionListener: contextInitialized()
21-Sep-2023 22:23:52.480 情報 [main] org.apache.catalina.core.ApplicationContext.log ContextListener: attributeAdded('StockTicker', 'async.Stockticker@c7a975a')
21-Sep-2023 22:51:34.308 情報 [main] org.apache.catalina.core.ApplicationContext.log SessionListener: contextDestroyed()
21-Sep-2023 22:51:34.308 情報 [main] org.apache.catalina.core.ApplicationContext.log ContextListener: contextDestroyed()
21-Sep-2023 22:51:53.062 情報 [main] org.apache.catalina.core.ApplicationContext.log ContextListener: contextInitialized()
21-Sep-2023 22:51:53.063 情報 [main] org.apache.catalina.core.ApplicationContext.log SessionListener: contextInitialized()
21-Sep-2023 22:51:53.064 情報 [main] org.apache.catalina.core.ApplicationContext.log ContextListener: attributeAdded('StockTicker', 'async.Stockticker@235f4c10')
