17-Nov-2023 15:26:13.136 重大 [http-nio-8080-exec-3] org.apache.catalina.core.ApplicationDispatcher.invoke サーブレット [jsp] のServlet.service()が例外を投げました
	java.lang.NullPointerException: Cannot invoke "java.lang.Integer.intValue()" because the return value of "jakarta.servlet.http.HttpServletRequest.getAttribute(String)" is null
		at org.apache.jsp.WEB_002dINF.views.other_005fuser_jsp._jspService(other_005fuser_jsp.java:149)
		at org.apache.jasper.runtime.HttpJspBase.service(HttpJspBase.java:70)
		at jakarta.servlet.http.HttpServlet.service(HttpServlet.java:658)
		at org.apache.jasper.servlet.JspServletWrapper.service(JspServletWrapper.java:456)
		at org.apache.jasper.servlet.JspServlet.serviceJspFile(JspServlet.java:380)
		at org.apache.jasper.servlet.JspServlet.service(JspServlet.java:328)
		at jakarta.servlet.http.HttpServlet.service(HttpServlet.java:658)
		at org.apache.catalina.core.ApplicationFilterChain.internalDoFilter(ApplicationFilterChain.java:205)
		at org.apache.catalina.core.ApplicationFilterChain.doFilter(ApplicationFilterChain.java:149)
		at org.apache.tomcat.websocket.server.WsFilter.doFilter(WsFilter.java:51)
		at org.apache.catalina.core.ApplicationFilterChain.internalDoFilter(ApplicationFilterChain.java:174)
		at org.apache.catalina.core.ApplicationFilterChain.doFilter(ApplicationFilterChain.java:149)
		at org.apache.catalina.core.ApplicationDispatcher.invoke(ApplicationDispatcher.java:642)
		at org.apache.catalina.core.ApplicationDispatcher.processRequest(ApplicationDispatcher.java:408)
		at org.apache.catalina.core.ApplicationDispatcher.doForward(ApplicationDispatcher.java:340)
		at org.apache.catalina.core.ApplicationDispatcher.forward(ApplicationDispatcher.java:277)
		at OtherUser.doGet(OtherUser.java:73)
		at jakarta.servlet.http.HttpServlet.service(HttpServlet.java:564)
		at jakarta.servlet.http.HttpServlet.service(HttpServlet.java:658)
		at org.apache.catalina.core.ApplicationFilterChain.internalDoFilter(ApplicationFilterChain.java:205)
		at org.apache.catalina.core.ApplicationFilterChain.doFilter(ApplicationFilterChain.java:149)
		at org.apache.tomcat.websocket.server.WsFilter.doFilter(WsFilter.java:51)
		at org.apache.catalina.core.ApplicationFilterChain.internalDoFilter(ApplicationFilterChain.java:174)
		at org.apache.catalina.core.ApplicationFilterChain.doFilter(ApplicationFilterChain.java:149)
		at org.apache.catalina.core.StandardWrapperValve.invoke(StandardWrapperValve.java:167)
		at org.apache.catalina.core.StandardContextValve.invoke(StandardContextValve.java:90)
		at org.apache.catalina.authenticator.AuthenticatorBase.invoke(AuthenticatorBase.java:482)
		at org.apache.catalina.core.StandardHostValve.invoke(StandardHostValve.java:115)
		at org.apache.catalina.valves.ErrorReportValve.invoke(ErrorReportValve.java:93)
		at org.apache.catalina.valves.AbstractAccessLogValve.invoke(AbstractAccessLogValve.java:673)
		at org.apache.catalina.core.StandardEngineValve.invoke(StandardEngineValve.java:74)
		at org.apache.catalina.connector.CoyoteAdapter.service(CoyoteAdapter.java:341)
		at org.apache.coyote.http11.Http11Processor.service(Http11Processor.java:391)
		at org.apache.coyote.AbstractProcessorLight.process(AbstractProcessorLight.java:63)
		at org.apache.coyote.AbstractProtocol$ConnectionHandler.process(AbstractProtocol.java:894)
		at org.apache.tomcat.util.net.NioEndpoint$SocketProcessor.doRun(NioEndpoint.java:1740)
		at org.apache.tomcat.util.net.SocketProcessorBase.run(SocketProcessorBase.java:52)
		at org.apache.tomcat.util.threads.ThreadPoolExecutor.runWorker(ThreadPoolExecutor.java:1191)
		at org.apache.tomcat.util.threads.ThreadPoolExecutor$Worker.run(ThreadPoolExecutor.java:659)
		at org.apache.tomcat.util.threads.TaskThread$WrappingRunnable.run(TaskThread.java:61)
		at java.base/java.lang.Thread.run(Thread.java:831)
17-Nov-2023 15:26:13.142 重大 [http-nio-8080-exec-3] org.apache.catalina.core.StandardWrapperValve.invoke パス [/ProEnv] を持つコンテキスト内のサーブレット [OtherUser] のServlet.service() が例外 [[/WEB-INF/views/other_user.jsp] の処理中に行番号 [23] で例外が発生しました。

20:         <%String user_name = (String)session.getAttribute("name");%>
21: 
22:         <!-- リクエストスコープから受け取ったidを基に他ユーザーの詳細情報を取得する -->
23:         <% int id = (int)request.getAttribute("id"); %>
24:         <%String age = (String)request.getAttribute("age");%>
25:         <%String other_user_name = (String)request.getAttribute("name");%>
26:         <%String image = (String)request.getAttribute("image");%>


Stacktrace:] が根本的要因と共に投げられました
	java.lang.NullPointerException: Cannot invoke "java.lang.Integer.intValue()" because the return value of "jakarta.servlet.http.HttpServletRequest.getAttribute(String)" is null
		at org.apache.jsp.WEB_002dINF.views.other_005fuser_jsp._jspService(other_005fuser_jsp.java:149)
		at org.apache.jasper.runtime.HttpJspBase.service(HttpJspBase.java:70)
		at jakarta.servlet.http.HttpServlet.service(HttpServlet.java:658)
		at org.apache.jasper.servlet.JspServletWrapper.service(JspServletWrapper.java:456)
		at org.apache.jasper.servlet.JspServlet.serviceJspFile(JspServlet.java:380)
		at org.apache.jasper.servlet.JspServlet.service(JspServlet.java:328)
		at jakarta.servlet.http.HttpServlet.service(HttpServlet.java:658)
		at org.apache.catalina.core.ApplicationFilterChain.internalDoFilter(ApplicationFilterChain.java:205)
		at org.apache.catalina.core.ApplicationFilterChain.doFilter(ApplicationFilterChain.java:149)
		at org.apache.tomcat.websocket.server.WsFilter.doFilter(WsFilter.java:51)
		at org.apache.catalina.core.ApplicationFilterChain.internalDoFilter(ApplicationFilterChain.java:174)
		at org.apache.catalina.core.ApplicationFilterChain.doFilter(ApplicationFilterChain.java:149)
		at org.apache.catalina.core.ApplicationDispatcher.invoke(ApplicationDispatcher.java:642)
		at org.apache.catalina.core.ApplicationDispatcher.processRequest(ApplicationDispatcher.java:408)
		at org.apache.catalina.core.ApplicationDispatcher.doForward(ApplicationDispatcher.java:340)
		at org.apache.catalina.core.ApplicationDispatcher.forward(ApplicationDispatcher.java:277)
		at OtherUser.doGet(OtherUser.java:73)
		at jakarta.servlet.http.HttpServlet.service(HttpServlet.java:564)
		at jakarta.servlet.http.HttpServlet.service(HttpServlet.java:658)
		at org.apache.catalina.core.ApplicationFilterChain.internalDoFilter(ApplicationFilterChain.java:205)
		at org.apache.catalina.core.ApplicationFilterChain.doFilter(ApplicationFilterChain.java:149)
		at org.apache.tomcat.websocket.server.WsFilter.doFilter(WsFilter.java:51)
		at org.apache.catalina.core.ApplicationFilterChain.internalDoFilter(ApplicationFilterChain.java:174)
		at org.apache.catalina.core.ApplicationFilterChain.doFilter(ApplicationFilterChain.java:149)
		at org.apache.catalina.core.StandardWrapperValve.invoke(StandardWrapperValve.java:167)
		at org.apache.catalina.core.StandardContextValve.invoke(StandardContextValve.java:90)
		at org.apache.catalina.authenticator.AuthenticatorBase.invoke(AuthenticatorBase.java:482)
		at org.apache.catalina.core.StandardHostValve.invoke(StandardHostValve.java:115)
		at org.apache.catalina.valves.ErrorReportValve.invoke(ErrorReportValve.java:93)
		at org.apache.catalina.valves.AbstractAccessLogValve.invoke(AbstractAccessLogValve.java:673)
		at org.apache.catalina.core.StandardEngineValve.invoke(StandardEngineValve.java:74)
		at org.apache.catalina.connector.CoyoteAdapter.service(CoyoteAdapter.java:341)
		at org.apache.coyote.http11.Http11Processor.service(Http11Processor.java:391)
		at org.apache.coyote.AbstractProcessorLight.process(AbstractProcessorLight.java:63)
		at org.apache.coyote.AbstractProtocol$ConnectionHandler.process(AbstractProtocol.java:894)
		at org.apache.tomcat.util.net.NioEndpoint$SocketProcessor.doRun(NioEndpoint.java:1740)
		at org.apache.tomcat.util.net.SocketProcessorBase.run(SocketProcessorBase.java:52)
		at org.apache.tomcat.util.threads.ThreadPoolExecutor.runWorker(ThreadPoolExecutor.java:1191)
		at org.apache.tomcat.util.threads.ThreadPoolExecutor$Worker.run(ThreadPoolExecutor.java:659)
		at org.apache.tomcat.util.threads.TaskThread$WrappingRunnable.run(TaskThread.java:61)
		at java.base/java.lang.Thread.run(Thread.java:831)
17-Nov-2023 15:27:37.675 情報 [main] org.apache.catalina.core.ApplicationContext.log SessionListener: contextDestroyed()
17-Nov-2023 15:27:37.675 情報 [main] org.apache.catalina.core.ApplicationContext.log ContextListener: contextDestroyed()
17-Nov-2023 15:27:39.483 情報 [main] org.apache.catalina.core.ApplicationContext.log ContextListener: contextInitialized()
17-Nov-2023 15:27:39.483 情報 [main] org.apache.catalina.core.ApplicationContext.log SessionListener: contextInitialized()
17-Nov-2023 15:27:39.485 情報 [main] org.apache.catalina.core.ApplicationContext.log ContextListener: attributeAdded('StockTicker', 'async.Stockticker@7ec58feb')
17-Nov-2023 17:32:06.703 情報 [main] org.apache.catalina.core.ApplicationContext.log SessionListener: contextDestroyed()
17-Nov-2023 17:32:06.704 情報 [main] org.apache.catalina.core.ApplicationContext.log ContextListener: contextDestroyed()
17-Nov-2023 17:32:08.929 情報 [main] org.apache.catalina.core.ApplicationContext.log ContextListener: contextInitialized()
17-Nov-2023 17:32:08.929 情報 [main] org.apache.catalina.core.ApplicationContext.log SessionListener: contextInitialized()
17-Nov-2023 17:32:08.930 情報 [main] org.apache.catalina.core.ApplicationContext.log ContextListener: attributeAdded('StockTicker', 'async.Stockticker@7e7f0f0a')
17-Nov-2023 17:40:22.337 情報 [main] org.apache.catalina.core.ApplicationContext.log SessionListener: contextDestroyed()
17-Nov-2023 17:40:22.337 情報 [main] org.apache.catalina.core.ApplicationContext.log ContextListener: contextDestroyed()
17-Nov-2023 17:40:23.908 情報 [main] org.apache.catalina.core.ApplicationContext.log ContextListener: contextInitialized()
17-Nov-2023 17:40:23.909 情報 [main] org.apache.catalina.core.ApplicationContext.log SessionListener: contextInitialized()
17-Nov-2023 17:40:23.910 情報 [main] org.apache.catalina.core.ApplicationContext.log ContextListener: attributeAdded('StockTicker', 'async.Stockticker@4632cfc')
17-Nov-2023 17:55:03.637 情報 [main] org.apache.catalina.core.ApplicationContext.log SessionListener: contextDestroyed()
17-Nov-2023 17:55:03.637 情報 [main] org.apache.catalina.core.ApplicationContext.log ContextListener: contextDestroyed()
17-Nov-2023 17:55:05.563 情報 [main] org.apache.catalina.core.ApplicationContext.log ContextListener: contextInitialized()
17-Nov-2023 17:55:05.564 情報 [main] org.apache.catalina.core.ApplicationContext.log SessionListener: contextInitialized()
17-Nov-2023 17:55:05.566 情報 [main] org.apache.catalina.core.ApplicationContext.log ContextListener: attributeAdded('StockTicker', 'async.Stockticker@17d2ed1b')
17-Nov-2023 17:57:18.221 情報 [main] org.apache.catalina.core.ApplicationContext.log SessionListener: contextDestroyed()
17-Nov-2023 17:57:18.221 情報 [main] org.apache.catalina.core.ApplicationContext.log ContextListener: contextDestroyed()
17-Nov-2023 17:57:20.441 情報 [main] org.apache.catalina.core.ApplicationContext.log ContextListener: contextInitialized()
17-Nov-2023 17:57:20.442 情報 [main] org.apache.catalina.core.ApplicationContext.log SessionListener: contextInitialized()
17-Nov-2023 17:57:20.444 情報 [main] org.apache.catalina.core.ApplicationContext.log ContextListener: attributeAdded('StockTicker', 'async.Stockticker@19569ebd')
