25-Sep-2023 00:00:56.967 情報 [main] org.apache.catalina.core.ApplicationContext.log SessionListener: contextDestroyed()
25-Sep-2023 00:00:56.967 情報 [main] org.apache.catalina.core.ApplicationContext.log ContextListener: contextDestroyed()
25-Sep-2023 00:00:58.729 情報 [main] org.apache.catalina.core.ApplicationContext.log ContextListener: contextInitialized()
25-Sep-2023 00:00:58.729 情報 [main] org.apache.catalina.core.ApplicationContext.log SessionListener: contextInitialized()
25-Sep-2023 00:00:58.730 情報 [main] org.apache.catalina.core.ApplicationContext.log ContextListener: attributeAdded('StockTicker', 'async.Stockticker@19569ebd')
25-Sep-2023 00:02:29.729 情報 [main] org.apache.catalina.core.ApplicationContext.log SessionListener: contextDestroyed()
25-Sep-2023 00:02:29.730 情報 [main] org.apache.catalina.core.ApplicationContext.log ContextListener: contextDestroyed()
25-Sep-2023 00:02:31.385 情報 [main] org.apache.catalina.core.ApplicationContext.log ContextListener: contextInitialized()
25-Sep-2023 00:02:31.386 情報 [main] org.apache.catalina.core.ApplicationContext.log SessionListener: contextInitialized()
25-Sep-2023 00:02:31.388 情報 [main] org.apache.catalina.core.ApplicationContext.log ContextListener: attributeAdded('StockTicker', 'async.Stockticker@1e6cc850')
25-Sep-2023 00:04:25.941 情報 [main] org.apache.catalina.core.ApplicationContext.log SessionListener: contextDestroyed()
25-Sep-2023 00:04:25.941 情報 [main] org.apache.catalina.core.ApplicationContext.log ContextListener: contextDestroyed()
25-Sep-2023 00:04:27.611 情報 [main] org.apache.catalina.core.ApplicationContext.log ContextListener: contextInitialized()
25-Sep-2023 00:04:27.611 情報 [main] org.apache.catalina.core.ApplicationContext.log SessionListener: contextInitialized()
25-Sep-2023 00:04:27.612 情報 [main] org.apache.catalina.core.ApplicationContext.log ContextListener: attributeAdded('StockTicker', 'async.Stockticker@19569ebd')
25-Sep-2023 00:56:44.787 情報 [main] org.apache.catalina.core.ApplicationContext.log SessionListener: contextDestroyed()
25-Sep-2023 00:56:44.787 情報 [main] org.apache.catalina.core.ApplicationContext.log ContextListener: contextDestroyed()
25-Sep-2023 00:56:46.324 情報 [main] org.apache.catalina.core.ApplicationContext.log ContextListener: contextInitialized()
25-Sep-2023 00:56:46.324 情報 [main] org.apache.catalina.core.ApplicationContext.log SessionListener: contextInitialized()
25-Sep-2023 00:56:46.325 情報 [main] org.apache.catalina.core.ApplicationContext.log ContextListener: attributeAdded('StockTicker', 'async.Stockticker@52a70627')
25-Sep-2023 00:57:34.761 情報 [main] org.apache.catalina.core.ApplicationContext.log SessionListener: contextDestroyed()
25-Sep-2023 00:57:34.761 情報 [main] org.apache.catalina.core.ApplicationContext.log ContextListener: contextDestroyed()
25-Sep-2023 00:57:36.343 情報 [main] org.apache.catalina.core.ApplicationContext.log ContextListener: contextInitialized()
25-Sep-2023 00:57:36.343 情報 [main] org.apache.catalina.core.ApplicationContext.log SessionListener: contextInitialized()
25-Sep-2023 00:57:36.345 情報 [main] org.apache.catalina.core.ApplicationContext.log ContextListener: attributeAdded('StockTicker', 'async.Stockticker@19569ebd')
25-Sep-2023 01:20:27.178 情報 [main] org.apache.catalina.core.ApplicationContext.log SessionListener: contextDestroyed()
25-Sep-2023 01:20:27.178 情報 [main] org.apache.catalina.core.ApplicationContext.log ContextListener: contextDestroyed()
25-Sep-2023 01:20:28.732 情報 [main] org.apache.catalina.core.ApplicationContext.log ContextListener: contextInitialized()
25-Sep-2023 01:20:28.732 情報 [main] org.apache.catalina.core.ApplicationContext.log SessionListener: contextInitialized()
25-Sep-2023 01:20:28.734 情報 [main] org.apache.catalina.core.ApplicationContext.log ContextListener: attributeAdded('StockTicker', 'async.Stockticker@6e1f8469')
25-Sep-2023 01:22:58.777 情報 [main] org.apache.catalina.core.ApplicationContext.log SessionListener: contextDestroyed()
25-Sep-2023 01:22:58.777 情報 [main] org.apache.catalina.core.ApplicationContext.log ContextListener: contextDestroyed()
25-Sep-2023 01:23:00.432 情報 [main] org.apache.catalina.core.ApplicationContext.log ContextListener: contextInitialized()
25-Sep-2023 01:23:00.432 情報 [main] org.apache.catalina.core.ApplicationContext.log SessionListener: contextInitialized()
25-Sep-2023 01:23:00.434 情報 [main] org.apache.catalina.core.ApplicationContext.log ContextListener: attributeAdded('StockTicker', 'async.Stockticker@19569ebd')
25-Sep-2023 01:24:38.605 情報 [main] org.apache.catalina.core.ApplicationContext.log SessionListener: contextDestroyed()
25-Sep-2023 01:24:38.605 情報 [main] org.apache.catalina.core.ApplicationContext.log ContextListener: contextDestroyed()
25-Sep-2023 01:24:40.118 情報 [main] org.apache.catalina.core.ApplicationContext.log ContextListener: contextInitialized()
25-Sep-2023 01:24:40.118 情報 [main] org.apache.catalina.core.ApplicationContext.log SessionListener: contextInitialized()
25-Sep-2023 01:24:40.119 情報 [main] org.apache.catalina.core.ApplicationContext.log ContextListener: attributeAdded('StockTicker', 'async.Stockticker@7ec58feb')
25-Sep-2023 01:27:16.938 情報 [main] org.apache.catalina.core.ApplicationContext.log SessionListener: contextDestroyed()
25-Sep-2023 01:27:16.938 情報 [main] org.apache.catalina.core.ApplicationContext.log ContextListener: contextDestroyed()
25-Sep-2023 01:27:18.477 情報 [main] org.apache.catalina.core.ApplicationContext.log ContextListener: contextInitialized()
25-Sep-2023 01:27:18.477 情報 [main] org.apache.catalina.core.ApplicationContext.log SessionListener: contextInitialized()
25-Sep-2023 01:27:18.479 情報 [main] org.apache.catalina.core.ApplicationContext.log ContextListener: attributeAdded('StockTicker', 'async.Stockticker@7ec58feb')
25-Sep-2023 01:35:49.162 情報 [main] org.apache.catalina.core.ApplicationContext.log SessionListener: contextDestroyed()
25-Sep-2023 01:35:49.162 情報 [main] org.apache.catalina.core.ApplicationContext.log ContextListener: contextDestroyed()
25-Sep-2023 01:35:50.679 情報 [main] org.apache.catalina.core.ApplicationContext.log ContextListener: contextInitialized()
25-Sep-2023 01:35:50.679 情報 [main] org.apache.catalina.core.ApplicationContext.log SessionListener: contextInitialized()
25-Sep-2023 01:35:50.681 情報 [main] org.apache.catalina.core.ApplicationContext.log ContextListener: attributeAdded('StockTicker', 'async.Stockticker@52a70627')
25-Sep-2023 01:38:36.317 情報 [main] org.apache.catalina.core.ApplicationContext.log SessionListener: contextDestroyed()
25-Sep-2023 01:38:36.317 情報 [main] org.apache.catalina.core.ApplicationContext.log ContextListener: contextDestroyed()
25-Sep-2023 01:38:37.801 情報 [main] org.apache.catalina.core.ApplicationContext.log ContextListener: contextInitialized()
25-Sep-2023 01:38:37.801 情報 [main] org.apache.catalina.core.ApplicationContext.log SessionListener: contextInitialized()
25-Sep-2023 01:38:37.803 情報 [main] org.apache.catalina.core.ApplicationContext.log ContextListener: attributeAdded('StockTicker', 'async.Stockticker@19569ebd')
25-Sep-2023 01:40:30.051 重大 [http-nio-8080-exec-6] org.apache.catalina.core.ApplicationDispatcher.invoke サーブレット [jsp] のServlet.service()が例外を投げました
	org.apache.jasper.JasperException: JSPのクラスをコンパイルできません: 

JSPファイル: [/WEB-INF/views/user.jsp] の中の [20] 行目でエラーが発生しました
failureMessage cannot be resolved to a variable
17:         <h1>ログイン成功！！</h1>
18:         <h2>こんにちは！<%=email %>さん</h2>
19: 
20:         <% if (failureMessage != null) {%>
21:             <%=failureMessage %>
22:         <%} %>
23:           


JSPファイル: [/WEB-INF/views/user.jsp] の中の [21] 行目でエラーが発生しました
failureMessage cannot be resolved to a variable
18:         <h2>こんにちは！<%=email %>さん</h2>
19: 
20:         <% if (failureMessage != null) {%>
21:             <%=failureMessage %>
22:         <%} %>
23:           
24:     </body>


Stacktrace:
		at org.apache.jasper.compiler.DefaultErrorHandler.javacError(DefaultErrorHandler.java:102)
		at org.apache.jasper.compiler.ErrorDispatcher.javacError(ErrorDispatcher.java:213)
		at org.apache.jasper.compiler.JDTCompiler.generateClass(JDTCompiler.java:513)
		at org.apache.jasper.compiler.Compiler.compile(Compiler.java:402)
		at org.apache.jasper.compiler.Compiler.compile(Compiler.java:372)
		at org.apache.jasper.compiler.Compiler.compile(Compiler.java:356)
		at org.apache.jasper.JspCompilationContext.compile(JspCompilationContext.java:603)
		at org.apache.jasper.servlet.JspServletWrapper.service(JspServletWrapper.java:396)
		at org.apache.jasper.servlet.JspServlet.serviceJspFile(JspServlet.java:380)
		at org.apache.jasper.servlet.JspServlet.service(JspServlet.java:328)
		at jakarta.servlet.http.HttpServlet.service(HttpServlet.java:658)
		at org.apache.catalina.core.ApplicationFilterChain.internalDoFilter(ApplicationFilterChain.java:205)
		at org.apache.catalina.core.ApplicationFilterChain.doFilter(ApplicationFilterChain.java:149)
		at org.apache.tomcat.websocket.server.WsFilter.doFilter(WsFilter.java:51)
		at org.apache.catalina.core.ApplicationFilterChain.internalDoFilter(ApplicationFilterChain.java:174)
		at org.apache.catalina.core.ApplicationFilterChain.doFilter(ApplicationFilterChain.java:149)
		at org.apache.catalina.core.ApplicationDispatcher.invoke(ApplicationDispatcher.java:642)
		at org.apache.catalina.core.ApplicationDispatcher.processRequest(ApplicationDispatcher.java:408)
		at org.apache.catalina.core.ApplicationDispatcher.doForward(ApplicationDispatcher.java:340)
		at org.apache.catalina.core.ApplicationDispatcher.forward(ApplicationDispatcher.java:277)
		at User.doGet(User.java:15)
		at jakarta.servlet.http.HttpServlet.service(HttpServlet.java:564)
		at jakarta.servlet.http.HttpServlet.service(HttpServlet.java:658)
		at org.apache.catalina.core.ApplicationFilterChain.internalDoFilter(ApplicationFilterChain.java:205)
		at org.apache.catalina.core.ApplicationFilterChain.doFilter(ApplicationFilterChain.java:149)
		at org.apache.tomcat.websocket.server.WsFilter.doFilter(WsFilter.java:51)
		at org.apache.catalina.core.ApplicationFilterChain.internalDoFilter(ApplicationFilterChain.java:174)
		at org.apache.catalina.core.ApplicationFilterChain.doFilter(ApplicationFilterChain.java:149)
		at org.apache.catalina.core.StandardWrapperValve.invoke(StandardWrapperValve.java:167)
		at org.apache.catalina.core.StandardContextValve.invoke(StandardContextValve.java:90)
		at org.apache.catalina.authenticator.AuthenticatorBase.invoke(AuthenticatorBase.java:482)
		at org.apache.catalina.core.StandardHostValve.invoke(StandardHostValve.java:115)
		at org.apache.catalina.valves.ErrorReportValve.invoke(ErrorReportValve.java:93)
		at org.apache.catalina.valves.AbstractAccessLogValve.invoke(AbstractAccessLogValve.java:673)
		at org.apache.catalina.core.StandardEngineValve.invoke(StandardEngineValve.java:74)
		at org.apache.catalina.connector.CoyoteAdapter.service(CoyoteAdapter.java:341)
		at org.apache.coyote.http11.Http11Processor.service(Http11Processor.java:391)
		at org.apache.coyote.AbstractProcessorLight.process(AbstractProcessorLight.java:63)
		at org.apache.coyote.AbstractProtocol$ConnectionHandler.process(AbstractProtocol.java:894)
		at org.apache.tomcat.util.net.NioEndpoint$SocketProcessor.doRun(NioEndpoint.java:1740)
		at org.apache.tomcat.util.net.SocketProcessorBase.run(SocketProcessorBase.java:52)
		at org.apache.tomcat.util.threads.ThreadPoolExecutor.runWorker(ThreadPoolExecutor.java:1191)
		at org.apache.tomcat.util.threads.ThreadPoolExecutor$Worker.run(ThreadPoolExecutor.java:659)
		at org.apache.tomcat.util.threads.TaskThread$WrappingRunnable.run(TaskThread.java:61)
		at java.base/java.lang.Thread.run(Thread.java:831)
25-Sep-2023 01:40:30.051 重大 [http-nio-8080-exec-6] org.apache.catalina.core.StandardWrapperValve.invoke パス [/ProEnv] を持つコンテキスト内のサーブレット [User] のServlet.service() が例外 [JSPのクラスをコンパイルできません: 

JSPファイル: [/WEB-INF/views/user.jsp] の中の [20] 行目でエラーが発生しました
failureMessage cannot be resolved to a variable
17:         <h1>ログイン成功！！</h1>
18:         <h2>こんにちは！<%=email %>さん</h2>
19: 
20:         <% if (failureMessage != null) {%>
21:             <%=failureMessage %>
22:         <%} %>
23:           


JSPファイル: [/WEB-INF/views/user.jsp] の中の [21] 行目でエラーが発生しました
failureMessage cannot be resolved to a variable
18:         <h2>こんにちは！<%=email %>さん</h2>
19: 
20:         <% if (failureMessage != null) {%>
21:             <%=failureMessage %>
22:         <%} %>
23:           
24:     </body>


Stacktrace:] が根本的要因と共に投げられました
	org.apache.jasper.JasperException: JSPのクラスをコンパイルできません: 

JSPファイル: [/WEB-INF/views/user.jsp] の中の [20] 行目でエラーが発生しました
failureMessage cannot be resolved to a variable
17:         <h1>ログイン成功！！</h1>
18:         <h2>こんにちは！<%=email %>さん</h2>
19: 
20:         <% if (failureMessage != null) {%>
21:             <%=failureMessage %>
22:         <%} %>
23:           


JSPファイル: [/WEB-INF/views/user.jsp] の中の [21] 行目でエラーが発生しました
failureMessage cannot be resolved to a variable
18:         <h2>こんにちは！<%=email %>さん</h2>
19: 
20:         <% if (failureMessage != null) {%>
21:             <%=failureMessage %>
22:         <%} %>
23:           
24:     </body>


Stacktrace:
		at org.apache.jasper.compiler.DefaultErrorHandler.javacError(DefaultErrorHandler.java:102)
		at org.apache.jasper.compiler.ErrorDispatcher.javacError(ErrorDispatcher.java:213)
		at org.apache.jasper.compiler.JDTCompiler.generateClass(JDTCompiler.java:513)
		at org.apache.jasper.compiler.Compiler.compile(Compiler.java:402)
		at org.apache.jasper.compiler.Compiler.compile(Compiler.java:372)
		at org.apache.jasper.compiler.Compiler.compile(Compiler.java:356)
		at org.apache.jasper.JspCompilationContext.compile(JspCompilationContext.java:603)
		at org.apache.jasper.servlet.JspServletWrapper.service(JspServletWrapper.java:396)
		at org.apache.jasper.servlet.JspServlet.serviceJspFile(JspServlet.java:380)
		at org.apache.jasper.servlet.JspServlet.service(JspServlet.java:328)
		at jakarta.servlet.http.HttpServlet.service(HttpServlet.java:658)
		at org.apache.catalina.core.ApplicationFilterChain.internalDoFilter(ApplicationFilterChain.java:205)
		at org.apache.catalina.core.ApplicationFilterChain.doFilter(ApplicationFilterChain.java:149)
		at org.apache.tomcat.websocket.server.WsFilter.doFilter(WsFilter.java:51)
		at org.apache.catalina.core.ApplicationFilterChain.internalDoFilter(ApplicationFilterChain.java:174)
		at org.apache.catalina.core.ApplicationFilterChain.doFilter(ApplicationFilterChain.java:149)
		at org.apache.catalina.core.ApplicationDispatcher.invoke(ApplicationDispatcher.java:642)
		at org.apache.catalina.core.ApplicationDispatcher.processRequest(ApplicationDispatcher.java:408)
		at org.apache.catalina.core.ApplicationDispatcher.doForward(ApplicationDispatcher.java:340)
		at org.apache.catalina.core.ApplicationDispatcher.forward(ApplicationDispatcher.java:277)
		at User.doGet(User.java:15)
		at jakarta.servlet.http.HttpServlet.service(HttpServlet.java:564)
		at jakarta.servlet.http.HttpServlet.service(HttpServlet.java:658)
		at org.apache.catalina.core.ApplicationFilterChain.internalDoFilter(ApplicationFilterChain.java:205)
		at org.apache.catalina.core.ApplicationFilterChain.doFilter(ApplicationFilterChain.java:149)
		at org.apache.tomcat.websocket.server.WsFilter.doFilter(WsFilter.java:51)
		at org.apache.catalina.core.ApplicationFilterChain.internalDoFilter(ApplicationFilterChain.java:174)
		at org.apache.catalina.core.ApplicationFilterChain.doFilter(ApplicationFilterChain.java:149)
		at org.apache.catalina.core.StandardWrapperValve.invoke(StandardWrapperValve.java:167)
		at org.apache.catalina.core.StandardContextValve.invoke(StandardContextValve.java:90)
		at org.apache.catalina.authenticator.AuthenticatorBase.invoke(AuthenticatorBase.java:482)
		at org.apache.catalina.core.StandardHostValve.invoke(StandardHostValve.java:115)
		at org.apache.catalina.valves.ErrorReportValve.invoke(ErrorReportValve.java:93)
		at org.apache.catalina.valves.AbstractAccessLogValve.invoke(AbstractAccessLogValve.java:673)
		at org.apache.catalina.core.StandardEngineValve.invoke(StandardEngineValve.java:74)
		at org.apache.catalina.connector.CoyoteAdapter.service(CoyoteAdapter.java:341)
		at org.apache.coyote.http11.Http11Processor.service(Http11Processor.java:391)
		at org.apache.coyote.AbstractProcessorLight.process(AbstractProcessorLight.java:63)
		at org.apache.coyote.AbstractProtocol$ConnectionHandler.process(AbstractProtocol.java:894)
		at org.apache.tomcat.util.net.NioEndpoint$SocketProcessor.doRun(NioEndpoint.java:1740)
		at org.apache.tomcat.util.net.SocketProcessorBase.run(SocketProcessorBase.java:52)
		at org.apache.tomcat.util.threads.ThreadPoolExecutor.runWorker(ThreadPoolExecutor.java:1191)
		at org.apache.tomcat.util.threads.ThreadPoolExecutor$Worker.run(ThreadPoolExecutor.java:659)
		at org.apache.tomcat.util.threads.TaskThread$WrappingRunnable.run(TaskThread.java:61)
		at java.base/java.lang.Thread.run(Thread.java:831)
25-Sep-2023 01:42:47.946 重大 [http-nio-8080-exec-8] org.apache.catalina.core.ApplicationDispatcher.invoke サーブレット [jsp] のServlet.service()が例外を投げました
	org.apache.jasper.JasperException: JSPのクラスをコンパイルできません: 

JSPファイル: [/WEB-INF/views/user.jsp] の中の [20] 行目でエラーが発生しました
failureMessage cannot be resolved to a variable
17:         <h1>ログイン成功！！</h1>
18:         <h2>こんにちは！<%=email %>さん</h2>
19: 
20:         <% if (failureMessage != null) {%>
21:             <%=failureMessage %>
22:         <%} %>
23:           


JSPファイル: [/WEB-INF/views/user.jsp] の中の [21] 行目でエラーが発生しました
failureMessage cannot be resolved to a variable
18:         <h2>こんにちは！<%=email %>さん</h2>
19: 
20:         <% if (failureMessage != null) {%>
21:             <%=failureMessage %>
22:         <%} %>
23:           
24:     </body>


Stacktrace:
		at org.apache.jasper.compiler.DefaultErrorHandler.javacError(DefaultErrorHandler.java:102)
		at org.apache.jasper.compiler.ErrorDispatcher.javacError(ErrorDispatcher.java:213)
		at org.apache.jasper.compiler.JDTCompiler.generateClass(JDTCompiler.java:513)
		at org.apache.jasper.compiler.Compiler.compile(Compiler.java:402)
		at org.apache.jasper.compiler.Compiler.compile(Compiler.java:372)
		at org.apache.jasper.compiler.Compiler.compile(Compiler.java:356)
		at org.apache.jasper.JspCompilationContext.compile(JspCompilationContext.java:603)
		at org.apache.jasper.servlet.JspServletWrapper.service(JspServletWrapper.java:396)
		at org.apache.jasper.servlet.JspServlet.serviceJspFile(JspServlet.java:380)
		at org.apache.jasper.servlet.JspServlet.service(JspServlet.java:328)
		at jakarta.servlet.http.HttpServlet.service(HttpServlet.java:658)
		at org.apache.catalina.core.ApplicationFilterChain.internalDoFilter(ApplicationFilterChain.java:205)
		at org.apache.catalina.core.ApplicationFilterChain.doFilter(ApplicationFilterChain.java:149)
		at org.apache.tomcat.websocket.server.WsFilter.doFilter(WsFilter.java:51)
		at org.apache.catalina.core.ApplicationFilterChain.internalDoFilter(ApplicationFilterChain.java:174)
		at org.apache.catalina.core.ApplicationFilterChain.doFilter(ApplicationFilterChain.java:149)
		at org.apache.catalina.core.ApplicationDispatcher.invoke(ApplicationDispatcher.java:642)
		at org.apache.catalina.core.ApplicationDispatcher.processRequest(ApplicationDispatcher.java:408)
		at org.apache.catalina.core.ApplicationDispatcher.doForward(ApplicationDispatcher.java:340)
		at org.apache.catalina.core.ApplicationDispatcher.forward(ApplicationDispatcher.java:277)
		at User.doGet(User.java:15)
		at jakarta.servlet.http.HttpServlet.service(HttpServlet.java:564)
		at jakarta.servlet.http.HttpServlet.service(HttpServlet.java:658)
		at org.apache.catalina.core.ApplicationFilterChain.internalDoFilter(ApplicationFilterChain.java:205)
		at org.apache.catalina.core.ApplicationFilterChain.doFilter(ApplicationFilterChain.java:149)
		at org.apache.tomcat.websocket.server.WsFilter.doFilter(WsFilter.java:51)
		at org.apache.catalina.core.ApplicationFilterChain.internalDoFilter(ApplicationFilterChain.java:174)
		at org.apache.catalina.core.ApplicationFilterChain.doFilter(ApplicationFilterChain.java:149)
		at org.apache.catalina.core.StandardWrapperValve.invoke(StandardWrapperValve.java:167)
		at org.apache.catalina.core.StandardContextValve.invoke(StandardContextValve.java:90)
		at org.apache.catalina.authenticator.AuthenticatorBase.invoke(AuthenticatorBase.java:482)
		at org.apache.catalina.core.StandardHostValve.invoke(StandardHostValve.java:115)
		at org.apache.catalina.valves.ErrorReportValve.invoke(ErrorReportValve.java:93)
		at org.apache.catalina.valves.AbstractAccessLogValve.invoke(AbstractAccessLogValve.java:673)
		at org.apache.catalina.core.StandardEngineValve.invoke(StandardEngineValve.java:74)
		at org.apache.catalina.connector.CoyoteAdapter.service(CoyoteAdapter.java:341)
		at org.apache.coyote.http11.Http11Processor.service(Http11Processor.java:391)
		at org.apache.coyote.AbstractProcessorLight.process(AbstractProcessorLight.java:63)
		at org.apache.coyote.AbstractProtocol$ConnectionHandler.process(AbstractProtocol.java:894)
		at org.apache.tomcat.util.net.NioEndpoint$SocketProcessor.doRun(NioEndpoint.java:1740)
		at org.apache.tomcat.util.net.SocketProcessorBase.run(SocketProcessorBase.java:52)
		at org.apache.tomcat.util.threads.ThreadPoolExecutor.runWorker(ThreadPoolExecutor.java:1191)
		at org.apache.tomcat.util.threads.ThreadPoolExecutor$Worker.run(ThreadPoolExecutor.java:659)
		at org.apache.tomcat.util.threads.TaskThread$WrappingRunnable.run(TaskThread.java:61)
		at java.base/java.lang.Thread.run(Thread.java:831)
25-Sep-2023 01:42:47.946 重大 [http-nio-8080-exec-8] org.apache.catalina.core.StandardWrapperValve.invoke パス [/ProEnv] を持つコンテキスト内のサーブレット [User] のServlet.service() が例外 [JSPのクラスをコンパイルできません: 

JSPファイル: [/WEB-INF/views/user.jsp] の中の [20] 行目でエラーが発生しました
failureMessage cannot be resolved to a variable
17:         <h1>ログイン成功！！</h1>
18:         <h2>こんにちは！<%=email %>さん</h2>
19: 
20:         <% if (failureMessage != null) {%>
21:             <%=failureMessage %>
22:         <%} %>
23:           


JSPファイル: [/WEB-INF/views/user.jsp] の中の [21] 行目でエラーが発生しました
failureMessage cannot be resolved to a variable
18:         <h2>こんにちは！<%=email %>さん</h2>
19: 
20:         <% if (failureMessage != null) {%>
21:             <%=failureMessage %>
22:         <%} %>
23:           
24:     </body>


Stacktrace:] が根本的要因と共に投げられました
	org.apache.jasper.JasperException: JSPのクラスをコンパイルできません: 

JSPファイル: [/WEB-INF/views/user.jsp] の中の [20] 行目でエラーが発生しました
failureMessage cannot be resolved to a variable
17:         <h1>ログイン成功！！</h1>
18:         <h2>こんにちは！<%=email %>さん</h2>
19: 
20:         <% if (failureMessage != null) {%>
21:             <%=failureMessage %>
22:         <%} %>
23:           


JSPファイル: [/WEB-INF/views/user.jsp] の中の [21] 行目でエラーが発生しました
failureMessage cannot be resolved to a variable
18:         <h2>こんにちは！<%=email %>さん</h2>
19: 
20:         <% if (failureMessage != null) {%>
21:             <%=failureMessage %>
22:         <%} %>
23:           
24:     </body>


Stacktrace:
		at org.apache.jasper.compiler.DefaultErrorHandler.javacError(DefaultErrorHandler.java:102)
		at org.apache.jasper.compiler.ErrorDispatcher.javacError(ErrorDispatcher.java:213)
		at org.apache.jasper.compiler.JDTCompiler.generateClass(JDTCompiler.java:513)
		at org.apache.jasper.compiler.Compiler.compile(Compiler.java:402)
		at org.apache.jasper.compiler.Compiler.compile(Compiler.java:372)
		at org.apache.jasper.compiler.Compiler.compile(Compiler.java:356)
		at org.apache.jasper.JspCompilationContext.compile(JspCompilationContext.java:603)
		at org.apache.jasper.servlet.JspServletWrapper.service(JspServletWrapper.java:396)
		at org.apache.jasper.servlet.JspServlet.serviceJspFile(JspServlet.java:380)
		at org.apache.jasper.servlet.JspServlet.service(JspServlet.java:328)
		at jakarta.servlet.http.HttpServlet.service(HttpServlet.java:658)
		at org.apache.catalina.core.ApplicationFilterChain.internalDoFilter(ApplicationFilterChain.java:205)
		at org.apache.catalina.core.ApplicationFilterChain.doFilter(ApplicationFilterChain.java:149)
		at org.apache.tomcat.websocket.server.WsFilter.doFilter(WsFilter.java:51)
		at org.apache.catalina.core.ApplicationFilterChain.internalDoFilter(ApplicationFilterChain.java:174)
		at org.apache.catalina.core.ApplicationFilterChain.doFilter(ApplicationFilterChain.java:149)
		at org.apache.catalina.core.ApplicationDispatcher.invoke(ApplicationDispatcher.java:642)
		at org.apache.catalina.core.ApplicationDispatcher.processRequest(ApplicationDispatcher.java:408)
		at org.apache.catalina.core.ApplicationDispatcher.doForward(ApplicationDispatcher.java:340)
		at org.apache.catalina.core.ApplicationDispatcher.forward(ApplicationDispatcher.java:277)
		at User.doGet(User.java:15)
		at jakarta.servlet.http.HttpServlet.service(HttpServlet.java:564)
		at jakarta.servlet.http.HttpServlet.service(HttpServlet.java:658)
		at org.apache.catalina.core.ApplicationFilterChain.internalDoFilter(ApplicationFilterChain.java:205)
		at org.apache.catalina.core.ApplicationFilterChain.doFilter(ApplicationFilterChain.java:149)
		at org.apache.tomcat.websocket.server.WsFilter.doFilter(WsFilter.java:51)
		at org.apache.catalina.core.ApplicationFilterChain.internalDoFilter(ApplicationFilterChain.java:174)
		at org.apache.catalina.core.ApplicationFilterChain.doFilter(ApplicationFilterChain.java:149)
		at org.apache.catalina.core.StandardWrapperValve.invoke(StandardWrapperValve.java:167)
		at org.apache.catalina.core.StandardContextValve.invoke(StandardContextValve.java:90)
		at org.apache.catalina.authenticator.AuthenticatorBase.invoke(AuthenticatorBase.java:482)
		at org.apache.catalina.core.StandardHostValve.invoke(StandardHostValve.java:115)
		at org.apache.catalina.valves.ErrorReportValve.invoke(ErrorReportValve.java:93)
		at org.apache.catalina.valves.AbstractAccessLogValve.invoke(AbstractAccessLogValve.java:673)
		at org.apache.catalina.core.StandardEngineValve.invoke(StandardEngineValve.java:74)
		at org.apache.catalina.connector.CoyoteAdapter.service(CoyoteAdapter.java:341)
		at org.apache.coyote.http11.Http11Processor.service(Http11Processor.java:391)
		at org.apache.coyote.AbstractProcessorLight.process(AbstractProcessorLight.java:63)
		at org.apache.coyote.AbstractProtocol$ConnectionHandler.process(AbstractProtocol.java:894)
		at org.apache.tomcat.util.net.NioEndpoint$SocketProcessor.doRun(NioEndpoint.java:1740)
		at org.apache.tomcat.util.net.SocketProcessorBase.run(SocketProcessorBase.java:52)
		at org.apache.tomcat.util.threads.ThreadPoolExecutor.runWorker(ThreadPoolExecutor.java:1191)
		at org.apache.tomcat.util.threads.ThreadPoolExecutor$Worker.run(ThreadPoolExecutor.java:659)
		at org.apache.tomcat.util.threads.TaskThread$WrappingRunnable.run(TaskThread.java:61)
		at java.base/java.lang.Thread.run(Thread.java:831)
25-Sep-2023 01:42:48.160 重大 [http-nio-8080-exec-9] org.apache.catalina.core.ApplicationDispatcher.invoke サーブレット [jsp] のServlet.service()が例外を投げました
	java.lang.ClassNotFoundException: org.apache.jsp.WEB_002dINF.views.user_jsp
		at java.base/java.net.URLClassLoader.findClass(URLClassLoader.java:433)
		at org.apache.jasper.servlet.JasperLoader.loadClass(JasperLoader.java:129)
		at org.apache.jasper.servlet.JasperLoader.loadClass(JasperLoader.java:58)
		at org.apache.catalina.core.DefaultInstanceManager.newInstance(DefaultInstanceManager.java:151)
		at org.apache.jasper.servlet.JspServletWrapper.getServlet(JspServletWrapper.java:189)
		at org.apache.jasper.servlet.JspServletWrapper.service(JspServletWrapper.java:410)
		at org.apache.jasper.servlet.JspServlet.serviceJspFile(JspServlet.java:380)
		at org.apache.jasper.servlet.JspServlet.service(JspServlet.java:328)
		at jakarta.servlet.http.HttpServlet.service(HttpServlet.java:658)
		at org.apache.catalina.core.ApplicationFilterChain.internalDoFilter(ApplicationFilterChain.java:205)
		at org.apache.catalina.core.ApplicationFilterChain.doFilter(ApplicationFilterChain.java:149)
		at org.apache.tomcat.websocket.server.WsFilter.doFilter(WsFilter.java:51)
		at org.apache.catalina.core.ApplicationFilterChain.internalDoFilter(ApplicationFilterChain.java:174)
		at org.apache.catalina.core.ApplicationFilterChain.doFilter(ApplicationFilterChain.java:149)
		at org.apache.catalina.core.ApplicationDispatcher.invoke(ApplicationDispatcher.java:642)
		at org.apache.catalina.core.ApplicationDispatcher.processRequest(ApplicationDispatcher.java:408)
		at org.apache.catalina.core.ApplicationDispatcher.doForward(ApplicationDispatcher.java:340)
		at org.apache.catalina.core.ApplicationDispatcher.forward(ApplicationDispatcher.java:277)
		at User.doGet(User.java:15)
		at jakarta.servlet.http.HttpServlet.service(HttpServlet.java:564)
		at jakarta.servlet.http.HttpServlet.service(HttpServlet.java:658)
		at org.apache.catalina.core.ApplicationFilterChain.internalDoFilter(ApplicationFilterChain.java:205)
		at org.apache.catalina.core.ApplicationFilterChain.doFilter(ApplicationFilterChain.java:149)
		at org.apache.tomcat.websocket.server.WsFilter.doFilter(WsFilter.java:51)
		at org.apache.catalina.core.ApplicationFilterChain.internalDoFilter(ApplicationFilterChain.java:174)
		at org.apache.catalina.core.ApplicationFilterChain.doFilter(ApplicationFilterChain.java:149)
		at org.apache.catalina.core.StandardWrapperValve.invoke(StandardWrapperValve.java:167)
		at org.apache.catalina.core.StandardContextValve.invoke(StandardContextValve.java:90)
		at org.apache.catalina.authenticator.AuthenticatorBase.invoke(AuthenticatorBase.java:482)
		at org.apache.catalina.core.StandardHostValve.invoke(StandardHostValve.java:115)
		at org.apache.catalina.valves.ErrorReportValve.invoke(ErrorReportValve.java:93)
		at org.apache.catalina.valves.AbstractAccessLogValve.invoke(AbstractAccessLogValve.java:673)
		at org.apache.catalina.core.StandardEngineValve.invoke(StandardEngineValve.java:74)
		at org.apache.catalina.connector.CoyoteAdapter.service(CoyoteAdapter.java:341)
		at org.apache.coyote.http11.Http11Processor.service(Http11Processor.java:391)
		at org.apache.coyote.AbstractProcessorLight.process(AbstractProcessorLight.java:63)
		at org.apache.coyote.AbstractProtocol$ConnectionHandler.process(AbstractProtocol.java:894)
		at org.apache.tomcat.util.net.NioEndpoint$SocketProcessor.doRun(NioEndpoint.java:1740)
		at org.apache.tomcat.util.net.SocketProcessorBase.run(SocketProcessorBase.java:52)
		at org.apache.tomcat.util.threads.ThreadPoolExecutor.runWorker(ThreadPoolExecutor.java:1191)
		at org.apache.tomcat.util.threads.ThreadPoolExecutor$Worker.run(ThreadPoolExecutor.java:659)
		at org.apache.tomcat.util.threads.TaskThread$WrappingRunnable.run(TaskThread.java:61)
		at java.base/java.lang.Thread.run(Thread.java:831)
25-Sep-2023 01:42:48.160 重大 [http-nio-8080-exec-9] org.apache.catalina.core.StandardWrapperValve.invoke パス [/ProEnv] を持つコンテキスト内のサーブレット [User] のServlet.service() が例外 [org.apache.jasper.JasperException: java.lang.ClassNotFoundException: org.apache.jsp.WEB_002dINF.views.user_jsp] が根本的要因と共に投げられました
	java.lang.ClassNotFoundException: org.apache.jsp.WEB_002dINF.views.user_jsp
		at java.base/java.net.URLClassLoader.findClass(URLClassLoader.java:433)
		at org.apache.jasper.servlet.JasperLoader.loadClass(JasperLoader.java:129)
		at org.apache.jasper.servlet.JasperLoader.loadClass(JasperLoader.java:58)
		at org.apache.catalina.core.DefaultInstanceManager.newInstance(DefaultInstanceManager.java:151)
		at org.apache.jasper.servlet.JspServletWrapper.getServlet(JspServletWrapper.java:189)
		at org.apache.jasper.servlet.JspServletWrapper.service(JspServletWrapper.java:410)
		at org.apache.jasper.servlet.JspServlet.serviceJspFile(JspServlet.java:380)
		at org.apache.jasper.servlet.JspServlet.service(JspServlet.java:328)
		at jakarta.servlet.http.HttpServlet.service(HttpServlet.java:658)
		at org.apache.catalina.core.ApplicationFilterChain.internalDoFilter(ApplicationFilterChain.java:205)
		at org.apache.catalina.core.ApplicationFilterChain.doFilter(ApplicationFilterChain.java:149)
		at org.apache.tomcat.websocket.server.WsFilter.doFilter(WsFilter.java:51)
		at org.apache.catalina.core.ApplicationFilterChain.internalDoFilter(ApplicationFilterChain.java:174)
		at org.apache.catalina.core.ApplicationFilterChain.doFilter(ApplicationFilterChain.java:149)
		at org.apache.catalina.core.ApplicationDispatcher.invoke(ApplicationDispatcher.java:642)
		at org.apache.catalina.core.ApplicationDispatcher.processRequest(ApplicationDispatcher.java:408)
		at org.apache.catalina.core.ApplicationDispatcher.doForward(ApplicationDispatcher.java:340)
		at org.apache.catalina.core.ApplicationDispatcher.forward(ApplicationDispatcher.java:277)
		at User.doGet(User.java:15)
		at jakarta.servlet.http.HttpServlet.service(HttpServlet.java:564)
		at jakarta.servlet.http.HttpServlet.service(HttpServlet.java:658)
		at org.apache.catalina.core.ApplicationFilterChain.internalDoFilter(ApplicationFilterChain.java:205)
		at org.apache.catalina.core.ApplicationFilterChain.doFilter(ApplicationFilterChain.java:149)
		at org.apache.tomcat.websocket.server.WsFilter.doFilter(WsFilter.java:51)
		at org.apache.catalina.core.ApplicationFilterChain.internalDoFilter(ApplicationFilterChain.java:174)
		at org.apache.catalina.core.ApplicationFilterChain.doFilter(ApplicationFilterChain.java:149)
		at org.apache.catalina.core.StandardWrapperValve.invoke(StandardWrapperValve.java:167)
		at org.apache.catalina.core.StandardContextValve.invoke(StandardContextValve.java:90)
		at org.apache.catalina.authenticator.AuthenticatorBase.invoke(AuthenticatorBase.java:482)
		at org.apache.catalina.core.StandardHostValve.invoke(StandardHostValve.java:115)
		at org.apache.catalina.valves.ErrorReportValve.invoke(ErrorReportValve.java:93)
		at org.apache.catalina.valves.AbstractAccessLogValve.invoke(AbstractAccessLogValve.java:673)
		at org.apache.catalina.core.StandardEngineValve.invoke(StandardEngineValve.java:74)
		at org.apache.catalina.connector.CoyoteAdapter.service(CoyoteAdapter.java:341)
		at org.apache.coyote.http11.Http11Processor.service(Http11Processor.java:391)
		at org.apache.coyote.AbstractProcessorLight.process(AbstractProcessorLight.java:63)
		at org.apache.coyote.AbstractProtocol$ConnectionHandler.process(AbstractProtocol.java:894)
		at org.apache.tomcat.util.net.NioEndpoint$SocketProcessor.doRun(NioEndpoint.java:1740)
		at org.apache.tomcat.util.net.SocketProcessorBase.run(SocketProcessorBase.java:52)
		at org.apache.tomcat.util.threads.ThreadPoolExecutor.runWorker(ThreadPoolExecutor.java:1191)
		at org.apache.tomcat.util.threads.ThreadPoolExecutor$Worker.run(ThreadPoolExecutor.java:659)
		at org.apache.tomcat.util.threads.TaskThread$WrappingRunnable.run(TaskThread.java:61)
		at java.base/java.lang.Thread.run(Thread.java:831)
25-Sep-2023 01:45:35.498 情報 [main] org.apache.catalina.core.ApplicationContext.log SessionListener: contextDestroyed()
25-Sep-2023 01:45:35.498 情報 [main] org.apache.catalina.core.ApplicationContext.log ContextListener: contextDestroyed()
25-Sep-2023 01:45:36.920 情報 [main] org.apache.catalina.core.ApplicationContext.log ContextListener: contextInitialized()
25-Sep-2023 01:45:36.920 情報 [main] org.apache.catalina.core.ApplicationContext.log SessionListener: contextInitialized()
25-Sep-2023 01:45:36.921 情報 [main] org.apache.catalina.core.ApplicationContext.log ContextListener: attributeAdded('StockTicker', 'async.Stockticker@6e1f8469')
25-Sep-2023 01:47:47.223 情報 [main] org.apache.catalina.core.ApplicationContext.log SessionListener: contextDestroyed()
25-Sep-2023 01:47:47.223 情報 [main] org.apache.catalina.core.ApplicationContext.log ContextListener: contextDestroyed()
25-Sep-2023 01:47:48.618 情報 [main] org.apache.catalina.core.ApplicationContext.log ContextListener: contextInitialized()
25-Sep-2023 01:47:48.618 情報 [main] org.apache.catalina.core.ApplicationContext.log SessionListener: contextInitialized()
25-Sep-2023 01:47:48.619 情報 [main] org.apache.catalina.core.ApplicationContext.log ContextListener: attributeAdded('StockTicker', 'async.Stockticker@6e1f8469')
25-Sep-2023 01:49:44.309 情報 [main] org.apache.catalina.core.ApplicationContext.log SessionListener: contextDestroyed()
25-Sep-2023 01:49:44.309 情報 [main] org.apache.catalina.core.ApplicationContext.log ContextListener: contextDestroyed()
25-Sep-2023 01:49:45.758 情報 [main] org.apache.catalina.core.ApplicationContext.log ContextListener: contextInitialized()
25-Sep-2023 01:49:45.758 情報 [main] org.apache.catalina.core.ApplicationContext.log SessionListener: contextInitialized()
25-Sep-2023 01:49:45.760 情報 [main] org.apache.catalina.core.ApplicationContext.log ContextListener: attributeAdded('StockTicker', 'async.Stockticker@19569ebd')
25-Sep-2023 01:52:48.031 情報 [main] org.apache.catalina.core.ApplicationContext.log SessionListener: contextDestroyed()
25-Sep-2023 01:52:48.031 情報 [main] org.apache.catalina.core.ApplicationContext.log ContextListener: contextDestroyed()
25-Sep-2023 01:52:49.481 情報 [main] org.apache.catalina.core.ApplicationContext.log ContextListener: contextInitialized()
25-Sep-2023 01:52:49.481 情報 [main] org.apache.catalina.core.ApplicationContext.log SessionListener: contextInitialized()
25-Sep-2023 01:52:49.483 情報 [main] org.apache.catalina.core.ApplicationContext.log ContextListener: attributeAdded('StockTicker', 'async.Stockticker@6e1f8469')
25-Sep-2023 01:54:23.612 情報 [main] org.apache.catalina.core.ApplicationContext.log SessionListener: contextDestroyed()
25-Sep-2023 01:54:23.612 情報 [main] org.apache.catalina.core.ApplicationContext.log ContextListener: contextDestroyed()
25-Sep-2023 01:54:25.017 情報 [main] org.apache.catalina.core.ApplicationContext.log ContextListener: contextInitialized()
25-Sep-2023 01:54:25.017 情報 [main] org.apache.catalina.core.ApplicationContext.log SessionListener: contextInitialized()
25-Sep-2023 01:54:25.018 情報 [main] org.apache.catalina.core.ApplicationContext.log ContextListener: attributeAdded('StockTicker', 'async.Stockticker@6e1f8469')
25-Sep-2023 01:55:31.765 情報 [main] org.apache.catalina.core.ApplicationContext.log SessionListener: contextDestroyed()
25-Sep-2023 01:55:31.765 情報 [main] org.apache.catalina.core.ApplicationContext.log ContextListener: contextDestroyed()
25-Sep-2023 01:55:33.198 情報 [main] org.apache.catalina.core.ApplicationContext.log ContextListener: contextInitialized()
25-Sep-2023 01:55:33.198 情報 [main] org.apache.catalina.core.ApplicationContext.log SessionListener: contextInitialized()
25-Sep-2023 01:55:33.200 情報 [main] org.apache.catalina.core.ApplicationContext.log ContextListener: attributeAdded('StockTicker', 'async.Stockticker@19569ebd')
