19-Sep-2023 23:14:37.224 情報 [http-nio-8080-exec-22] org.apache.catalina.core.ApplicationContext.log サーブレット [Servlet] を利用不可能にマークします
19-Sep-2023 23:14:37.225 重大 [http-nio-8080-exec-22] org.apache.catalina.core.StandardWrapperValve.invoke サーブレット [Servlet] に例外を割り当てます
	java.lang.ClassNotFoundException: HelloServlet
		at org.apache.catalina.loader.WebappClassLoaderBase.loadClass(WebappClassLoaderBase.java:1437)
		at org.apache.catalina.loader.WebappClassLoaderBase.loadClass(WebappClassLoaderBase.java:1245)
		at org.apache.catalina.core.DefaultInstanceManager.loadClass(DefaultInstanceManager.java:491)
		at org.apache.catalina.core.DefaultInstanceManager.loadClassMaybePrivileged(DefaultInstanceManager.java:473)
		at org.apache.catalina.core.DefaultInstanceManager.newInstance(DefaultInstanceManager.java:143)
		at org.apache.catalina.core.StandardWrapper.loadServlet(StandardWrapper.java:865)
		at org.apache.catalina.core.StandardWrapper.allocate(StandardWrapper.java:649)
		at org.apache.catalina.core.StandardWrapperValve.invoke(StandardWrapperValve.java:115)
		at org.apache.catalina.core.StandardContextValve.invoke(StandardContextValve.java:90)
		at org.apache.catalina.authenticator.AuthenticatorBase.invoke(AuthenticatorBase.java:482)
		at org.apache.catalina.core.StandardHostValve.invoke(StandardHostValve.java:115)
		at org.apache.catalina.valves.ErrorReportValve.invoke(ErrorReportValve.java:93)
		at org.apache.catalina.valves.AbstractAccessLogValve.invoke(AbstractAccessLogValve.java:673)
		at org.apache.catalina.core.StandardEngineValve.invoke(StandardEngineValve.java:74)
		at org.apache.catalina.connector.CoyoteAdapter.service(CoyoteAdapter.java:341)
		at org.apache.coyote.http11.Http11Processor.service(Http11Processor.java:391)
		at org.apache.coyote.AbstractProcessorLight.process(AbstractProcessorLight.java:63)
		at org.apache.coyote.AbstractProtocol$ConnectionHandler.process(AbstractProtocol.java:894)
		at org.apache.tomcat.util.net.NioEndpoint$SocketProcessor.doRun(NioEndpoint.java:1740)
		at org.apache.tomcat.util.net.SocketProcessorBase.run(SocketProcessorBase.java:52)
		at org.apache.tomcat.util.threads.ThreadPoolExecutor.runWorker(ThreadPoolExecutor.java:1191)
		at org.apache.tomcat.util.threads.ThreadPoolExecutor$Worker.run(ThreadPoolExecutor.java:659)
		at org.apache.tomcat.util.threads.TaskThread$WrappingRunnable.run(TaskThread.java:61)
		at java.base/java.lang.Thread.run(Thread.java:831)
19-Sep-2023 23:25:32.161 情報 [main] org.apache.catalina.core.ApplicationContext.log ContextListener: contextInitialized()
19-Sep-2023 23:25:32.161 情報 [main] org.apache.catalina.core.ApplicationContext.log SessionListener: contextInitialized()
19-Sep-2023 23:25:32.162 情報 [main] org.apache.catalina.core.ApplicationContext.log ContextListener: attributeAdded('StockTicker', 'async.Stockticker@c7a975a')
19-Sep-2023 23:25:32.223 情報 [main] org.apache.catalina.core.ApplicationContext.log SessionListener: contextDestroyed()
19-Sep-2023 23:25:32.223 情報 [main] org.apache.catalina.core.ApplicationContext.log ContextListener: contextDestroyed()
19-Sep-2023 23:30:28.123 情報 [main] org.apache.catalina.core.ApplicationContext.log ContextListener: contextInitialized()
19-Sep-2023 23:30:28.123 情報 [main] org.apache.catalina.core.ApplicationContext.log SessionListener: contextInitialized()
19-Sep-2023 23:30:28.124 情報 [main] org.apache.catalina.core.ApplicationContext.log ContextListener: attributeAdded('StockTicker', 'async.Stockticker@2ed3b1f5')
19-Sep-2023 23:30:28.172 情報 [main] org.apache.catalina.core.ApplicationContext.log SessionListener: contextDestroyed()
19-Sep-2023 23:30:28.172 情報 [main] org.apache.catalina.core.ApplicationContext.log ContextListener: contextDestroyed()
19-Sep-2023 23:32:55.435 情報 [main] org.apache.catalina.core.ApplicationContext.log SessionListener: contextDestroyed()
19-Sep-2023 23:32:55.436 情報 [main] org.apache.catalina.core.ApplicationContext.log ContextListener: contextDestroyed()
19-Sep-2023 23:33:19.631 情報 [main] org.apache.catalina.core.ApplicationContext.log ContextListener: contextInitialized()
19-Sep-2023 23:33:19.631 情報 [main] org.apache.catalina.core.ApplicationContext.log SessionListener: contextInitialized()
19-Sep-2023 23:33:19.632 情報 [main] org.apache.catalina.core.ApplicationContext.log ContextListener: attributeAdded('StockTicker', 'async.Stockticker@235f4c10')
