08-Oct-2023 00:18:03.147 情報 [main] org.apache.catalina.core.ApplicationContext.log SessionListener: contextDestroyed()
08-Oct-2023 00:18:03.147 情報 [main] org.apache.catalina.core.ApplicationContext.log ContextListener: contextDestroyed()
08-Oct-2023 00:18:04.834 情報 [main] org.apache.catalina.core.ApplicationContext.log ContextListener: contextInitialized()
08-Oct-2023 00:18:04.834 情報 [main] org.apache.catalina.core.ApplicationContext.log SessionListener: contextInitialized()
08-Oct-2023 00:18:04.835 情報 [main] org.apache.catalina.core.ApplicationContext.log ContextListener: attributeAdded('StockTicker', 'async.Stockticker@19569ebd')
08-Oct-2023 00:18:25.742 重大 [http-nio-8080-exec-2] org.apache.catalina.core.ApplicationDispatcher.invoke サーブレット [jsp] のServlet.service()が例外を投げました
	java.lang.NullPointerException: Cannot invoke "java.lang.Integer.intValue()" because the return value of "jakarta.servlet.http.HttpServletRequest.getAttribute(String)" is null
		at org.apache.jsp.WEB_002dINF.views.user_jsp._jspService(user_jsp.java:156)
		at org.apache.jasper.runtime.HttpJspBase.service(HttpJspBase.java:70)
		at jakarta.servlet.http.HttpServlet.service(HttpServlet.java:658)
		at org.apache.jasper.servlet.JspServletWrapper.service(JspServletWrapper.java:456)
		at org.apache.jasper.servlet.JspServlet.serviceJspFile(JspServlet.java:380)
		at org.apache.jasper.servlet.JspServlet.service(JspServlet.java:328)
		at jakarta.servlet.http.HttpServlet.service(HttpServlet.java:658)
		at org.apache.catalina.core.ApplicationFilterChain.internalDoFilter(ApplicationFilterChain.java:205)
		at org.apache.catalina.core.ApplicationFilterChain.doFilter(ApplicationFilterChain.java:149)
		at org.apache.tomcat.websocket.server.WsFilter.doFilter(WsFilter.java:51)
		at org.apache.catalina.core.ApplicationFilterChain.internalDoFilter(ApplicationFilterChain.java:174)
		at org.apache.catalina.core.ApplicationFilterChain.doFilter(ApplicationFilterChain.java:149)
		at org.apache.catalina.core.ApplicationDispatcher.invoke(ApplicationDispatcher.java:642)
		at org.apache.catalina.core.ApplicationDispatcher.processRequest(ApplicationDispatcher.java:408)
		at org.apache.catalina.core.ApplicationDispatcher.doForward(ApplicationDispatcher.java:340)
		at org.apache.catalina.core.ApplicationDispatcher.forward(ApplicationDispatcher.java:277)
		at User.doGet(User.java:15)
		at jakarta.servlet.http.HttpServlet.service(HttpServlet.java:564)
		at jakarta.servlet.http.HttpServlet.service(HttpServlet.java:658)
		at org.apache.catalina.core.ApplicationFilterChain.internalDoFilter(ApplicationFilterChain.java:205)
		at org.apache.catalina.core.ApplicationFilterChain.doFilter(ApplicationFilterChain.java:149)
		at org.apache.tomcat.websocket.server.WsFilter.doFilter(WsFilter.java:51)
		at org.apache.catalina.core.ApplicationFilterChain.internalDoFilter(ApplicationFilterChain.java:174)
		at org.apache.catalina.core.ApplicationFilterChain.doFilter(ApplicationFilterChain.java:149)
		at org.apache.catalina.core.StandardWrapperValve.invoke(StandardWrapperValve.java:167)
		at org.apache.catalina.core.StandardContextValve.invoke(StandardContextValve.java:90)
		at org.apache.catalina.authenticator.AuthenticatorBase.invoke(AuthenticatorBase.java:482)
		at org.apache.catalina.core.StandardHostValve.invoke(StandardHostValve.java:115)
		at org.apache.catalina.valves.ErrorReportValve.invoke(ErrorReportValve.java:93)
		at org.apache.catalina.valves.AbstractAccessLogValve.invoke(AbstractAccessLogValve.java:673)
		at org.apache.catalina.core.StandardEngineValve.invoke(StandardEngineValve.java:74)
		at org.apache.catalina.connector.CoyoteAdapter.service(CoyoteAdapter.java:341)
		at org.apache.coyote.http11.Http11Processor.service(Http11Processor.java:391)
		at org.apache.coyote.AbstractProcessorLight.process(AbstractProcessorLight.java:63)
		at org.apache.coyote.AbstractProtocol$ConnectionHandler.process(AbstractProtocol.java:894)
		at org.apache.tomcat.util.net.NioEndpoint$SocketProcessor.doRun(NioEndpoint.java:1740)
		at org.apache.tomcat.util.net.SocketProcessorBase.run(SocketProcessorBase.java:52)
		at org.apache.tomcat.util.threads.ThreadPoolExecutor.runWorker(ThreadPoolExecutor.java:1191)
		at org.apache.tomcat.util.threads.ThreadPoolExecutor$Worker.run(ThreadPoolExecutor.java:659)
		at org.apache.tomcat.util.threads.TaskThread$WrappingRunnable.run(TaskThread.java:61)
		at java.base/java.lang.Thread.run(Thread.java:831)
08-Oct-2023 00:18:25.742 重大 [http-nio-8080-exec-2] org.apache.catalina.core.StandardWrapperValve.invoke パス [/ProEnv] を持つコンテキスト内のサーブレット [User] のServlet.service() が例外 [[WEB-INF/views/user.jsp] の処理中に行番号 [30] で例外が発生しました。

27:         <!-- リクエストスコープからログインユーザーのIDを取得する -->
28:         <%String name = (String)request.getAttribute("name"); %>
29:         <%String gender = (String)request.getAttribute("gender"); %>
30:         <%int age = (int)request.getAttribute("age"); %>
31:         <!-- メッセージを表示する -->
32:         
33:         <h2><%=name %></h2>


Stacktrace:] が根本的要因と共に投げられました
	java.lang.NullPointerException: Cannot invoke "java.lang.Integer.intValue()" because the return value of "jakarta.servlet.http.HttpServletRequest.getAttribute(String)" is null
		at org.apache.jsp.WEB_002dINF.views.user_jsp._jspService(user_jsp.java:156)
		at org.apache.jasper.runtime.HttpJspBase.service(HttpJspBase.java:70)
		at jakarta.servlet.http.HttpServlet.service(HttpServlet.java:658)
		at org.apache.jasper.servlet.JspServletWrapper.service(JspServletWrapper.java:456)
		at org.apache.jasper.servlet.JspServlet.serviceJspFile(JspServlet.java:380)
		at org.apache.jasper.servlet.JspServlet.service(JspServlet.java:328)
		at jakarta.servlet.http.HttpServlet.service(HttpServlet.java:658)
		at org.apache.catalina.core.ApplicationFilterChain.internalDoFilter(ApplicationFilterChain.java:205)
		at org.apache.catalina.core.ApplicationFilterChain.doFilter(ApplicationFilterChain.java:149)
		at org.apache.tomcat.websocket.server.WsFilter.doFilter(WsFilter.java:51)
		at org.apache.catalina.core.ApplicationFilterChain.internalDoFilter(ApplicationFilterChain.java:174)
		at org.apache.catalina.core.ApplicationFilterChain.doFilter(ApplicationFilterChain.java:149)
		at org.apache.catalina.core.ApplicationDispatcher.invoke(ApplicationDispatcher.java:642)
		at org.apache.catalina.core.ApplicationDispatcher.processRequest(ApplicationDispatcher.java:408)
		at org.apache.catalina.core.ApplicationDispatcher.doForward(ApplicationDispatcher.java:340)
		at org.apache.catalina.core.ApplicationDispatcher.forward(ApplicationDispatcher.java:277)
		at User.doGet(User.java:15)
		at jakarta.servlet.http.HttpServlet.service(HttpServlet.java:564)
		at jakarta.servlet.http.HttpServlet.service(HttpServlet.java:658)
		at org.apache.catalina.core.ApplicationFilterChain.internalDoFilter(ApplicationFilterChain.java:205)
		at org.apache.catalina.core.ApplicationFilterChain.doFilter(ApplicationFilterChain.java:149)
		at org.apache.tomcat.websocket.server.WsFilter.doFilter(WsFilter.java:51)
		at org.apache.catalina.core.ApplicationFilterChain.internalDoFilter(ApplicationFilterChain.java:174)
		at org.apache.catalina.core.ApplicationFilterChain.doFilter(ApplicationFilterChain.java:149)
		at org.apache.catalina.core.StandardWrapperValve.invoke(StandardWrapperValve.java:167)
		at org.apache.catalina.core.StandardContextValve.invoke(StandardContextValve.java:90)
		at org.apache.catalina.authenticator.AuthenticatorBase.invoke(AuthenticatorBase.java:482)
		at org.apache.catalina.core.StandardHostValve.invoke(StandardHostValve.java:115)
		at org.apache.catalina.valves.ErrorReportValve.invoke(ErrorReportValve.java:93)
		at org.apache.catalina.valves.AbstractAccessLogValve.invoke(AbstractAccessLogValve.java:673)
		at org.apache.catalina.core.StandardEngineValve.invoke(StandardEngineValve.java:74)
		at org.apache.catalina.connector.CoyoteAdapter.service(CoyoteAdapter.java:341)
		at org.apache.coyote.http11.Http11Processor.service(Http11Processor.java:391)
		at org.apache.coyote.AbstractProcessorLight.process(AbstractProcessorLight.java:63)
		at org.apache.coyote.AbstractProtocol$ConnectionHandler.process(AbstractProtocol.java:894)
		at org.apache.tomcat.util.net.NioEndpoint$SocketProcessor.doRun(NioEndpoint.java:1740)
		at org.apache.tomcat.util.net.SocketProcessorBase.run(SocketProcessorBase.java:52)
		at org.apache.tomcat.util.threads.ThreadPoolExecutor.runWorker(ThreadPoolExecutor.java:1191)
		at org.apache.tomcat.util.threads.ThreadPoolExecutor$Worker.run(ThreadPoolExecutor.java:659)
		at org.apache.tomcat.util.threads.TaskThread$WrappingRunnable.run(TaskThread.java:61)
		at java.base/java.lang.Thread.run(Thread.java:831)
08-Oct-2023 00:19:25.136 重大 [http-nio-8080-exec-4] org.apache.catalina.core.ApplicationDispatcher.invoke サーブレット [jsp] のServlet.service()が例外を投げました
	java.lang.NullPointerException: Cannot invoke "java.lang.Integer.intValue()" because the return value of "jakarta.servlet.http.HttpServletRequest.getAttribute(String)" is null
		at org.apache.jsp.WEB_002dINF.views.user_jsp._jspService(user_jsp.java:156)
		at org.apache.jasper.runtime.HttpJspBase.service(HttpJspBase.java:70)
		at jakarta.servlet.http.HttpServlet.service(HttpServlet.java:658)
		at org.apache.jasper.servlet.JspServletWrapper.service(JspServletWrapper.java:456)
		at org.apache.jasper.servlet.JspServlet.serviceJspFile(JspServlet.java:380)
		at org.apache.jasper.servlet.JspServlet.service(JspServlet.java:328)
		at jakarta.servlet.http.HttpServlet.service(HttpServlet.java:658)
		at org.apache.catalina.core.ApplicationFilterChain.internalDoFilter(ApplicationFilterChain.java:205)
		at org.apache.catalina.core.ApplicationFilterChain.doFilter(ApplicationFilterChain.java:149)
		at org.apache.tomcat.websocket.server.WsFilter.doFilter(WsFilter.java:51)
		at org.apache.catalina.core.ApplicationFilterChain.internalDoFilter(ApplicationFilterChain.java:174)
		at org.apache.catalina.core.ApplicationFilterChain.doFilter(ApplicationFilterChain.java:149)
		at org.apache.catalina.core.ApplicationDispatcher.invoke(ApplicationDispatcher.java:642)
		at org.apache.catalina.core.ApplicationDispatcher.processRequest(ApplicationDispatcher.java:408)
		at org.apache.catalina.core.ApplicationDispatcher.doForward(ApplicationDispatcher.java:340)
		at org.apache.catalina.core.ApplicationDispatcher.forward(ApplicationDispatcher.java:277)
		at User.doGet(User.java:15)
		at jakarta.servlet.http.HttpServlet.service(HttpServlet.java:564)
		at jakarta.servlet.http.HttpServlet.service(HttpServlet.java:658)
		at org.apache.catalina.core.ApplicationFilterChain.internalDoFilter(ApplicationFilterChain.java:205)
		at org.apache.catalina.core.ApplicationFilterChain.doFilter(ApplicationFilterChain.java:149)
		at org.apache.tomcat.websocket.server.WsFilter.doFilter(WsFilter.java:51)
		at org.apache.catalina.core.ApplicationFilterChain.internalDoFilter(ApplicationFilterChain.java:174)
		at org.apache.catalina.core.ApplicationFilterChain.doFilter(ApplicationFilterChain.java:149)
		at org.apache.catalina.core.StandardWrapperValve.invoke(StandardWrapperValve.java:167)
		at org.apache.catalina.core.StandardContextValve.invoke(StandardContextValve.java:90)
		at org.apache.catalina.authenticator.AuthenticatorBase.invoke(AuthenticatorBase.java:482)
		at org.apache.catalina.core.StandardHostValve.invoke(StandardHostValve.java:115)
		at org.apache.catalina.valves.ErrorReportValve.invoke(ErrorReportValve.java:93)
		at org.apache.catalina.valves.AbstractAccessLogValve.invoke(AbstractAccessLogValve.java:673)
		at org.apache.catalina.core.StandardEngineValve.invoke(StandardEngineValve.java:74)
		at org.apache.catalina.connector.CoyoteAdapter.service(CoyoteAdapter.java:341)
		at org.apache.coyote.http11.Http11Processor.service(Http11Processor.java:391)
		at org.apache.coyote.AbstractProcessorLight.process(AbstractProcessorLight.java:63)
		at org.apache.coyote.AbstractProtocol$ConnectionHandler.process(AbstractProtocol.java:894)
		at org.apache.tomcat.util.net.NioEndpoint$SocketProcessor.doRun(NioEndpoint.java:1740)
		at org.apache.tomcat.util.net.SocketProcessorBase.run(SocketProcessorBase.java:52)
		at org.apache.tomcat.util.threads.ThreadPoolExecutor.runWorker(ThreadPoolExecutor.java:1191)
		at org.apache.tomcat.util.threads.ThreadPoolExecutor$Worker.run(ThreadPoolExecutor.java:659)
		at org.apache.tomcat.util.threads.TaskThread$WrappingRunnable.run(TaskThread.java:61)
		at java.base/java.lang.Thread.run(Thread.java:831)
08-Oct-2023 00:19:25.136 重大 [http-nio-8080-exec-4] org.apache.catalina.core.StandardWrapperValve.invoke パス [/ProEnv] を持つコンテキスト内のサーブレット [User] のServlet.service() が例外 [[/WEB-INF/views/user.jsp] の処理中に行番号 [30] で例外が発生しました。

27:         <!-- リクエストスコープからログインユーザーのIDを取得する -->
28:         <%String name = (String)request.getAttribute("name"); %>
29:         <%String gender = (String)request.getAttribute("gender"); %>
30:         <%int age = (int)request.getAttribute("age"); %>
31:         <!-- メッセージを表示する -->
32:         
33:         <h2><%=name %></h2>


Stacktrace:] が根本的要因と共に投げられました
	java.lang.NullPointerException: Cannot invoke "java.lang.Integer.intValue()" because the return value of "jakarta.servlet.http.HttpServletRequest.getAttribute(String)" is null
		at org.apache.jsp.WEB_002dINF.views.user_jsp._jspService(user_jsp.java:156)
		at org.apache.jasper.runtime.HttpJspBase.service(HttpJspBase.java:70)
		at jakarta.servlet.http.HttpServlet.service(HttpServlet.java:658)
		at org.apache.jasper.servlet.JspServletWrapper.service(JspServletWrapper.java:456)
		at org.apache.jasper.servlet.JspServlet.serviceJspFile(JspServlet.java:380)
		at org.apache.jasper.servlet.JspServlet.service(JspServlet.java:328)
		at jakarta.servlet.http.HttpServlet.service(HttpServlet.java:658)
		at org.apache.catalina.core.ApplicationFilterChain.internalDoFilter(ApplicationFilterChain.java:205)
		at org.apache.catalina.core.ApplicationFilterChain.doFilter(ApplicationFilterChain.java:149)
		at org.apache.tomcat.websocket.server.WsFilter.doFilter(WsFilter.java:51)
		at org.apache.catalina.core.ApplicationFilterChain.internalDoFilter(ApplicationFilterChain.java:174)
		at org.apache.catalina.core.ApplicationFilterChain.doFilter(ApplicationFilterChain.java:149)
		at org.apache.catalina.core.ApplicationDispatcher.invoke(ApplicationDispatcher.java:642)
		at org.apache.catalina.core.ApplicationDispatcher.processRequest(ApplicationDispatcher.java:408)
		at org.apache.catalina.core.ApplicationDispatcher.doForward(ApplicationDispatcher.java:340)
		at org.apache.catalina.core.ApplicationDispatcher.forward(ApplicationDispatcher.java:277)
		at User.doGet(User.java:15)
		at jakarta.servlet.http.HttpServlet.service(HttpServlet.java:564)
		at jakarta.servlet.http.HttpServlet.service(HttpServlet.java:658)
		at org.apache.catalina.core.ApplicationFilterChain.internalDoFilter(ApplicationFilterChain.java:205)
		at org.apache.catalina.core.ApplicationFilterChain.doFilter(ApplicationFilterChain.java:149)
		at org.apache.tomcat.websocket.server.WsFilter.doFilter(WsFilter.java:51)
		at org.apache.catalina.core.ApplicationFilterChain.internalDoFilter(ApplicationFilterChain.java:174)
		at org.apache.catalina.core.ApplicationFilterChain.doFilter(ApplicationFilterChain.java:149)
		at org.apache.catalina.core.StandardWrapperValve.invoke(StandardWrapperValve.java:167)
		at org.apache.catalina.core.StandardContextValve.invoke(StandardContextValve.java:90)
		at org.apache.catalina.authenticator.AuthenticatorBase.invoke(AuthenticatorBase.java:482)
		at org.apache.catalina.core.StandardHostValve.invoke(StandardHostValve.java:115)
		at org.apache.catalina.valves.ErrorReportValve.invoke(ErrorReportValve.java:93)
		at org.apache.catalina.valves.AbstractAccessLogValve.invoke(AbstractAccessLogValve.java:673)
		at org.apache.catalina.core.StandardEngineValve.invoke(StandardEngineValve.java:74)
		at org.apache.catalina.connector.CoyoteAdapter.service(CoyoteAdapter.java:341)
		at org.apache.coyote.http11.Http11Processor.service(Http11Processor.java:391)
		at org.apache.coyote.AbstractProcessorLight.process(AbstractProcessorLight.java:63)
		at org.apache.coyote.AbstractProtocol$ConnectionHandler.process(AbstractProtocol.java:894)
		at org.apache.tomcat.util.net.NioEndpoint$SocketProcessor.doRun(NioEndpoint.java:1740)
		at org.apache.tomcat.util.net.SocketProcessorBase.run(SocketProcessorBase.java:52)
		at org.apache.tomcat.util.threads.ThreadPoolExecutor.runWorker(ThreadPoolExecutor.java:1191)
		at org.apache.tomcat.util.threads.ThreadPoolExecutor$Worker.run(ThreadPoolExecutor.java:659)
		at org.apache.tomcat.util.threads.TaskThread$WrappingRunnable.run(TaskThread.java:61)
		at java.base/java.lang.Thread.run(Thread.java:831)
08-Oct-2023 00:19:43.855 重大 [http-nio-8080-exec-6] org.apache.catalina.core.ApplicationDispatcher.invoke サーブレット [jsp] のServlet.service()が例外を投げました
	java.lang.NullPointerException: Cannot invoke "java.lang.Integer.intValue()" because the return value of "jakarta.servlet.http.HttpServletRequest.getAttribute(String)" is null
		at org.apache.jsp.WEB_002dINF.views.user_jsp._jspService(user_jsp.java:156)
		at org.apache.jasper.runtime.HttpJspBase.service(HttpJspBase.java:70)
		at jakarta.servlet.http.HttpServlet.service(HttpServlet.java:658)
		at org.apache.jasper.servlet.JspServletWrapper.service(JspServletWrapper.java:456)
		at org.apache.jasper.servlet.JspServlet.serviceJspFile(JspServlet.java:380)
		at org.apache.jasper.servlet.JspServlet.service(JspServlet.java:328)
		at jakarta.servlet.http.HttpServlet.service(HttpServlet.java:658)
		at org.apache.catalina.core.ApplicationFilterChain.internalDoFilter(ApplicationFilterChain.java:205)
		at org.apache.catalina.core.ApplicationFilterChain.doFilter(ApplicationFilterChain.java:149)
		at org.apache.tomcat.websocket.server.WsFilter.doFilter(WsFilter.java:51)
		at org.apache.catalina.core.ApplicationFilterChain.internalDoFilter(ApplicationFilterChain.java:174)
		at org.apache.catalina.core.ApplicationFilterChain.doFilter(ApplicationFilterChain.java:149)
		at org.apache.catalina.core.ApplicationDispatcher.invoke(ApplicationDispatcher.java:642)
		at org.apache.catalina.core.ApplicationDispatcher.processRequest(ApplicationDispatcher.java:408)
		at org.apache.catalina.core.ApplicationDispatcher.doForward(ApplicationDispatcher.java:340)
		at org.apache.catalina.core.ApplicationDispatcher.forward(ApplicationDispatcher.java:277)
		at User.doGet(User.java:15)
		at jakarta.servlet.http.HttpServlet.service(HttpServlet.java:564)
		at jakarta.servlet.http.HttpServlet.service(HttpServlet.java:658)
		at org.apache.catalina.core.ApplicationFilterChain.internalDoFilter(ApplicationFilterChain.java:205)
		at org.apache.catalina.core.ApplicationFilterChain.doFilter(ApplicationFilterChain.java:149)
		at org.apache.tomcat.websocket.server.WsFilter.doFilter(WsFilter.java:51)
		at org.apache.catalina.core.ApplicationFilterChain.internalDoFilter(ApplicationFilterChain.java:174)
		at org.apache.catalina.core.ApplicationFilterChain.doFilter(ApplicationFilterChain.java:149)
		at org.apache.catalina.core.StandardWrapperValve.invoke(StandardWrapperValve.java:167)
		at org.apache.catalina.core.StandardContextValve.invoke(StandardContextValve.java:90)
		at org.apache.catalina.authenticator.AuthenticatorBase.invoke(AuthenticatorBase.java:482)
		at org.apache.catalina.core.StandardHostValve.invoke(StandardHostValve.java:115)
		at org.apache.catalina.valves.ErrorReportValve.invoke(ErrorReportValve.java:93)
		at org.apache.catalina.valves.AbstractAccessLogValve.invoke(AbstractAccessLogValve.java:673)
		at org.apache.catalina.core.StandardEngineValve.invoke(StandardEngineValve.java:74)
		at org.apache.catalina.connector.CoyoteAdapter.service(CoyoteAdapter.java:341)
		at org.apache.coyote.http11.Http11Processor.service(Http11Processor.java:391)
		at org.apache.coyote.AbstractProcessorLight.process(AbstractProcessorLight.java:63)
		at org.apache.coyote.AbstractProtocol$ConnectionHandler.process(AbstractProtocol.java:894)
		at org.apache.tomcat.util.net.NioEndpoint$SocketProcessor.doRun(NioEndpoint.java:1740)
		at org.apache.tomcat.util.net.SocketProcessorBase.run(SocketProcessorBase.java:52)
		at org.apache.tomcat.util.threads.ThreadPoolExecutor.runWorker(ThreadPoolExecutor.java:1191)
		at org.apache.tomcat.util.threads.ThreadPoolExecutor$Worker.run(ThreadPoolExecutor.java:659)
		at org.apache.tomcat.util.threads.TaskThread$WrappingRunnable.run(TaskThread.java:61)
		at java.base/java.lang.Thread.run(Thread.java:831)
08-Oct-2023 00:19:43.855 重大 [http-nio-8080-exec-6] org.apache.catalina.core.StandardWrapperValve.invoke パス [/ProEnv] を持つコンテキスト内のサーブレット [User] のServlet.service() が例外 [[/WEB-INF/views/user.jsp] の処理中に行番号 [30] で例外が発生しました。

27:         <!-- リクエストスコープからログインユーザーのIDを取得する -->
28:         <%String name = (String)request.getAttribute("name"); %>
29:         <%String gender = (String)request.getAttribute("gender"); %>
30:         <%int age = (int)request.getAttribute("age"); %>
31:         <!-- メッセージを表示する -->
32:         
33:         <h2><%=name %></h2>


Stacktrace:] が根本的要因と共に投げられました
	java.lang.NullPointerException: Cannot invoke "java.lang.Integer.intValue()" because the return value of "jakarta.servlet.http.HttpServletRequest.getAttribute(String)" is null
		at org.apache.jsp.WEB_002dINF.views.user_jsp._jspService(user_jsp.java:156)
		at org.apache.jasper.runtime.HttpJspBase.service(HttpJspBase.java:70)
		at jakarta.servlet.http.HttpServlet.service(HttpServlet.java:658)
		at org.apache.jasper.servlet.JspServletWrapper.service(JspServletWrapper.java:456)
		at org.apache.jasper.servlet.JspServlet.serviceJspFile(JspServlet.java:380)
		at org.apache.jasper.servlet.JspServlet.service(JspServlet.java:328)
		at jakarta.servlet.http.HttpServlet.service(HttpServlet.java:658)
		at org.apache.catalina.core.ApplicationFilterChain.internalDoFilter(ApplicationFilterChain.java:205)
		at org.apache.catalina.core.ApplicationFilterChain.doFilter(ApplicationFilterChain.java:149)
		at org.apache.tomcat.websocket.server.WsFilter.doFilter(WsFilter.java:51)
		at org.apache.catalina.core.ApplicationFilterChain.internalDoFilter(ApplicationFilterChain.java:174)
		at org.apache.catalina.core.ApplicationFilterChain.doFilter(ApplicationFilterChain.java:149)
		at org.apache.catalina.core.ApplicationDispatcher.invoke(ApplicationDispatcher.java:642)
		at org.apache.catalina.core.ApplicationDispatcher.processRequest(ApplicationDispatcher.java:408)
		at org.apache.catalina.core.ApplicationDispatcher.doForward(ApplicationDispatcher.java:340)
		at org.apache.catalina.core.ApplicationDispatcher.forward(ApplicationDispatcher.java:277)
		at User.doGet(User.java:15)
		at jakarta.servlet.http.HttpServlet.service(HttpServlet.java:564)
		at jakarta.servlet.http.HttpServlet.service(HttpServlet.java:658)
		at org.apache.catalina.core.ApplicationFilterChain.internalDoFilter(ApplicationFilterChain.java:205)
		at org.apache.catalina.core.ApplicationFilterChain.doFilter(ApplicationFilterChain.java:149)
		at org.apache.tomcat.websocket.server.WsFilter.doFilter(WsFilter.java:51)
		at org.apache.catalina.core.ApplicationFilterChain.internalDoFilter(ApplicationFilterChain.java:174)
		at org.apache.catalina.core.ApplicationFilterChain.doFilter(ApplicationFilterChain.java:149)
		at org.apache.catalina.core.StandardWrapperValve.invoke(StandardWrapperValve.java:167)
		at org.apache.catalina.core.StandardContextValve.invoke(StandardContextValve.java:90)
		at org.apache.catalina.authenticator.AuthenticatorBase.invoke(AuthenticatorBase.java:482)
		at org.apache.catalina.core.StandardHostValve.invoke(StandardHostValve.java:115)
		at org.apache.catalina.valves.ErrorReportValve.invoke(ErrorReportValve.java:93)
		at org.apache.catalina.valves.AbstractAccessLogValve.invoke(AbstractAccessLogValve.java:673)
		at org.apache.catalina.core.StandardEngineValve.invoke(StandardEngineValve.java:74)
		at org.apache.catalina.connector.CoyoteAdapter.service(CoyoteAdapter.java:341)
		at org.apache.coyote.http11.Http11Processor.service(Http11Processor.java:391)
		at org.apache.coyote.AbstractProcessorLight.process(AbstractProcessorLight.java:63)
		at org.apache.coyote.AbstractProtocol$ConnectionHandler.process(AbstractProtocol.java:894)
		at org.apache.tomcat.util.net.NioEndpoint$SocketProcessor.doRun(NioEndpoint.java:1740)
		at org.apache.tomcat.util.net.SocketProcessorBase.run(SocketProcessorBase.java:52)
		at org.apache.tomcat.util.threads.ThreadPoolExecutor.runWorker(ThreadPoolExecutor.java:1191)
		at org.apache.tomcat.util.threads.ThreadPoolExecutor$Worker.run(ThreadPoolExecutor.java:659)
		at org.apache.tomcat.util.threads.TaskThread$WrappingRunnable.run(TaskThread.java:61)
		at java.base/java.lang.Thread.run(Thread.java:831)
08-Oct-2023 00:32:17.710 情報 [main] org.apache.catalina.core.ApplicationContext.log SessionListener: contextDestroyed()
08-Oct-2023 00:32:17.710 情報 [main] org.apache.catalina.core.ApplicationContext.log ContextListener: contextDestroyed()
08-Oct-2023 00:32:19.274 情報 [main] org.apache.catalina.core.ApplicationContext.log ContextListener: contextInitialized()
08-Oct-2023 00:32:19.274 情報 [main] org.apache.catalina.core.ApplicationContext.log SessionListener: contextInitialized()
08-Oct-2023 00:32:19.275 情報 [main] org.apache.catalina.core.ApplicationContext.log ContextListener: attributeAdded('StockTicker', 'async.Stockticker@52a70627')
08-Oct-2023 00:34:02.712 情報 [main] org.apache.catalina.core.ApplicationContext.log SessionListener: contextDestroyed()
08-Oct-2023 00:34:02.712 情報 [main] org.apache.catalina.core.ApplicationContext.log ContextListener: contextDestroyed()
08-Oct-2023 00:34:04.261 情報 [main] org.apache.catalina.core.ApplicationContext.log ContextListener: contextInitialized()
08-Oct-2023 00:34:04.262 情報 [main] org.apache.catalina.core.ApplicationContext.log SessionListener: contextInitialized()
08-Oct-2023 00:34:04.263 情報 [main] org.apache.catalina.core.ApplicationContext.log ContextListener: attributeAdded('StockTicker', 'async.Stockticker@1e6cc850')
08-Oct-2023 00:38:38.014 情報 [main] org.apache.catalina.core.ApplicationContext.log SessionListener: contextDestroyed()
08-Oct-2023 00:38:38.014 情報 [main] org.apache.catalina.core.ApplicationContext.log ContextListener: contextDestroyed()
08-Oct-2023 00:38:41.288 情報 [main] org.apache.catalina.core.ApplicationContext.log ContextListener: contextInitialized()
08-Oct-2023 00:38:41.288 情報 [main] org.apache.catalina.core.ApplicationContext.log SessionListener: contextInitialized()
08-Oct-2023 00:38:41.290 情報 [main] org.apache.catalina.core.ApplicationContext.log ContextListener: attributeAdded('StockTicker', 'async.Stockticker@6e1f8469')
08-Oct-2023 00:48:42.545 情報 [main] org.apache.catalina.core.ApplicationContext.log SessionListener: contextDestroyed()
08-Oct-2023 00:48:42.546 情報 [main] org.apache.catalina.core.ApplicationContext.log ContextListener: contextDestroyed()
08-Oct-2023 00:48:45.742 情報 [main] org.apache.catalina.core.ApplicationContext.log ContextListener: contextInitialized()
08-Oct-2023 00:48:45.743 情報 [main] org.apache.catalina.core.ApplicationContext.log SessionListener: contextInitialized()
08-Oct-2023 00:48:45.746 情報 [main] org.apache.catalina.core.ApplicationContext.log ContextListener: attributeAdded('StockTicker', 'async.Stockticker@19569ebd')
08-Oct-2023 00:48:51.637 情報 [main] org.apache.catalina.core.ApplicationContext.log SessionListener: contextDestroyed()
08-Oct-2023 00:48:51.637 情報 [main] org.apache.catalina.core.ApplicationContext.log ContextListener: contextDestroyed()
08-Oct-2023 00:48:54.770 情報 [main] org.apache.catalina.core.ApplicationContext.log ContextListener: contextInitialized()
08-Oct-2023 00:48:54.770 情報 [main] org.apache.catalina.core.ApplicationContext.log SessionListener: contextInitialized()
08-Oct-2023 00:48:54.772 情報 [main] org.apache.catalina.core.ApplicationContext.log ContextListener: attributeAdded('StockTicker', 'async.Stockticker@7ec58feb')
08-Oct-2023 00:57:01.133 情報 [main] org.apache.catalina.core.ApplicationContext.log SessionListener: contextDestroyed()
08-Oct-2023 00:57:01.133 情報 [main] org.apache.catalina.core.ApplicationContext.log ContextListener: contextDestroyed()
08-Oct-2023 00:57:04.461 情報 [main] org.apache.catalina.core.ApplicationContext.log ContextListener: contextInitialized()
08-Oct-2023 00:57:04.462 情報 [main] org.apache.catalina.core.ApplicationContext.log SessionListener: contextInitialized()
08-Oct-2023 00:57:04.464 情報 [main] org.apache.catalina.core.ApplicationContext.log ContextListener: attributeAdded('StockTicker', 'async.Stockticker@19569ebd')
08-Oct-2023 01:04:48.694 情報 [Thread-1] org.apache.catalina.core.ApplicationContext.log SessionListener: contextDestroyed()
08-Oct-2023 01:04:48.694 情報 [Thread-1] org.apache.catalina.core.ApplicationContext.log ContextListener: contextDestroyed()
08-Oct-2023 01:07:46.821 情報 [main] org.apache.catalina.core.ApplicationContext.log ContextListener: contextInitialized()
08-Oct-2023 01:07:46.821 情報 [main] org.apache.catalina.core.ApplicationContext.log SessionListener: contextInitialized()
08-Oct-2023 01:07:46.824 情報 [main] org.apache.catalina.core.ApplicationContext.log ContextListener: attributeAdded('StockTicker', 'async.Stockticker@5631962')
08-Oct-2023 01:09:19.711 情報 [main] org.apache.catalina.core.ApplicationContext.log SessionListener: contextDestroyed()
08-Oct-2023 01:09:19.711 情報 [main] org.apache.catalina.core.ApplicationContext.log ContextListener: contextDestroyed()
08-Oct-2023 01:09:23.434 情報 [main] org.apache.catalina.core.ApplicationContext.log ContextListener: contextInitialized()
08-Oct-2023 01:09:23.434 情報 [main] org.apache.catalina.core.ApplicationContext.log SessionListener: contextInitialized()
08-Oct-2023 01:09:23.437 情報 [main] org.apache.catalina.core.ApplicationContext.log ContextListener: attributeAdded('StockTicker', 'async.Stockticker@6e1f8469')
08-Oct-2023 01:15:01.604 情報 [main] org.apache.catalina.core.ApplicationContext.log SessionListener: contextDestroyed()
08-Oct-2023 01:15:01.604 情報 [main] org.apache.catalina.core.ApplicationContext.log ContextListener: contextDestroyed()
08-Oct-2023 01:15:03.123 情報 [main] org.apache.catalina.core.ApplicationContext.log ContextListener: contextInitialized()
08-Oct-2023 01:15:03.123 情報 [main] org.apache.catalina.core.ApplicationContext.log SessionListener: contextInitialized()
08-Oct-2023 01:15:03.124 情報 [main] org.apache.catalina.core.ApplicationContext.log ContextListener: attributeAdded('StockTicker', 'async.Stockticker@19569ebd')
08-Oct-2023 01:15:55.078 情報 [main] org.apache.catalina.core.ApplicationContext.log SessionListener: contextDestroyed()
08-Oct-2023 01:15:55.078 情報 [main] org.apache.catalina.core.ApplicationContext.log ContextListener: contextDestroyed()
08-Oct-2023 01:15:56.687 情報 [main] org.apache.catalina.core.ApplicationContext.log ContextListener: contextInitialized()
08-Oct-2023 01:15:56.687 情報 [main] org.apache.catalina.core.ApplicationContext.log SessionListener: contextInitialized()
08-Oct-2023 01:15:56.688 情報 [main] org.apache.catalina.core.ApplicationContext.log ContextListener: attributeAdded('StockTicker', 'async.Stockticker@6124287a')
08-Oct-2023 01:16:24.393 情報 [main] org.apache.catalina.core.ApplicationContext.log SessionListener: contextDestroyed()
08-Oct-2023 01:16:24.393 情報 [main] org.apache.catalina.core.ApplicationContext.log ContextListener: contextDestroyed()
08-Oct-2023 01:16:25.943 情報 [main] org.apache.catalina.core.ApplicationContext.log ContextListener: contextInitialized()
08-Oct-2023 01:16:25.943 情報 [main] org.apache.catalina.core.ApplicationContext.log SessionListener: contextInitialized()
08-Oct-2023 01:16:25.945 情報 [main] org.apache.catalina.core.ApplicationContext.log ContextListener: attributeAdded('StockTicker', 'async.Stockticker@7ec58feb')
08-Oct-2023 01:20:03.969 情報 [main] org.apache.catalina.core.ApplicationContext.log SessionListener: contextDestroyed()
08-Oct-2023 01:20:03.969 情報 [main] org.apache.catalina.core.ApplicationContext.log ContextListener: contextDestroyed()
08-Oct-2023 01:20:05.584 情報 [main] org.apache.catalina.core.ApplicationContext.log ContextListener: contextInitialized()
08-Oct-2023 01:20:05.584 情報 [main] org.apache.catalina.core.ApplicationContext.log SessionListener: contextInitialized()
08-Oct-2023 01:20:05.585 情報 [main] org.apache.catalina.core.ApplicationContext.log ContextListener: attributeAdded('StockTicker', 'async.Stockticker@19569ebd')
08-Oct-2023 01:30:36.028 情報 [main] org.apache.catalina.core.ApplicationContext.log SessionListener: contextDestroyed()
08-Oct-2023 01:30:36.028 情報 [main] org.apache.catalina.core.ApplicationContext.log ContextListener: contextDestroyed()
08-Oct-2023 01:30:37.629 情報 [main] org.apache.catalina.core.ApplicationContext.log ContextListener: contextInitialized()
08-Oct-2023 01:30:37.629 情報 [main] org.apache.catalina.core.ApplicationContext.log SessionListener: contextInitialized()
08-Oct-2023 01:30:37.630 情報 [main] org.apache.catalina.core.ApplicationContext.log ContextListener: attributeAdded('StockTicker', 'async.Stockticker@52a70627')
08-Oct-2023 01:38:34.371 情報 [main] org.apache.catalina.core.ApplicationContext.log SessionListener: contextDestroyed()
08-Oct-2023 01:38:34.371 情報 [main] org.apache.catalina.core.ApplicationContext.log ContextListener: contextDestroyed()
08-Oct-2023 01:38:36.033 情報 [main] org.apache.catalina.core.ApplicationContext.log ContextListener: contextInitialized()
08-Oct-2023 01:38:36.033 情報 [main] org.apache.catalina.core.ApplicationContext.log SessionListener: contextInitialized()
08-Oct-2023 01:38:36.034 情報 [main] org.apache.catalina.core.ApplicationContext.log ContextListener: attributeAdded('StockTicker', 'async.Stockticker@19569ebd')
08-Oct-2023 01:41:29.949 情報 [main] org.apache.catalina.core.ApplicationContext.log SessionListener: contextDestroyed()
08-Oct-2023 01:41:29.950 情報 [main] org.apache.catalina.core.ApplicationContext.log ContextListener: contextDestroyed()
08-Oct-2023 01:41:31.564 情報 [main] org.apache.catalina.core.ApplicationContext.log ContextListener: contextInitialized()
08-Oct-2023 01:41:31.564 情報 [main] org.apache.catalina.core.ApplicationContext.log SessionListener: contextInitialized()
08-Oct-2023 01:41:31.565 情報 [main] org.apache.catalina.core.ApplicationContext.log ContextListener: attributeAdded('StockTicker', 'async.Stockticker@7ec58feb')
08-Oct-2023 01:50:32.051 情報 [main] org.apache.catalina.core.ApplicationContext.log SessionListener: contextDestroyed()
08-Oct-2023 01:50:32.052 情報 [main] org.apache.catalina.core.ApplicationContext.log ContextListener: contextDestroyed()
08-Oct-2023 01:50:33.592 情報 [main] org.apache.catalina.core.ApplicationContext.log ContextListener: contextInitialized()
08-Oct-2023 01:50:33.592 情報 [main] org.apache.catalina.core.ApplicationContext.log SessionListener: contextInitialized()
08-Oct-2023 01:50:33.594 情報 [main] org.apache.catalina.core.ApplicationContext.log ContextListener: attributeAdded('StockTicker', 'async.Stockticker@6e1f8469')
08-Oct-2023 01:52:20.802 情報 [main] org.apache.catalina.core.ApplicationContext.log SessionListener: contextDestroyed()
08-Oct-2023 01:52:20.802 情報 [main] org.apache.catalina.core.ApplicationContext.log ContextListener: contextDestroyed()
08-Oct-2023 01:52:22.513 情報 [main] org.apache.catalina.core.ApplicationContext.log ContextListener: contextInitialized()
08-Oct-2023 01:52:22.514 情報 [main] org.apache.catalina.core.ApplicationContext.log SessionListener: contextInitialized()
08-Oct-2023 01:52:22.515 情報 [main] org.apache.catalina.core.ApplicationContext.log ContextListener: attributeAdded('StockTicker', 'async.Stockticker@19569ebd')
08-Oct-2023 01:54:35.581 情報 [main] org.apache.catalina.core.ApplicationContext.log SessionListener: contextDestroyed()
08-Oct-2023 01:54:35.581 情報 [main] org.apache.catalina.core.ApplicationContext.log ContextListener: contextDestroyed()
08-Oct-2023 01:54:37.235 情報 [main] org.apache.catalina.core.ApplicationContext.log ContextListener: contextInitialized()
08-Oct-2023 01:54:37.236 情報 [main] org.apache.catalina.core.ApplicationContext.log SessionListener: contextInitialized()
08-Oct-2023 01:54:37.237 情報 [main] org.apache.catalina.core.ApplicationContext.log ContextListener: attributeAdded('StockTicker', 'async.Stockticker@19569ebd')
08-Oct-2023 02:07:43.788 情報 [main] org.apache.catalina.core.ApplicationContext.log SessionListener: contextDestroyed()
08-Oct-2023 02:07:43.788 情報 [main] org.apache.catalina.core.ApplicationContext.log ContextListener: contextDestroyed()
08-Oct-2023 02:07:45.577 情報 [main] org.apache.catalina.core.ApplicationContext.log ContextListener: contextInitialized()
08-Oct-2023 02:07:45.577 情報 [main] org.apache.catalina.core.ApplicationContext.log SessionListener: contextInitialized()
08-Oct-2023 02:07:45.578 情報 [main] org.apache.catalina.core.ApplicationContext.log ContextListener: attributeAdded('StockTicker', 'async.Stockticker@6e1f8469')
08-Oct-2023 02:10:29.951 情報 [main] org.apache.catalina.core.ApplicationContext.log SessionListener: contextDestroyed()
08-Oct-2023 02:10:29.951 情報 [main] org.apache.catalina.core.ApplicationContext.log ContextListener: contextDestroyed()
08-Oct-2023 02:10:31.566 情報 [main] org.apache.catalina.core.ApplicationContext.log ContextListener: contextInitialized()
08-Oct-2023 02:10:31.567 情報 [main] org.apache.catalina.core.ApplicationContext.log SessionListener: contextInitialized()
08-Oct-2023 02:10:31.568 情報 [main] org.apache.catalina.core.ApplicationContext.log ContextListener: attributeAdded('StockTicker', 'async.Stockticker@7ec58feb')
08-Oct-2023 02:13:56.153 情報 [main] org.apache.catalina.core.ApplicationContext.log SessionListener: contextDestroyed()
08-Oct-2023 02:13:56.153 情報 [main] org.apache.catalina.core.ApplicationContext.log ContextListener: contextDestroyed()
08-Oct-2023 02:13:57.761 情報 [main] org.apache.catalina.core.ApplicationContext.log ContextListener: contextInitialized()
08-Oct-2023 02:13:57.761 情報 [main] org.apache.catalina.core.ApplicationContext.log SessionListener: contextInitialized()
08-Oct-2023 02:13:57.762 情報 [main] org.apache.catalina.core.ApplicationContext.log ContextListener: attributeAdded('StockTicker', 'async.Stockticker@19569ebd')
08-Oct-2023 02:27:53.157 情報 [main] org.apache.catalina.core.ApplicationContext.log SessionListener: contextDestroyed()
08-Oct-2023 02:27:53.157 情報 [main] org.apache.catalina.core.ApplicationContext.log ContextListener: contextDestroyed()
08-Oct-2023 02:27:54.667 情報 [main] org.apache.catalina.core.ApplicationContext.log ContextListener: contextInitialized()
08-Oct-2023 02:27:54.668 情報 [main] org.apache.catalina.core.ApplicationContext.log SessionListener: contextInitialized()
08-Oct-2023 02:27:54.669 情報 [main] org.apache.catalina.core.ApplicationContext.log ContextListener: attributeAdded('StockTicker', 'async.Stockticker@7ec58feb')
08-Oct-2023 02:31:27.803 情報 [main] org.apache.catalina.core.ApplicationContext.log SessionListener: contextDestroyed()
08-Oct-2023 02:31:27.803 情報 [main] org.apache.catalina.core.ApplicationContext.log ContextListener: contextDestroyed()
08-Oct-2023 02:31:29.542 情報 [main] org.apache.catalina.core.ApplicationContext.log ContextListener: contextInitialized()
08-Oct-2023 02:31:29.542 情報 [main] org.apache.catalina.core.ApplicationContext.log SessionListener: contextInitialized()
08-Oct-2023 02:31:29.543 情報 [main] org.apache.catalina.core.ApplicationContext.log ContextListener: attributeAdded('StockTicker', 'async.Stockticker@19569ebd')
08-Oct-2023 02:33:15.939 情報 [main] org.apache.catalina.core.ApplicationContext.log SessionListener: contextDestroyed()
08-Oct-2023 02:33:15.939 情報 [main] org.apache.catalina.core.ApplicationContext.log ContextListener: contextDestroyed()
08-Oct-2023 02:33:17.525 情報 [main] org.apache.catalina.core.ApplicationContext.log ContextListener: contextInitialized()
08-Oct-2023 02:33:17.525 情報 [main] org.apache.catalina.core.ApplicationContext.log SessionListener: contextInitialized()
08-Oct-2023 02:33:17.526 情報 [main] org.apache.catalina.core.ApplicationContext.log ContextListener: attributeAdded('StockTicker', 'async.Stockticker@6e1f8469')
08-Oct-2023 02:33:49.508 情報 [main] org.apache.catalina.core.ApplicationContext.log SessionListener: contextDestroyed()
08-Oct-2023 02:33:49.508 情報 [main] org.apache.catalina.core.ApplicationContext.log ContextListener: contextDestroyed()
08-Oct-2023 02:33:51.113 情報 [main] org.apache.catalina.core.ApplicationContext.log ContextListener: contextInitialized()
08-Oct-2023 02:33:51.113 情報 [main] org.apache.catalina.core.ApplicationContext.log SessionListener: contextInitialized()
08-Oct-2023 02:33:51.114 情報 [main] org.apache.catalina.core.ApplicationContext.log ContextListener: attributeAdded('StockTicker', 'async.Stockticker@19569ebd')
08-Oct-2023 02:38:50.951 情報 [main] org.apache.catalina.core.ApplicationContext.log SessionListener: contextDestroyed()
08-Oct-2023 02:38:50.951 情報 [main] org.apache.catalina.core.ApplicationContext.log ContextListener: contextDestroyed()
08-Oct-2023 02:38:52.534 情報 [main] org.apache.catalina.core.ApplicationContext.log ContextListener: contextInitialized()
08-Oct-2023 02:38:52.535 情報 [main] org.apache.catalina.core.ApplicationContext.log SessionListener: contextInitialized()
08-Oct-2023 02:38:52.536 情報 [main] org.apache.catalina.core.ApplicationContext.log ContextListener: attributeAdded('StockTicker', 'async.Stockticker@19569ebd')
08-Oct-2023 02:39:06.638 情報 [main] org.apache.catalina.core.ApplicationContext.log SessionListener: contextDestroyed()
08-Oct-2023 02:39:06.638 情報 [main] org.apache.catalina.core.ApplicationContext.log ContextListener: contextDestroyed()
08-Oct-2023 02:39:08.200 情報 [main] org.apache.catalina.core.ApplicationContext.log ContextListener: contextInitialized()
08-Oct-2023 02:39:08.201 情報 [main] org.apache.catalina.core.ApplicationContext.log SessionListener: contextInitialized()
08-Oct-2023 02:39:08.202 情報 [main] org.apache.catalina.core.ApplicationContext.log ContextListener: attributeAdded('StockTicker', 'async.Stockticker@6e1f8469')
08-Oct-2023 02:41:26.577 情報 [main] org.apache.catalina.core.ApplicationContext.log SessionListener: contextDestroyed()
08-Oct-2023 02:41:26.577 情報 [main] org.apache.catalina.core.ApplicationContext.log ContextListener: contextDestroyed()
08-Oct-2023 02:41:28.180 情報 [main] org.apache.catalina.core.ApplicationContext.log ContextListener: contextInitialized()
08-Oct-2023 02:41:28.180 情報 [main] org.apache.catalina.core.ApplicationContext.log SessionListener: contextInitialized()
08-Oct-2023 02:41:28.181 情報 [main] org.apache.catalina.core.ApplicationContext.log ContextListener: attributeAdded('StockTicker', 'async.Stockticker@4632cfc')
08-Oct-2023 02:42:11.871 情報 [main] org.apache.catalina.core.ApplicationContext.log SessionListener: contextDestroyed()
08-Oct-2023 02:42:11.871 情報 [main] org.apache.catalina.core.ApplicationContext.log ContextListener: contextDestroyed()
08-Oct-2023 02:42:13.466 情報 [main] org.apache.catalina.core.ApplicationContext.log ContextListener: contextInitialized()
08-Oct-2023 02:42:13.466 情報 [main] org.apache.catalina.core.ApplicationContext.log SessionListener: contextInitialized()
08-Oct-2023 02:42:13.467 情報 [main] org.apache.catalina.core.ApplicationContext.log ContextListener: attributeAdded('StockTicker', 'async.Stockticker@19569ebd')
08-Oct-2023 02:49:03.227 情報 [main] org.apache.catalina.core.ApplicationContext.log SessionListener: contextDestroyed()
08-Oct-2023 02:49:03.227 情報 [main] org.apache.catalina.core.ApplicationContext.log ContextListener: contextDestroyed()
08-Oct-2023 02:49:05.326 情報 [main] org.apache.catalina.core.ApplicationContext.log ContextListener: contextInitialized()
08-Oct-2023 02:49:05.326 情報 [main] org.apache.catalina.core.ApplicationContext.log SessionListener: contextInitialized()
08-Oct-2023 02:49:05.327 情報 [main] org.apache.catalina.core.ApplicationContext.log ContextListener: attributeAdded('StockTicker', 'async.Stockticker@5631962')
08-Oct-2023 02:51:10.389 情報 [main] org.apache.catalina.core.ApplicationContext.log SessionListener: contextDestroyed()
08-Oct-2023 02:51:10.389 情報 [main] org.apache.catalina.core.ApplicationContext.log ContextListener: contextDestroyed()
08-Oct-2023 02:51:11.900 情報 [main] org.apache.catalina.core.ApplicationContext.log ContextListener: contextInitialized()
08-Oct-2023 02:51:11.901 情報 [main] org.apache.catalina.core.ApplicationContext.log SessionListener: contextInitialized()
08-Oct-2023 02:51:11.902 情報 [main] org.apache.catalina.core.ApplicationContext.log ContextListener: attributeAdded('StockTicker', 'async.Stockticker@1e6cc850')
08-Oct-2023 03:07:42.074 情報 [main] org.apache.catalina.core.ApplicationContext.log SessionListener: contextDestroyed()
08-Oct-2023 03:07:42.074 情報 [main] org.apache.catalina.core.ApplicationContext.log ContextListener: contextDestroyed()
08-Oct-2023 03:07:43.631 情報 [main] org.apache.catalina.core.ApplicationContext.log ContextListener: contextInitialized()
08-Oct-2023 03:07:43.631 情報 [main] org.apache.catalina.core.ApplicationContext.log SessionListener: contextInitialized()
08-Oct-2023 03:07:43.632 情報 [main] org.apache.catalina.core.ApplicationContext.log ContextListener: attributeAdded('StockTicker', 'async.Stockticker@52a70627')
08-Oct-2023 03:09:34.146 情報 [main] org.apache.catalina.core.ApplicationContext.log SessionListener: contextDestroyed()
08-Oct-2023 03:09:34.146 情報 [main] org.apache.catalina.core.ApplicationContext.log ContextListener: contextDestroyed()
08-Oct-2023 03:09:35.699 情報 [main] org.apache.catalina.core.ApplicationContext.log ContextListener: contextInitialized()
08-Oct-2023 03:09:35.699 情報 [main] org.apache.catalina.core.ApplicationContext.log SessionListener: contextInitialized()
08-Oct-2023 03:09:35.700 情報 [main] org.apache.catalina.core.ApplicationContext.log ContextListener: attributeAdded('StockTicker', 'async.Stockticker@19569ebd')
08-Oct-2023 03:10:54.534 情報 [main] org.apache.catalina.core.ApplicationContext.log SessionListener: contextDestroyed()
08-Oct-2023 03:10:54.534 情報 [main] org.apache.catalina.core.ApplicationContext.log ContextListener: contextDestroyed()
08-Oct-2023 03:10:56.129 情報 [main] org.apache.catalina.core.ApplicationContext.log ContextListener: contextInitialized()
08-Oct-2023 03:10:56.129 情報 [main] org.apache.catalina.core.ApplicationContext.log SessionListener: contextInitialized()
08-Oct-2023 03:10:56.130 情報 [main] org.apache.catalina.core.ApplicationContext.log ContextListener: attributeAdded('StockTicker', 'async.Stockticker@6e1f8469')
08-Oct-2023 03:13:57.984 情報 [main] org.apache.catalina.core.ApplicationContext.log SessionListener: contextDestroyed()
08-Oct-2023 03:13:57.984 情報 [main] org.apache.catalina.core.ApplicationContext.log ContextListener: contextDestroyed()
08-Oct-2023 03:13:59.641 情報 [main] org.apache.catalina.core.ApplicationContext.log ContextListener: contextInitialized()
08-Oct-2023 03:13:59.641 情報 [main] org.apache.catalina.core.ApplicationContext.log SessionListener: contextInitialized()
08-Oct-2023 03:13:59.642 情報 [main] org.apache.catalina.core.ApplicationContext.log ContextListener: attributeAdded('StockTicker', 'async.Stockticker@6e1f8469')
08-Oct-2023 03:18:59.215 情報 [main] org.apache.catalina.core.ApplicationContext.log SessionListener: contextDestroyed()
08-Oct-2023 03:18:59.215 情報 [main] org.apache.catalina.core.ApplicationContext.log ContextListener: contextDestroyed()
08-Oct-2023 03:19:00.809 情報 [main] org.apache.catalina.core.ApplicationContext.log ContextListener: contextInitialized()
08-Oct-2023 03:19:00.810 情報 [main] org.apache.catalina.core.ApplicationContext.log SessionListener: contextInitialized()
08-Oct-2023 03:19:00.811 情報 [main] org.apache.catalina.core.ApplicationContext.log ContextListener: attributeAdded('StockTicker', 'async.Stockticker@19569ebd')
08-Oct-2023 03:27:11.573 情報 [main] org.apache.catalina.core.ApplicationContext.log SessionListener: contextDestroyed()
08-Oct-2023 03:27:11.574 情報 [main] org.apache.catalina.core.ApplicationContext.log ContextListener: contextDestroyed()
08-Oct-2023 03:27:13.136 情報 [main] org.apache.catalina.core.ApplicationContext.log ContextListener: contextInitialized()
08-Oct-2023 03:27:13.136 情報 [main] org.apache.catalina.core.ApplicationContext.log SessionListener: contextInitialized()
08-Oct-2023 03:27:13.137 情報 [main] org.apache.catalina.core.ApplicationContext.log ContextListener: attributeAdded('StockTicker', 'async.Stockticker@6e1f8469')
08-Oct-2023 03:37:36.401 情報 [main] org.apache.catalina.core.ApplicationContext.log SessionListener: contextDestroyed()
08-Oct-2023 03:37:36.402 情報 [main] org.apache.catalina.core.ApplicationContext.log ContextListener: contextDestroyed()
08-Oct-2023 03:37:38.029 情報 [main] org.apache.catalina.core.ApplicationContext.log ContextListener: contextInitialized()
08-Oct-2023 03:37:38.029 情報 [main] org.apache.catalina.core.ApplicationContext.log SessionListener: contextInitialized()
08-Oct-2023 03:37:38.030 情報 [main] org.apache.catalina.core.ApplicationContext.log ContextListener: attributeAdded('StockTicker', 'async.Stockticker@19569ebd')
08-Oct-2023 03:38:47.723 情報 [main] org.apache.catalina.core.ApplicationContext.log SessionListener: contextDestroyed()
08-Oct-2023 03:38:47.723 情報 [main] org.apache.catalina.core.ApplicationContext.log ContextListener: contextDestroyed()
08-Oct-2023 03:38:49.215 情報 [main] org.apache.catalina.core.ApplicationContext.log ContextListener: contextInitialized()
08-Oct-2023 03:38:49.215 情報 [main] org.apache.catalina.core.ApplicationContext.log SessionListener: contextInitialized()
08-Oct-2023 03:38:49.216 情報 [main] org.apache.catalina.core.ApplicationContext.log ContextListener: attributeAdded('StockTicker', 'async.Stockticker@6e1f8469')
08-Oct-2023 03:40:36.147 情報 [main] org.apache.catalina.core.ApplicationContext.log SessionListener: contextDestroyed()
08-Oct-2023 03:40:36.147 情報 [main] org.apache.catalina.core.ApplicationContext.log ContextListener: contextDestroyed()
08-Oct-2023 03:40:37.810 情報 [main] org.apache.catalina.core.ApplicationContext.log ContextListener: contextInitialized()
08-Oct-2023 03:40:37.811 情報 [main] org.apache.catalina.core.ApplicationContext.log SessionListener: contextInitialized()
08-Oct-2023 03:40:37.812 情報 [main] org.apache.catalina.core.ApplicationContext.log ContextListener: attributeAdded('StockTicker', 'async.Stockticker@52a70627')
08-Oct-2023 03:44:24.330 情報 [main] org.apache.catalina.core.ApplicationContext.log SessionListener: contextDestroyed()
08-Oct-2023 03:44:24.330 情報 [main] org.apache.catalina.core.ApplicationContext.log ContextListener: contextDestroyed()
08-Oct-2023 03:44:25.912 情報 [main] org.apache.catalina.core.ApplicationContext.log ContextListener: contextInitialized()
08-Oct-2023 03:44:25.912 情報 [main] org.apache.catalina.core.ApplicationContext.log SessionListener: contextInitialized()
08-Oct-2023 03:44:25.913 情報 [main] org.apache.catalina.core.ApplicationContext.log ContextListener: attributeAdded('StockTicker', 'async.Stockticker@19569ebd')
08-Oct-2023 03:45:14.773 情報 [main] org.apache.catalina.core.ApplicationContext.log SessionListener: contextDestroyed()
08-Oct-2023 03:45:14.773 情報 [main] org.apache.catalina.core.ApplicationContext.log ContextListener: contextDestroyed()
08-Oct-2023 03:45:16.334 情報 [main] org.apache.catalina.core.ApplicationContext.log ContextListener: contextInitialized()
08-Oct-2023 03:45:16.334 情報 [main] org.apache.catalina.core.ApplicationContext.log SessionListener: contextInitialized()
08-Oct-2023 03:45:16.335 情報 [main] org.apache.catalina.core.ApplicationContext.log ContextListener: attributeAdded('StockTicker', 'async.Stockticker@6e1f8469')
08-Oct-2023 03:49:10.530 情報 [main] org.apache.catalina.core.ApplicationContext.log SessionListener: contextDestroyed()
08-Oct-2023 03:49:10.530 情報 [main] org.apache.catalina.core.ApplicationContext.log ContextListener: contextDestroyed()
08-Oct-2023 03:49:12.170 情報 [main] org.apache.catalina.core.ApplicationContext.log ContextListener: contextInitialized()
08-Oct-2023 03:49:12.170 情報 [main] org.apache.catalina.core.ApplicationContext.log SessionListener: contextInitialized()
08-Oct-2023 03:49:12.171 情報 [main] org.apache.catalina.core.ApplicationContext.log ContextListener: attributeAdded('StockTicker', 'async.Stockticker@19569ebd')
08-Oct-2023 04:04:08.342 情報 [main] org.apache.catalina.core.ApplicationContext.log SessionListener: contextDestroyed()
08-Oct-2023 04:04:08.342 情報 [main] org.apache.catalina.core.ApplicationContext.log ContextListener: contextDestroyed()
08-Oct-2023 04:04:10.068 情報 [main] org.apache.catalina.core.ApplicationContext.log ContextListener: contextInitialized()
08-Oct-2023 04:04:10.068 情報 [main] org.apache.catalina.core.ApplicationContext.log SessionListener: contextInitialized()
08-Oct-2023 04:04:10.069 情報 [main] org.apache.catalina.core.ApplicationContext.log ContextListener: attributeAdded('StockTicker', 'async.Stockticker@19569ebd')
08-Oct-2023 04:05:24.593 情報 [main] org.apache.catalina.core.ApplicationContext.log SessionListener: contextDestroyed()
08-Oct-2023 04:05:24.593 情報 [main] org.apache.catalina.core.ApplicationContext.log ContextListener: contextDestroyed()
08-Oct-2023 04:05:26.069 情報 [main] org.apache.catalina.core.ApplicationContext.log ContextListener: contextInitialized()
08-Oct-2023 04:05:26.069 情報 [main] org.apache.catalina.core.ApplicationContext.log SessionListener: contextInitialized()
08-Oct-2023 04:05:26.070 情報 [main] org.apache.catalina.core.ApplicationContext.log ContextListener: attributeAdded('StockTicker', 'async.Stockticker@6e1f8469')
08-Oct-2023 04:06:54.696 情報 [main] org.apache.catalina.core.ApplicationContext.log SessionListener: contextDestroyed()
08-Oct-2023 04:06:54.696 情報 [main] org.apache.catalina.core.ApplicationContext.log ContextListener: contextDestroyed()
08-Oct-2023 04:06:56.301 情報 [main] org.apache.catalina.core.ApplicationContext.log ContextListener: contextInitialized()
08-Oct-2023 04:06:56.302 情報 [main] org.apache.catalina.core.ApplicationContext.log SessionListener: contextInitialized()
08-Oct-2023 04:06:56.303 情報 [main] org.apache.catalina.core.ApplicationContext.log ContextListener: attributeAdded('StockTicker', 'async.Stockticker@19569ebd')
08-Oct-2023 09:07:16.153 情報 [main] org.apache.catalina.core.ApplicationContext.log SessionListener: contextDestroyed()
08-Oct-2023 09:07:16.154 情報 [main] org.apache.catalina.core.ApplicationContext.log ContextListener: contextDestroyed()
08-Oct-2023 09:07:17.875 情報 [main] org.apache.catalina.core.ApplicationContext.log ContextListener: contextInitialized()
08-Oct-2023 09:07:17.875 情報 [main] org.apache.catalina.core.ApplicationContext.log SessionListener: contextInitialized()
08-Oct-2023 09:07:17.876 情報 [main] org.apache.catalina.core.ApplicationContext.log ContextListener: attributeAdded('StockTicker', 'async.Stockticker@6e1f8469')
